#
# There is insufficient memory for the Java Runtime Environment to continue.
# Native memory allocation (mmap) failed to map 262144 bytes for committing reserved memory.
# Possible reasons:
#   The system is out of physical RAM or swap space
#   In 32 bit mode, the process size limit was hit
# Possible solutions:
#   Reduce memory load on the system
#   Increase physical memory or swap space
#   Check if swap backing store is full
#   Use 64 bit Java on a 64 bit OS
#   Decrease Java heap size (-Xmx/-Xms)
#   Decrease number of Java threads
#   Decrease Java thread stack sizes (-Xss)
#   Set larger code cache with -XX:ReservedCodeCacheSize=
# This output file may be truncated or incomplete.
#
#  Out of Memory Error (os_linux.cpp:2627), pid=8395, tid=140374009440000
#
# JRE version: Java(TM) SE Runtime Environment (8.0_60-b27) (build 1.8.0_60-b27)
# Java VM: Java HotSpot(TM) 64-Bit Server VM (25.60-b23 mixed mode linux-amd64 compressed oops)
# Failed to write core dump. Core dumps have been disabled. To enable core dumping, try "ulimit -c unlimited" before starting Java again
#

---------------  T H R E A D  ---------------

Current thread (0x00007fab80248800):  JavaThread "QuantumRenderer-0" daemon [_thread_in_vm, id=8413, stack(0x00007fab5ee7e000,0x00007fab5ef7f000)]

Stack: [0x00007fab5ee7e000,0x00007fab5ef7f000],  sp=0x00007fab5ef77730,  free space=997k
Native frames: (J=compiled Java code, j=interpreted, Vv=VM code, C=native code)
V  [libjvm.so+0xab97ea]  VMError::report_and_die()+0x2ba
V  [libjvm.so+0x4f9dab]  report_vm_out_of_memory(char const*, int, unsigned long, VMErrorType, char const*)+0x8b
V  [libjvm.so+0x91a7c3]  os::Linux::commit_memory_impl(char*, unsigned long, bool)+0x103
V  [libjvm.so+0x91ad19]  os::pd_commit_memory(char*, unsigned long, unsigned long, bool)+0x29
V  [libjvm.so+0x91502a]  os::commit_memory(char*, unsigned long, unsigned long, bool)+0x2a
V  [libjvm.so+0xab5549]  VirtualSpace::expand_by(unsigned long, bool)+0x199
V  [libjvm.so+0x899936]  VirtualSpaceList::expand_node_by(VirtualSpaceNode*, unsigned long, unsigned long)+0x76
V  [libjvm.so+0x89c750]  VirtualSpaceList::expand_by(unsigned long, unsigned long)+0xf0
V  [libjvm.so+0x89c8e3]  VirtualSpaceList::get_new_chunk(unsigned long, unsigned long, unsigned long)+0xb3
V  [libjvm.so+0x89e432]  SpaceManager::grow_and_allocate(unsigned long)+0x2d2
V  [libjvm.so+0x89e63b]  SpaceManager::allocate_work(unsigned long)+0x14b
V  [libjvm.so+0x89e6cc]  SpaceManager::allocate(unsigned long)+0x7c
V  [libjvm.so+0x89e91e]  Metaspace::allocate(ClassLoaderData*, unsigned long, bool, MetaspaceObj::Type, Thread*)+0x17e
V  [libjvm.so+0x4ef1e5]  ConstantPool::allocate(ClassLoaderData*, int, Thread*)+0x135
V  [libjvm.so+0x45c747]  ClassFileParser::parse_constant_pool(Thread*)+0x387
V  [libjvm.so+0x45e1fb]  ClassFileParser::parseClassFile(Symbol*, ClassLoaderData*, Handle, KlassHandle, GrowableArray<Handle>*, TempNewSymbol&, bool, Thread*)+0x6bb
V  [libjvm.so+0xa2b69f]  SystemDictionary::resolve_from_stream(Symbol*, Handle, Handle, ClassFileStream*, bool, Thread*)+0x17f
V  [libjvm.so+0x70bb5e]  jvm_define_class_common(JNIEnv_*, char const*, _jobject*, signed char const*, int, _jobject*, char const*, unsigned char, Thread*)+0x2ae
V  [libjvm.so+0x710f01]  JVM_DefineClassWithSource+0xe1
C  [libjava.so+0xeb35]  Java_java_lang_ClassLoader_defineClass1+0x155
J 635  java.lang.ClassLoader.defineClass1(Ljava/lang/String;[BIILjava/security/ProtectionDomain;Ljava/lang/String;)Ljava/lang/Class; (0 bytes) @ 0x00007fab7127a9cb [0x00007fab7127a8c0+0x10b]
J 628 C1 java.lang.ClassLoader.defineClass(Ljava/lang/String;[BIILjava/security/ProtectionDomain;)Ljava/lang/Class; (43 bytes) @ 0x00007fab7127ba94 [0x00007fab7127b4c0+0x5d4]
J 497 C1 java.net.URLClassLoader.defineClass(Ljava/lang/String;Lsun/misc/Resource;)Ljava/lang/Class; (142 bytes) @ 0x00007fab7122740c [0x00007fab712258c0+0x1b4c]
J 465 C1 java.net.URLClassLoader$1.run()Ljava/lang/Class; (63 bytes) @ 0x00007fab712063dc [0x00007fab71206120+0x2bc]
J 464 C1 java.net.URLClassLoader$1.run()Ljava/lang/Object; (5 bytes) @ 0x00007fab71205d8c [0x00007fab71205d00+0x8c]
v  ~StubRoutines::call_stub
V  [libjvm.so+0x68bbe6]  JavaCalls::call_helper(JavaValue*, methodHandle*, JavaCallArguments*, Thread*)+0x1056
V  [libjvm.so+0x72482c]  JVM_DoPrivileged+0x27c
J 463  java.security.AccessController.doPrivileged(Ljava/security/PrivilegedExceptionAction;Ljava/security/AccessControlContext;)Ljava/lang/Object; (0 bytes) @ 0x00007fab712006d5 [0x00007fab71200600+0xd5]
J 461 C1 java.net.URLClassLoader.findClass(Ljava/lang/String;)Ljava/lang/Class; (47 bytes) @ 0x00007fab71205104 [0x00007fab71204f80+0x184]
J 200 C1 java.lang.ClassLoader.loadClass(Ljava/lang/String;Z)Ljava/lang/Class; (122 bytes) @ 0x00007fab7116153c [0x00007fab71160be0+0x95c]
J 404 C1 java.lang.ClassLoader.loadClass(Ljava/lang/String;)Ljava/lang/Class; (7 bytes) @ 0x00007fab711dbac4 [0x00007fab711db9c0+0x104]
v  ~StubRoutines::call_stub
V  [libjvm.so+0x68bbe6]  JavaCalls::call_helper(JavaValue*, methodHandle*, JavaCallArguments*, Thread*)+0x1056
V  [libjvm.so+0x68c0f1]  JavaCalls::call_virtual(JavaValue*, KlassHandle, Symbol*, Symbol*, JavaCallArguments*, Thread*)+0x321
V  [libjvm.so+0x68c546]  JavaCalls::call_virtual(JavaValue*, Handle, KlassHandle, Symbol*, Symbol*, Handle, Thread*)+0x56
V  [libjvm.so+0xa30ba0]  SystemDictionary::load_instance_class(Symbol*, Handle, Thread*)+0x3f0
V  [libjvm.so+0xa2fa8c]  SystemDictionary::resolve_instance_class_or_null(Symbol*, Handle, Handle, Thread*)+0x7cc
V  [libjvm.so+0xa30fc3]  SystemDictionary::resolve_or_fail(Symbol*, Handle, Handle, bool, Thread*)+0x33
V  [libjvm.so+0x4f0c58]  ConstantPool::klass_at_impl(constantPoolHandle, int, Thread*)+0x158
V  [libjvm.so+0x6800a1]  InterpreterRuntime::_new(JavaThread*, ConstantPool*, int)+0x71
j  com.sun.openpisces.Renderer.<init>(II)V+5
j  com.sun.prism.impl.shape.OpenPiscesPrismUtils.<clinit>()V+6
v  ~StubRoutines::call_stub
V  [libjvm.so+0x68bbe6]  JavaCalls::call_helper(JavaValue*, methodHandle*, JavaCallArguments*, Thread*)+0x1056
V  [libjvm.so+0x63df47]  InstanceKlass::call_class_initializer_impl(instanceKlassHandle, Thread*)+0xd7
V  [libjvm.so+0x64080c]  InstanceKlass::initialize_impl(instanceKlassHandle, Thread*)+0x1ac
V  [libjvm.so+0x640bd1]  InstanceKlass::initialize(Thread*)+0x41
V  [libjvm.so+0x7f52e6]  LinkResolver::resolve_static_call(CallInfo&, KlassHandle&, Symbol*, Symbol*, KlassHandle, bool, bool, Thread*)+0x246
V  [libjvm.so+0x7f556f]  LinkResolver::resolve_invokestatic(CallInfo&, constantPoolHandle, int, Thread*)+0x23f
V  [libjvm.so+0x7f6621]  LinkResolver::resolve_invoke(CallInfo&, Handle, constantPoolHandle, int, Bytecodes::Code, Thread*)+0x4f1
V  [libjvm.so+0x684b32]  InterpreterRuntime::resolve_invoke(JavaThread*, Bytecodes::Code)+0x1b2
j  com.sun.prism.sw.SWContext$JavaShapeRenderer.renderShape(Lcom/sun/pisces/PiscesRenderer;Lcom/sun/javafx/geom/Shape;Lcom/sun/prism/BasicStroke;Lcom/sun/javafx/geom/transform/BaseTransform;Lcom/sun/javafx/geom/Rectangle;Z)V+27
j  com.sun.prism.sw.SWContext.renderShape(Lcom/sun/pisces/PiscesRenderer;Lcom/sun/javafx/geom/Shape;Lcom/sun/prism/BasicStroke;Lcom/sun/javafx/geom/transform/BaseTransform;Lcom/sun/javafx/geom/Rectangle;Z)V+13
j  com.sun.prism.sw.SWGraphics.paintShapePaintAlreadySet(Lcom/sun/javafx/geom/Shape;Lcom/sun/prism/BasicStroke;Lcom/sun/javafx/geom/transform/BaseTransform;)V+296
j  com.sun.prism.sw.SWGraphics.paintShape(Lcom/sun/javafx/geom/Shape;Lcom/sun/prism/BasicStroke;Lcom/sun/javafx/geom/transform/BaseTransform;)V+70
j  com.sun.prism.sw.SWGraphics.fill(Lcom/sun/javafx/geom/Shape;)V+21
j  com.sun.javafx.sg.prism.NGRegion.renderBackgroundRectanglesDirectly(Lcom/sun/prism/Graphics;FF)V+346
j  com.sun.javafx.sg.prism.NGRegion.renderBackgroundRectangle(Lcom/sun/prism/Graphics;)V+382
j  com.sun.javafx.sg.prism.NGRegion.renderAsRectangle(Lcom/sun/prism/Graphics;)V+12
j  com.sun.javafx.sg.prism.NGRegion.renderContent(Lcom/sun/prism/Graphics;)V+106
j  com.sun.javafx.sg.prism.NGNode.doRender(Lcom/sun/prism/Graphics;)V+330
j  com.sun.javafx.sg.prism.NGNode.render(Lcom/sun/prism/Graphics;)V+34
j  com.sun.javafx.sg.prism.NGGroup.renderContent(Lcom/sun/prism/Graphics;)V+160
j  com.sun.javafx.sg.prism.NGRegion.renderContent(Lcom/sun/prism/Graphics;)V+111
j  com.sun.javafx.sg.prism.NGNode.doRender(Lcom/sun/prism/Graphics;)V+330
j  com.sun.javafx.sg.prism.NGNode.render(Lcom/sun/prism/Graphics;)V+34
j  com.sun.javafx.sg.prism.NGGroup.renderContent(Lcom/sun/prism/Graphics;)V+160
j  com.sun.javafx.sg.prism.NGRegion.renderContent(Lcom/sun/prism/Graphics;)V+111
j  com.sun.javafx.sg.prism.NGNode.renderForClip(Lcom/sun/prism/Graphics;)V+17
j  com.sun.javafx.sg.prism.NGNode.renderRectClip(Lcom/sun/prism/Graphics;Lcom/sun/javafx/sg/prism/NGRectangle;)V+106
j  com.sun.javafx.sg.prism.NGNode.renderClip(Lcom/sun/prism/Graphics;)V+83
j  com.sun.javafx.sg.prism.NGNode.doRender(Lcom/sun/prism/Graphics;)V+285
j  com.sun.javafx.sg.prism.NGNode.render(Lcom/sun/prism/Graphics;)V+34
j  com.sun.javafx.sg.prism.NGGroup.renderContent(Lcom/sun/prism/Graphics;)V+160
j  com.sun.javafx.sg.prism.NGRegion.renderContent(Lcom/sun/prism/Graphics;)V+111
j  com.sun.javafx.sg.prism.NGNode.doRender(Lcom/sun/prism/Graphics;)V+330
j  com.sun.javafx.sg.prism.NGNode.render(Lcom/sun/prism/Graphics;)V+34
j  com.sun.javafx.sg.prism.NGGroup.renderContent(Lcom/sun/prism/Graphics;)V+160
j  com.sun.javafx.sg.prism.NGRegion.renderContent(Lcom/sun/prism/Graphics;)V+111
j  com.sun.javafx.sg.prism.NGNode.doRender(Lcom/sun/prism/Graphics;)V+330
j  com.sun.javafx.sg.prism.NGNode.render(Lcom/sun/prism/Graphics;)V+34
j  com.sun.javafx.sg.prism.NGGroup.renderContent(Lcom/sun/prism/Graphics;)V+160
j  com.sun.javafx.sg.prism.NGRegion.renderContent(Lcom/sun/prism/Graphics;)V+111
j  com.sun.javafx.sg.prism.NGNode.renderForClip(Lcom/sun/prism/Graphics;)V+17
j  com.sun.javafx.sg.prism.NGNode.renderRectClip(Lcom/sun/prism/Graphics;Lcom/sun/javafx/sg/prism/NGRectangle;)V+106
j  com.sun.javafx.sg.prism.NGNode.renderClip(Lcom/sun/prism/Graphics;)V+83
j  com.sun.javafx.sg.prism.NGNode.doRender(Lcom/sun/prism/Graphics;)V+285
j  com.sun.javafx.sg.prism.NGNode.render(Lcom/sun/prism/Graphics;)V+34
j  com.sun.javafx.sg.prism.NGGroup.renderContent(Lcom/sun/prism/Graphics;)V+160
j  com.sun.javafx.sg.prism.NGRegion.renderContent(Lcom/sun/prism/Graphics;)V+111
j  com.sun.javafx.sg.prism.NGNode.renderForClip(Lcom/sun/prism/Graphics;)V+17
j  com.sun.javafx.sg.prism.NGNode.renderRectClip(Lcom/sun/prism/Graphics;Lcom/sun/javafx/sg/prism/NGRectangle;)V+106
j  com.sun.javafx.sg.prism.NGNode.renderClip(Lcom/sun/prism/Graphics;)V+83
j  com.sun.javafx.sg.prism.NGNode.doRender(Lcom/sun/prism/Graphics;)V+285
j  com.sun.javafx.sg.prism.NGNode.render(Lcom/sun/prism/Graphics;)V+34
j  com.sun.javafx.sg.prism.NGGroup.renderContent(Lcom/sun/prism/Graphics;)V+160
j  com.sun.javafx.sg.prism.NGRegion.renderContent(Lcom/sun/prism/Graphics;)V+111
j  com.sun.javafx.sg.prism.NGNode.doRender(Lcom/sun/prism/Graphics;)V+330
j  com.sun.javafx.sg.prism.NGNode.render(Lcom/sun/prism/Graphics;)V+34
...<more frames>...

Java frames: (J=compiled Java code, j=interpreted, Vv=VM code)
J 635  java.lang.ClassLoader.defineClass1(Ljava/lang/String;[BIILjava/security/ProtectionDomain;Ljava/lang/String;)Ljava/lang/Class; (0 bytes) @ 0x00007fab7127a951 [0x00007fab7127a8c0+0x91]
J 628 C1 java.lang.ClassLoader.defineClass(Ljava/lang/String;[BIILjava/security/ProtectionDomain;)Ljava/lang/Class; (43 bytes) @ 0x00007fab7127ba94 [0x00007fab7127b4c0+0x5d4]
J 497 C1 java.net.URLClassLoader.defineClass(Ljava/lang/String;Lsun/misc/Resource;)Ljava/lang/Class; (142 bytes) @ 0x00007fab7122740c [0x00007fab712258c0+0x1b4c]
J 465 C1 java.net.URLClassLoader$1.run()Ljava/lang/Class; (63 bytes) @ 0x00007fab712063dc [0x00007fab71206120+0x2bc]
J 464 C1 java.net.URLClassLoader$1.run()Ljava/lang/Object; (5 bytes) @ 0x00007fab71205d8c [0x00007fab71205d00+0x8c]
v  ~StubRoutines::call_stub
J 463  java.security.AccessController.doPrivileged(Ljava/security/PrivilegedExceptionAction;Ljava/security/AccessControlContext;)Ljava/lang/Object; (0 bytes) @ 0x00007fab71200663 [0x00007fab71200600+0x63]
J 461 C1 java.net.URLClassLoader.findClass(Ljava/lang/String;)Ljava/lang/Class; (47 bytes) @ 0x00007fab71205104 [0x00007fab71204f80+0x184]
J 200 C1 java.lang.ClassLoader.loadClass(Ljava/lang/String;Z)Ljava/lang/Class; (122 bytes) @ 0x00007fab7116153c [0x00007fab71160be0+0x95c]
J 404 C1 java.lang.ClassLoader.loadClass(Ljava/lang/String;)Ljava/lang/Class; (7 bytes) @ 0x00007fab711dbac4 [0x00007fab711db9c0+0x104]
v  ~StubRoutines::call_stub
j  com.sun.openpisces.Renderer.<init>(II)V+5
j  com.sun.prism.impl.shape.OpenPiscesPrismUtils.<clinit>()V+6
v  ~StubRoutines::call_stub
j  com.sun.prism.sw.SWContext$JavaShapeRenderer.renderShape(Lcom/sun/pisces/PiscesRenderer;Lcom/sun/javafx/geom/Shape;Lcom/sun/prism/BasicStroke;Lcom/sun/javafx/geom/transform/BaseTransform;Lcom/sun/javafx/geom/Rectangle;Z)V+27
j  com.sun.prism.sw.SWContext.renderShape(Lcom/sun/pisces/PiscesRenderer;Lcom/sun/javafx/geom/Shape;Lcom/sun/prism/BasicStroke;Lcom/sun/javafx/geom/transform/BaseTransform;Lcom/sun/javafx/geom/Rectangle;Z)V+13
j  com.sun.prism.sw.SWGraphics.paintShapePaintAlreadySet(Lcom/sun/javafx/geom/Shape;Lcom/sun/prism/BasicStroke;Lcom/sun/javafx/geom/transform/BaseTransform;)V+296
j  com.sun.prism.sw.SWGraphics.paintShape(Lcom/sun/javafx/geom/Shape;Lcom/sun/prism/BasicStroke;Lcom/sun/javafx/geom/transform/BaseTransform;)V+70
j  com.sun.prism.sw.SWGraphics.fill(Lcom/sun/javafx/geom/Shape;)V+21
j  com.sun.javafx.sg.prism.NGRegion.renderBackgroundRectanglesDirectly(Lcom/sun/prism/Graphics;FF)V+346
j  com.sun.javafx.sg.prism.NGRegion.renderBackgroundRectangle(Lcom/sun/prism/Graphics;)V+382
j  com.sun.javafx.sg.prism.NGRegion.renderAsRectangle(Lcom/sun/prism/Graphics;)V+12
j  com.sun.javafx.sg.prism.NGRegion.renderContent(Lcom/sun/prism/Graphics;)V+106
j  com.sun.javafx.sg.prism.NGNode.doRender(Lcom/sun/prism/Graphics;)V+330
j  com.sun.javafx.sg.prism.NGNode.render(Lcom/sun/prism/Graphics;)V+34
j  com.sun.javafx.sg.prism.NGGroup.renderContent(Lcom/sun/prism/Graphics;)V+160
j  com.sun.javafx.sg.prism.NGRegion.renderContent(Lcom/sun/prism/Graphics;)V+111
j  com.sun.javafx.sg.prism.NGNode.doRender(Lcom/sun/prism/Graphics;)V+330
j  com.sun.javafx.sg.prism.NGNode.render(Lcom/sun/prism/Graphics;)V+34
j  com.sun.javafx.sg.prism.NGGroup.renderContent(Lcom/sun/prism/Graphics;)V+160
j  com.sun.javafx.sg.prism.NGRegion.renderContent(Lcom/sun/prism/Graphics;)V+111
j  com.sun.javafx.sg.prism.NGNode.renderForClip(Lcom/sun/prism/Graphics;)V+17
j  com.sun.javafx.sg.prism.NGNode.renderRectClip(Lcom/sun/prism/Graphics;Lcom/sun/javafx/sg/prism/NGRectangle;)V+106
j  com.sun.javafx.sg.prism.NGNode.renderClip(Lcom/sun/prism/Graphics;)V+83
j  com.sun.javafx.sg.prism.NGNode.doRender(Lcom/sun/prism/Graphics;)V+285
j  com.sun.javafx.sg.prism.NGNode.render(Lcom/sun/prism/Graphics;)V+34
j  com.sun.javafx.sg.prism.NGGroup.renderContent(Lcom/sun/prism/Graphics;)V+160
j  com.sun.javafx.sg.prism.NGRegion.renderContent(Lcom/sun/prism/Graphics;)V+111
j  com.sun.javafx.sg.prism.NGNode.doRender(Lcom/sun/prism/Graphics;)V+330
j  com.sun.javafx.sg.prism.NGNode.render(Lcom/sun/prism/Graphics;)V+34
j  com.sun.javafx.sg.prism.NGGroup.renderContent(Lcom/sun/prism/Graphics;)V+160
j  com.sun.javafx.sg.prism.NGRegion.renderContent(Lcom/sun/prism/Graphics;)V+111
j  com.sun.javafx.sg.prism.NGNode.doRender(Lcom/sun/prism/Graphics;)V+330
j  com.sun.javafx.sg.prism.NGNode.render(Lcom/sun/prism/Graphics;)V+34
j  com.sun.javafx.sg.prism.NGGroup.renderContent(Lcom/sun/prism/Graphics;)V+160
j  com.sun.javafx.sg.prism.NGRegion.renderContent(Lcom/sun/prism/Graphics;)V+111
j  com.sun.javafx.sg.prism.NGNode.renderForClip(Lcom/sun/prism/Graphics;)V+17
j  com.sun.javafx.sg.prism.NGNode.renderRectClip(Lcom/sun/prism/Graphics;Lcom/sun/javafx/sg/prism/NGRectangle;)V+106
j  com.sun.javafx.sg.prism.NGNode.renderClip(Lcom/sun/prism/Graphics;)V+83
j  com.sun.javafx.sg.prism.NGNode.doRender(Lcom/sun/prism/Graphics;)V+285
j  com.sun.javafx.sg.prism.NGNode.render(Lcom/sun/prism/Graphics;)V+34
j  com.sun.javafx.sg.prism.NGGroup.renderContent(Lcom/sun/prism/Graphics;)V+160
j  com.sun.javafx.sg.prism.NGRegion.renderContent(Lcom/sun/prism/Graphics;)V+111
j  com.sun.javafx.sg.prism.NGNode.renderForClip(Lcom/sun/prism/Graphics;)V+17
j  com.sun.javafx.sg.prism.NGNode.renderRectClip(Lcom/sun/prism/Graphics;Lcom/sun/javafx/sg/prism/NGRectangle;)V+106
j  com.sun.javafx.sg.prism.NGNode.renderClip(Lcom/sun/prism/Graphics;)V+83
j  com.sun.javafx.sg.prism.NGNode.doRender(Lcom/sun/prism/Graphics;)V+285
j  com.sun.javafx.sg.prism.NGNode.render(Lcom/sun/prism/Graphics;)V+34
j  com.sun.javafx.sg.prism.NGGroup.renderContent(Lcom/sun/prism/Graphics;)V+160
j  com.sun.javafx.sg.prism.NGRegion.renderContent(Lcom/sun/prism/Graphics;)V+111
j  com.sun.javafx.sg.prism.NGNode.doRender(Lcom/sun/prism/Graphics;)V+330
j  com.sun.javafx.sg.prism.NGNode.render(Lcom/sun/prism/Graphics;)V+34
j  com.sun.javafx.tk.quantum.ViewPainter.doPaint(Lcom/sun/prism/Graphics;Lcom/sun/javafx/sg/prism/NodePath;)V+201
j  com.sun.javafx.tk.quantum.ViewPainter.paintImpl(Lcom/sun/prism/Graphics;)V+982
j  com.sun.javafx.tk.quantum.UploadingPainter.run()V+719
j  java.util.concurrent.Executors$RunnableAdapter.call()Ljava/lang/Object;+4
j  java.util.concurrent.FutureTask.runAndReset()Z+47
j  com.sun.javafx.tk.RenderJob.run()V+1
j  java.util.concurrent.ThreadPoolExecutor.runWorker(Ljava/util/concurrent/ThreadPoolExecutor$Worker;)V+95
j  java.util.concurrent.ThreadPoolExecutor$Worker.run()V+5
j  com.sun.javafx.tk.quantum.QuantumRenderer$PipelineRunnable.run()V+8
j  java.lang.Thread.run()V+11
v  ~StubRoutines::call_stub

---------------  P R O C E S S  ---------------

Java Threads: ( => current thread )
  0x00007fab10217800 JavaThread "Prism Font Disposer" daemon [_thread_blocked, id=8423, stack(0x00007fab2628a000,0x00007fab2638b000)]
  0x00007fab802fd000 JavaThread "JavaFX-Launcher" [_thread_blocked, id=8422, stack(0x00007fab2705b000,0x00007fab2715c000)]
  0x00007fab802f9800 JavaThread "JavaFX Application Thread" [_thread_in_native, id=8421, stack(0x00007fab2715c000,0x00007fab2725d000)]
  0x00007fab802f5800 JavaThread "Thread-1" daemon [_thread_blocked, id=8420, stack(0x00007fab2725d000,0x00007fab2735e000)]
=>0x00007fab80248800 JavaThread "QuantumRenderer-0" daemon [_thread_in_vm, id=8413, stack(0x00007fab5ee7e000,0x00007fab5ef7f000)]
  0x00007fab80189000 JavaThread "Service Thread" daemon [_thread_blocked, id=8411, stack(0x00007fab5f116000,0x00007fab5f217000)]
  0x00007fab80184000 JavaThread "C1 CompilerThread2" daemon [_thread_blocked, id=8410, stack(0x00007fab5f217000,0x00007fab5f318000)]
  0x00007fab80182800 JavaThread "C2 CompilerThread1" daemon [_thread_blocked, id=8409, stack(0x00007fab5f318000,0x00007fab5f419000)]
  0x00007fab8017f800 JavaThread "C2 CompilerThread0" daemon [_thread_blocked, id=8408, stack(0x00007fab5f419000,0x00007fab5f51a000)]
  0x00007fab8017e000 JavaThread "Signal Dispatcher" daemon [_thread_blocked, id=8407, stack(0x00007fab5f51a000,0x00007fab5f61b000)]
  0x00007fab80146000 JavaThread "Finalizer" daemon [_thread_blocked, id=8406, stack(0x00007fab5fcfd000,0x00007fab5fdfe000)]
  0x00007fab80144000 JavaThread "Reference Handler" daemon [_thread_blocked, id=8405, stack(0x00007fab5fdfe000,0x00007fab5feff000)]
  0x00007fab8000a000 JavaThread "main" [_thread_blocked, id=8399, stack(0x00007fab89ae0000,0x00007fab89be1000)]

Other Threads:
  0x00007fab8013f000 VMThread [stack: 0x00007fab5feff000,0x00007fab60000000] [id=8404]
  0x00007fab8018c000 WatcherThread [stack: 0x00007fab5f015000,0x00007fab5f116000] [id=8412]

VM state:not at safepoint (normal execution)

VM Mutex/Monitor currently owned by a thread: None

Heap:
 PSYoungGen      total 13824K, used 13013K [0x00000000f0b00000, 0x00000000f2600000, 0x0000000100000000)
  eden space 12288K, 93% used [0x00000000f0b00000,0x00000000f1639520,0x00000000f1700000)
  from space 1536K, 98% used [0x00000000f1880000,0x00000000f19fc010,0x00000000f1a00000)
  to   space 1536K, 0% used [0x00000000f1700000,0x00000000f1700000,0x00000000f1880000)
 ParOldGen       total 31744K, used 9992K [0x00000000d2000000, 0x00000000d3f00000, 0x00000000f0b00000)
  object space 31744K, 31% used [0x00000000d2000000,0x00000000d29c2090,0x00000000d3f00000)
 Metaspace       used 14779K, capacity 15552K, committed 15616K, reserved 1062912K
  class space    used 2108K, capacity 2286K, committed 2304K, reserved 1048576K

Card table byte_map: [0x00007fab8673a000,0x00007fab868ab000] byte_map_base: 0x00007fab860aa000

Marking Bits: (ParMarkBitMap*) 0x00007fab88fb8de0
 Begin Bits: [0x00007fab84b40000, 0x00007fab856c0000)
 End Bits:   [0x00007fab856c0000, 0x00007fab86240000)

Polling page: 0x00007fab89c00000

CodeCache: size=245760Kb used=4775Kb max_used=4786Kb free=240984Kb
 bounds [0x00007fab71000000, 0x00007fab714b0000, 0x00007fab80000000]
 total_blobs=1975 nmethods=1432 adapters=456
 compilation: enabled

Compilation events (10 events):
Event: 7.071 Thread 0x00007fab80184000 nmethod 1427 0x00007fab714ab450 code [0x00007fab714ab5a0, 0x00007fab714ab6f0]
Event: 7.143 Thread 0x00007fab80184000 1428       3       com.sun.javafx.geom.transform.BaseTransform::<init> (5 bytes)
Event: 7.143 Thread 0x00007fab80184000 nmethod 1428 0x00007fab714ab790 code [0x00007fab714ab900, 0x00007fab714abab0]
Event: 7.157 Thread 0x00007fab80184000 1429       3       java.lang.Math::min (46 bytes)
Event: 7.161 Thread 0x00007fab80184000 nmethod 1429 0x00007fab714abb50 code [0x00007fab714abcc0, 0x00007fab714ac010]
Event: 7.178 Thread 0x00007fab8017f800 1430       4       java.lang.Math::max (11 bytes)
Event: 7.179 Thread 0x00007fab80184000 1431       3       javafx.scene.layout.CornerRadii::getTopRightVerticalRadius (5 bytes)
Event: 7.180 Thread 0x00007fab80184000 nmethod 1431 0x00007fab714ac090 code [0x00007fab714ac1e0, 0x00007fab714ac330]
Event: 7.180 Thread 0x00007fab80184000 1432       3       javafx.scene.layout.CornerRadii::getTopRightHorizontalRadius (5 bytes)
Event: 7.181 Thread 0x00007fab80184000 nmethod 1432 0x00007fab714ac3d0 code [0x00007fab714ac520, 0x00007fab714ac670]

GC Heap History (4 events):
Event: 3.474 GC heap before
{Heap before GC invocations=1 (full 0):
 PSYoungGen      total 13824K, used 12288K [0x00000000f0b00000, 0x00000000f1a00000, 0x0000000100000000)
  eden space 12288K, 100% used [0x00000000f0b00000,0x00000000f1700000,0x00000000f1700000)
  from space 1536K, 0% used [0x00000000f1880000,0x00000000f1880000,0x00000000f1a00000)
  to   space 1536K, 0% used [0x00000000f1700000,0x00000000f1700000,0x00000000f1880000)
 ParOldGen       total 31744K, used 0K [0x00000000d2000000, 0x00000000d3f00000, 0x00000000f0b00000)
  object space 31744K, 0% used [0x00000000d2000000,0x00000000d2000000,0x00000000d3f00000)
 Metaspace       used 8585K, capacity 8908K, committed 9216K, reserved 1056768K
  class space    used 1064K, capacity 1174K, committed 1280K, reserved 1048576K
Event: 3.504 GC heap after
Heap after GC invocations=1 (full 0):
 PSYoungGen      total 13824K, used 1512K [0x00000000f0b00000, 0x00000000f1a00000, 0x0000000100000000)
  eden space 12288K, 0% used [0x00000000f0b00000,0x00000000f0b00000,0x00000000f1700000)
  from space 1536K, 98% used [0x00000000f1700000,0x00000000f187a020,0x00000000f1880000)
  to   space 1536K, 0% used [0x00000000f1880000,0x00000000f1880000,0x00000000f1a00000)
 ParOldGen       total 31744K, used 64K [0x00000000d2000000, 0x00000000d3f00000, 0x00000000f0b00000)
  object space 31744K, 0% used [0x00000000d2000000,0x00000000d2010000,0x00000000d3f00000)
 Metaspace       used 8585K, capacity 8908K, committed 9216K, reserved 1056768K
  class space    used 1064K, capacity 1174K, committed 1280K, reserved 1048576K
}
Event: 5.132 GC heap before
{Heap before GC invocations=2 (full 0):
 PSYoungGen      total 13824K, used 13800K [0x00000000f0b00000, 0x00000000f1a00000, 0x0000000100000000)
  eden space 12288K, 100% used [0x00000000f0b00000,0x00000000f1700000,0x00000000f1700000)
  from space 1536K, 98% used [0x00000000f1700000,0x00000000f187a020,0x00000000f1880000)
  to   space 1536K, 0% used [0x00000000f1880000,0x00000000f1880000,0x00000000f1a00000)
 ParOldGen       total 31744K, used 64K [0x00000000d2000000, 0x00000000d3f00000, 0x00000000f0b00000)
  object space 31744K, 0% used [0x00000000d2000000,0x00000000d2010000,0x00000000d3f00000)
 Metaspace       used 12100K, capacity 12554K, committed 12672K, reserved 1060864K
  class space    used 1676K, capacity 1829K, committed 1920K, reserved 1048576K
Event: 5.170 GC heap after
Heap after GC invocations=2 (full 0):
 PSYoungGen      total 13824K, used 1520K [0x00000000f0b00000, 0x00000000f2600000, 0x0000000100000000)
  eden space 12288K, 0% used [0x00000000f0b00000,0x00000000f0b00000,0x00000000f1700000)
  from space 1536K, 98% used [0x00000000f1880000,0x00000000f19fc010,0x00000000f1a00000)
  to   space 1536K, 0% used [0x00000000f1700000,0x00000000f1700000,0x00000000f1880000)
 ParOldGen       total 31744K, used 1800K [0x00000000d2000000, 0x00000000d3f00000, 0x00000000f0b00000)
  object space 31744K, 5% used [0x00000000d2000000,0x00000000d21c2080,0x00000000d3f00000)
 Metaspace       used 12100K, capacity 12554K, committed 12672K, reserved 1060864K
  class space    used 1676K, capacity 1829K, committed 1920K, reserved 1048576K
}

Deoptimization events (10 events):
Event: 4.977 Thread 0x00007fab802f9800 Uncommon trap: reason=class_check action=maybe_recompile pc=0x00007fab71118c38 method=java.lang.String.equals(Ljava/lang/Object;)Z @ 8
Event: 4.977 Thread 0x00007fab802f9800 Uncommon trap: reason=class_check action=maybe_recompile pc=0x00007fab71118c38 method=java.lang.String.equals(Ljava/lang/Object;)Z @ 8
Event: 4.983 Thread 0x00007fab802f9800 Uncommon trap: reason=class_check action=maybe_recompile pc=0x00007fab71118c38 method=java.lang.String.equals(Ljava/lang/Object;)Z @ 8
Event: 5.826 Thread 0x00007fab802f9800 Uncommon trap: reason=unstable_if action=reinterpret pc=0x00007fab713187c0 method=javafx.beans.property.ObjectPropertyBase.get()Ljava/lang/Object; @ 9
Event: 5.998 Thread 0x00007fab802f9800 Uncommon trap: reason=array_check action=maybe_recompile pc=0x00007fab71387e38 method=com.sun.javafx.css.SimpleSelector.applies(Ljavafx/css/Styleable;[Ljava/util/Set;I)Z @ 37
Event: 5.998 Thread 0x00007fab802f9800 Uncommon trap: reason=array_check action=maybe_recompile pc=0x00007fab71387e38 method=com.sun.javafx.css.SimpleSelector.applies(Ljavafx/css/Styleable;[Ljava/util/Set;I)Z @ 37
Event: 5.998 Thread 0x00007fab802f9800 Uncommon trap: reason=array_check action=maybe_recompile pc=0x00007fab71387e38 method=com.sun.javafx.css.SimpleSelector.applies(Ljavafx/css/Styleable;[Ljava/util/Set;I)Z @ 37
Event: 5.998 Thread 0x00007fab802f9800 Uncommon trap: reason=array_check action=maybe_recompile pc=0x00007fab71387e38 method=com.sun.javafx.css.SimpleSelector.applies(Ljavafx/css/Styleable;[Ljava/util/Set;I)Z @ 37
Event: 6.226 Thread 0x00007fab802f9800 Uncommon trap: reason=unstable_if action=reinterpret pc=0x00007fab712d6578 method=sun.net.www.ParseUtil.encodePath(Ljava/lang/String;Z)Ljava/lang/String; @ 109
Event: 6.846 Thread 0x00007fab802f9800 Uncommon trap: reason=class_check action=maybe_recompile pc=0x00007fab714006a8 method=javafx.scene.CssStyleHelper.lookup(Ljavafx/css/Styleable;Ljavafx/css/CssMetaData;Lcom/sun/javafx/css/StyleMap;Ljava/util/Set;Ljavafx/css/Styleable;Lcom/sun/javafx/css/Ca

Internal exceptions (10 events):
Event: 0.683 Thread 0x00007fab8000a000 Exception <a 'java/lang/NullPointerException'> (0x00000000f0d883c8) thrown at [/HUDSON/workspace/8-2-build-linux-amd64/jdk8u60/4407/hotspot/src/share/vm/interpreter/linkResolver.cpp, line 1178]
Event: 3.151 Thread 0x00007fab802f9800 Exception <a 'java/lang/NullPointerException'> (0x00000000f1524218) thrown at [/HUDSON/workspace/8-2-build-linux-amd64/jdk8u60/4407/hotspot/src/share/vm/interpreter/linkResolver.cpp, line 1178]
Event: 3.153 Thread 0x00007fab802f9800 Exception <a 'java/lang/NullPointerException'> (0x00000000f1524218) thrown at [/HUDSON/workspace/8-2-build-linux-amd64/jdk8u60/4407/hotspot/src/share/vm/prims/jvm.cpp, line 1390]
Event: 4.252 Thread 0x00007fab802f9800 Exception <a 'java/lang/ArrayIndexOutOfBoundsException': 58> (0x00000000f0ecf238) thrown at [/HUDSON/workspace/8-2-build-linux-amd64/jdk8u60/4407/hotspot/src/share/vm/interpreter/interpreterRuntime.cpp, line 366]
Event: 4.256 Thread 0x00007fab802f9800 Exception <a 'java/lang/ArrayIndexOutOfBoundsException': 18> (0x00000000f0ed00c0) thrown at [/HUDSON/workspace/8-2-build-linux-amd64/jdk8u60/4407/hotspot/src/share/vm/interpreter/interpreterRuntime.cpp, line 366]
Event: 4.256 Thread 0x00007fab802f9800 Exception <a 'java/lang/ArrayIndexOutOfBoundsException': 86> (0x00000000f0ed1468) thrown at [/HUDSON/workspace/8-2-build-linux-amd64/jdk8u60/4407/hotspot/src/share/vm/interpreter/interpreterRuntime.cpp, line 366]
Event: 4.395 Thread 0x00007fab802f9800 Exception <a 'java/lang/ArrayIndexOutOfBoundsException'> (0x00000000f1108f60) thrown at [/HUDSON/workspace/8-2-build-linux-amd64/jdk8u60/4407/hotspot/src/share/vm/runtime/sharedRuntime.cpp, line 605]
Event: 4.401 Thread 0x00007fab802f9800 Exception <a 'java/lang/ArrayIndexOutOfBoundsException'> (0x00000000f110f490) thrown at [/HUDSON/workspace/8-2-build-linux-amd64/jdk8u60/4407/hotspot/src/share/vm/runtime/sharedRuntime.cpp, line 605]
Event: 4.464 Thread 0x00007fab802f9800 Exception <a 'java/lang/ArrayIndexOutOfBoundsException'> (0x00000000f123f8b0) thrown at [/HUDSON/workspace/8-2-build-linux-amd64/jdk8u60/4407/hotspot/src/share/vm/runtime/sharedRuntime.cpp, line 605]
Event: 4.601 Thread 0x00007fab802f9800 Implicit null exception at 0x00007fab71268eb5 to 0x00007fab71269099

Events (10 events):
Event: 7.179 Executing VM operation: RevokeBias
Event: 7.180 Executing VM operation: RevokeBias done
Event: 7.180 loading class com/sun/javafx/geom/Path2D$CornerPrefix
Event: 7.180 loading class com/sun/javafx/geom/Path2D$CornerPrefix done
Event: 7.184 loading class com/sun/prism/impl/shape/OpenPiscesPrismUtils
Event: 7.184 loading class com/sun/prism/impl/shape/OpenPiscesPrismUtils done
Event: 7.187 loading class com/sun/openpisces/Renderer
Event: 7.187 loading class com/sun/openpisces/Renderer done
Event: 7.190 loading class com/sun/openpisces/Curve
Event: 7.190 loading class com/sun/openpisces/Curve done


Dynamic libraries:
00400000-00401000 r-xp 00000000 08:01 935610                             /home/emilvanamerongen/jdk1.8.0_60/jre/bin/java
00600000-00601000 rw-p 00000000 08:01 935610                             /home/emilvanamerongen/jdk1.8.0_60/jre/bin/java
02035000-02056000 rw-p 00000000 00:00 0                                  [heap]
d2000000-d3f00000 rw-p 00000000 00:00 0 
d3f00000-f0b00000 ---p 00000000 00:00 0 
f0b00000-f2600000 rw-p 00000000 00:00 0 
f2600000-100000000 ---p 00000000 00:00 0 
100000000-100240000 rw-p 00000000 00:00 0 
100240000-140000000 ---p 00000000 00:00 0 
7fab08000000-7fab08021000 rw-p 00000000 00:00 0 
7fab08021000-7fab0c000000 ---p 00000000 00:00 0 
7fab10000000-7fab10343000 rw-p 00000000 00:00 0 
7fab10343000-7fab14000000 ---p 00000000 00:00 0 
7fab14000000-7fab14021000 rw-p 00000000 00:00 0 
7fab14021000-7fab18000000 ---p 00000000 00:00 0 
7fab18000000-7fab18022000 rw-p 00000000 00:00 0 
7fab18022000-7fab1c000000 ---p 00000000 00:00 0 
7fab1c000000-7fab1c021000 rw-p 00000000 00:00 0 
7fab1c021000-7fab20000000 ---p 00000000 00:00 0 
7fab20000000-7fab20021000 rw-p 00000000 00:00 0 
7fab20021000-7fab24000000 ---p 00000000 00:00 0 
7fab26077000-7fab2608a000 r--s 00344000 08:01 816278                     /home/emilvanamerongen/jdk1.8.0_60/jre/lib/resources.jar
7fab2608a000-7fab2618a000 rw-p 00000000 00:00 0 
7fab261ca000-7fab2628a000 ---p 00000000 00:00 0 
7fab2628a000-7fab2628d000 ---p 00000000 00:00 0 
7fab2628d000-7fab2638b000 rw-p 00000000 00:00 0                          [stack:8423]
7fab2638b000-7fab26441000 r--p 00000000 08:01 2491936                    /usr/share/fonts/truetype/dejavu/DejaVuSans.ttf
7fab26441000-7fab26455000 r--p 00000000 08:01 935282                     /home/emilvanamerongen/jdk1.8.0_60/jre/lib/fonts/LucidaBrightItalic.ttf
7fab26455000-7fab26468000 r--p 00000000 08:01 935100                     /home/emilvanamerongen/jdk1.8.0_60/jre/lib/fonts/LucidaBrightDemiItalic.ttf
7fab26468000-7fab264b6000 r--p 00000000 08:01 935283                     /home/emilvanamerongen/jdk1.8.0_60/jre/lib/fonts/LucidaSansDemiBold.ttf
7fab264b6000-7fab264c9000 r--p 00000000 08:01 935261                     /home/emilvanamerongen/jdk1.8.0_60/jre/lib/fonts/LucidaBrightDemiBold.ttf
7fab264c9000-7fab26503000 r--p 00000000 08:01 935260                     /home/emilvanamerongen/jdk1.8.0_60/jre/lib/fonts/LucidaTypewriterBold.ttf
7fab26503000-7fab265ae000 r--p 00000000 08:01 935298                     /home/emilvanamerongen/jdk1.8.0_60/jre/lib/fonts/LucidaSansRegular.ttf
7fab265ae000-7fab265ea000 r--p 00000000 08:01 935096                     /home/emilvanamerongen/jdk1.8.0_60/jre/lib/fonts/LucidaTypewriterRegular.ttf
7fab265ea000-7fab2663f000 r--p 00000000 08:01 935267                     /home/emilvanamerongen/jdk1.8.0_60/jre/lib/fonts/LucidaBrightRegular.ttf
7fab2663f000-7fab26643000 r-xp 00000000 08:01 935266                     /home/emilvanamerongen/jdk1.8.0_60/jre/lib/amd64/libjavafx_font_pango.so
7fab26643000-7fab26842000 ---p 00004000 08:01 935266                     /home/emilvanamerongen/jdk1.8.0_60/jre/lib/amd64/libjavafx_font_pango.so
7fab26842000-7fab26843000 rw-p 00003000 08:01 935266                     /home/emilvanamerongen/jdk1.8.0_60/jre/lib/amd64/libjavafx_font_pango.so
7fab26843000-7fab26a43000 rw-p 00000000 00:00 0 
7fab26a43000-7fab26a48000 r--s 00083000 08:01 816310                     /home/emilvanamerongen/jdk1.8.0_60/jre/lib/jfr.jar
7fab26a48000-7fab26a53000 r--s 00000000 08:01 1708572                    /var/cache/fontconfig/945677eb7aeaf62f1d50efc3fb3ec7d8-le64.cache-4
7fab26a53000-7fab26a58000 r-xp 00000000 08:01 935099                     /home/emilvanamerongen/jdk1.8.0_60/jre/lib/amd64/libjavafx_font_freetype.so
7fab26a58000-7fab26c57000 ---p 00005000 08:01 935099                     /home/emilvanamerongen/jdk1.8.0_60/jre/lib/amd64/libjavafx_font_freetype.so
7fab26c57000-7fab26c58000 rw-p 00004000 08:01 935099                     /home/emilvanamerongen/jdk1.8.0_60/jre/lib/amd64/libjavafx_font_freetype.so
7fab26c58000-7fab26c5b000 r-xp 00000000 08:01 935335                     /home/emilvanamerongen/jdk1.8.0_60/jre/lib/amd64/libjavafx_font.so
7fab26c5b000-7fab26e5a000 ---p 00003000 08:01 935335                     /home/emilvanamerongen/jdk1.8.0_60/jre/lib/amd64/libjavafx_font.so
7fab26e5a000-7fab26e5b000 rw-p 00002000 08:01 935335                     /home/emilvanamerongen/jdk1.8.0_60/jre/lib/amd64/libjavafx_font.so
7fab26e5b000-7fab2705b000 rw-p 00000000 00:00 0 
7fab2705b000-7fab2705e000 ---p 00000000 00:00 0 
7fab2705e000-7fab2715c000 rw-p 00000000 00:00 0                          [stack:8422]
7fab2715c000-7fab2715f000 ---p 00000000 00:00 0 
7fab2715f000-7fab2725d000 rw-p 00000000 00:00 0                          [stack:8421]
7fab2725d000-7fab27260000 ---p 00000000 00:00 0 
7fab27260000-7fab2735e000 rw-p 00000000 00:00 0                          [stack:8420]
7fab2735e000-7fab2735f000 ---p 00000000 00:00 0 
7fab2735f000-7fab27b5f000 rw-p 00000000 00:00 0                          [stack:8419]
7fab27b5f000-7fab27b60000 ---p 00000000 00:00 0 
7fab27b60000-7fab28360000 rw-p 00000000 00:00 0                          [stack:8418]
7fab28360000-7fab2836b000 r-xp 00000000 08:01 1967355                    /usr/lib/x86_64-linux-gnu/gio/modules/libdconfsettings.so
7fab2836b000-7fab2856b000 ---p 0000b000 08:01 1967355                    /usr/lib/x86_64-linux-gnu/gio/modules/libdconfsettings.so
7fab2856b000-7fab2856c000 r--p 0000b000 08:01 1967355                    /usr/lib/x86_64-linux-gnu/gio/modules/libdconfsettings.so
7fab2856c000-7fab2856d000 rw-p 0000c000 08:01 1967355                    /usr/lib/x86_64-linux-gnu/gio/modules/libdconfsettings.so
7fab2856d000-7fab28574000 r-xp 00000000 08:01 1582722                    /usr/lib/x86_64-linux-gnu/libogg.so.0.8.1
7fab28574000-7fab28774000 ---p 00007000 08:01 1582722                    /usr/lib/x86_64-linux-gnu/libogg.so.0.8.1
7fab28774000-7fab28775000 r--p 00007000 08:01 1582722                    /usr/lib/x86_64-linux-gnu/libogg.so.0.8.1
7fab28775000-7fab28776000 rw-p 00008000 08:01 1582722                    /usr/lib/x86_64-linux-gnu/libogg.so.0.8.1
7fab28776000-7fab287a2000 r-xp 00000000 08:01 1583000                    /usr/lib/x86_64-linux-gnu/libvorbis.so.0.4.5
7fab287a2000-7fab289a1000 ---p 0002c000 08:01 1583000                    /usr/lib/x86_64-linux-gnu/libvorbis.so.0.4.5
7fab289a1000-7fab289a2000 r--p 0002b000 08:01 1583000                    /usr/lib/x86_64-linux-gnu/libvorbis.so.0.4.5
7fab289a2000-7fab289a3000 rw-p 0002c000 08:01 1583000                    /usr/lib/x86_64-linux-gnu/libvorbis.so.0.4.5
7fab289a3000-7fab289ac000 r-xp 00000000 08:01 1582628                    /usr/lib/x86_64-linux-gnu/libltdl.so.7.3.0
7fab289ac000-7fab28bab000 ---p 00009000 08:01 1582628                    /usr/lib/x86_64-linux-gnu/libltdl.so.7.3.0
7fab28bab000-7fab28bac000 r--p 00008000 08:01 1582628                    /usr/lib/x86_64-linux-gnu/libltdl.so.7.3.0
7fab28bac000-7fab28bad000 rw-p 00009000 08:01 1582628                    /usr/lib/x86_64-linux-gnu/libltdl.so.7.3.0
7fab28bad000-7fab28bc1000 r-xp 00000000 08:01 1574376                    /usr/lib/x86_64-linux-gnu/libtdb.so.1.3.8
7fab28bc1000-7fab28dc0000 ---p 00014000 08:01 1574376                    /usr/lib/x86_64-linux-gnu/libtdb.so.1.3.8
7fab28dc0000-7fab28dc1000 r--p 00013000 08:01 1574376                    /usr/lib/x86_64-linux-gnu/libtdb.so.1.3.8
7fab28dc1000-7fab28dc2000 rw-p 00014000 08:01 1574376                    /usr/lib/x86_64-linux-gnu/libtdb.so.1.3.8
7fab28dc2000-7fab28dc9000 r-xp 00000000 08:01 1583004                    /usr/lib/x86_64-linux-gnu/libvorbisfile.so.3.3.4
7fab28dc9000-7fab28fc8000 ---p 00007000 08:01 1583004                    /usr/lib/x86_64-linux-gnu/libvorbisfile.so.3.3.4
7fab28fc8000-7fab28fc9000 r--p 00006000 08:01 1583004                    /usr/lib/x86_64-linux-gnu/libvorbisfile.so.3.3.4
7fab28fc9000-7fab28fca000 rw-p 00007000 08:01 1583004                    /usr/lib/x86_64-linux-gnu/libvorbisfile.so.3.3.4
7fab28fca000-7fab28fd9000 r-xp 00000000 08:01 1582142                    /usr/lib/x86_64-linux-gnu/libcanberra.so.0.2.5
7fab28fd9000-7fab291d8000 ---p 0000f000 08:01 1582142                    /usr/lib/x86_64-linux-gnu/libcanberra.so.0.2.5
7fab291d8000-7fab291d9000 r--p 0000e000 08:01 1582142                    /usr/lib/x86_64-linux-gnu/libcanberra.so.0.2.5
7fab291d9000-7fab291da000 rw-p 0000f000 08:01 1582142                    /usr/lib/x86_64-linux-gnu/libcanberra.so.0.2.5
7fab291da000-7fab291de000 r-xp 00000000 08:01 1582138                    /usr/lib/x86_64-linux-gnu/libcanberra-gtk.so.0.1.9
7fab291de000-7fab293dd000 ---p 00004000 08:01 1582138                    /usr/lib/x86_64-linux-gnu/libcanberra-gtk.so.0.1.9
7fab293dd000-7fab293de000 r--p 00003000 08:01 1582138                    /usr/lib/x86_64-linux-gnu/libcanberra-gtk.so.0.1.9
7fab293de000-7fab293df000 rw-p 00004000 08:01 1582138                    /usr/lib/x86_64-linux-gnu/libcanberra-gtk.so.0.1.9
7fab293df000-7fab293e4000 r-xp 00000000 08:01 1967610                    /usr/lib/x86_64-linux-gnu/gtk-2.0/modules/libcanberra-gtk-module.so
7fab293e4000-7fab295e3000 ---p 00005000 08:01 1967610                    /usr/lib/x86_64-linux-gnu/gtk-2.0/modules/libcanberra-gtk-module.so
7fab295e3000-7fab295e4000 r--p 00004000 08:01 1967610                    /usr/lib/x86_64-linux-gnu/gtk-2.0/modules/libcanberra-gtk-module.so
7fab295e4000-7fab295e5000 rw-p 00005000 08:01 1967610                    /usr/lib/x86_64-linux-gnu/gtk-2.0/modules/libcanberra-gtk-module.so
7fab295e5000-7fab29614000 r-xp 00000000 08:01 1967592                    /usr/lib/x86_64-linux-gnu/gtk-2.0/2.10.0/engines/libmurrine.so
7fab29614000-7fab29814000 ---p 0002f000 08:01 1967592                    /usr/lib/x86_64-linux-gnu/gtk-2.0/2.10.0/engines/libmurrine.so
7fab29814000-7fab29815000 r--p 0002f000 08:01 1967592                    /usr/lib/x86_64-linux-gnu/gtk-2.0/2.10.0/engines/libmurrine.so
7fab29815000-7fab29816000 rw-p 00030000 08:01 1967592                    /usr/lib/x86_64-linux-gnu/gtk-2.0/2.10.0/engines/libmurrine.so
7fab29816000-7fab29826000 r-xp 00000000 08:01 1579577                    /usr/lib/x86_64-linux-gnu/libunity-gtk2-parser.so.0.0.0
7fab29826000-7fab29a25000 ---p 00010000 08:01 1579577                    /usr/lib/x86_64-linux-gnu/libunity-gtk2-parser.so.0.0.0
7fab29a25000-7fab29a26000 r--p 0000f000 08:01 1579577                    /usr/lib/x86_64-linux-gnu/libunity-gtk2-parser.so.0.0.0
7fab29a26000-7fab29a27000 rw-p 00010000 08:01 1579577                    /usr/lib/x86_64-linux-gnu/libunity-gtk2-parser.so.0.0.0
7fab29a27000-7fab29a2c000 r-xp 00000000 08:01 1974959                    /usr/lib/x86_64-linux-gnu/gtk-2.0/modules/libunity-gtk-module.so
7fab29a2c000-7fab29c2b000 ---p 00005000 08:01 1974959                    /usr/lib/x86_64-linux-gnu/gtk-2.0/modules/libunity-gtk-module.so
7fab29c2b000-7fab29c2c000 r--p 00004000 08:01 1974959                    /usr/lib/x86_64-linux-gnu/gtk-2.0/modules/libunity-gtk-module.so
7fab29c2c000-7fab29c2d000 rw-p 00005000 08:01 1974959                    /usr/lib/x86_64-linux-gnu/gtk-2.0/modules/libunity-gtk-module.so
7fab29c2d000-7fab29c3e000 r-xp 00000000 08:01 1967613                    /usr/lib/x86_64-linux-gnu/gtk-2.0/modules/liboverlay-scrollbar.so
7fab29c3e000-7fab29e3d000 ---p 00011000 08:01 1967613                    /usr/lib/x86_64-linux-gnu/gtk-2.0/modules/liboverlay-scrollbar.so
7fab29e3d000-7fab29e3e000 r--p 00010000 08:01 1967613                    /usr/lib/x86_64-linux-gnu/gtk-2.0/modules/liboverlay-scrollbar.so
7fab29e3e000-7fab29e3f000 rw-p 00011000 08:01 1967613                    /usr/lib/x86_64-linux-gnu/gtk-2.0/modules/liboverlay-scrollbar.so
7fab29e3f000-7fab29e68000 r-xp 00000000 08:01 935429                     /home/emilvanamerongen/jdk1.8.0_60/jre/lib/amd64/libglass.so
7fab29e68000-7fab2a067000 ---p 00029000 08:01 935429                     /home/emilvanamerongen/jdk1.8.0_60/jre/lib/amd64/libglass.so
7fab2a067000-7fab2a06a000 rw-p 00028000 08:01 935429                     /home/emilvanamerongen/jdk1.8.0_60/jre/lib/amd64/libglass.so
7fab2a06a000-7fab2a079000 r-xp 00000000 08:01 935384                     /home/emilvanamerongen/jdk1.8.0_60/jre/lib/amd64/libprism_sw.so
7fab2a079000-7fab2a279000 ---p 0000f000 08:01 935384                     /home/emilvanamerongen/jdk1.8.0_60/jre/lib/amd64/libprism_sw.so
7fab2a279000-7fab2a27a000 rw-p 0000f000 08:01 935384                     /home/emilvanamerongen/jdk1.8.0_60/jre/lib/amd64/libprism_sw.so
7fab2a27a000-7fab2a2b1000 r-xp 00000000 08:01 1582951                    /usr/lib/x86_64-linux-gnu/libtxc_dxtn_s2tc.so.0.0.0
7fab2a2b1000-7fab2a4b0000 ---p 00037000 08:01 1582951                    /usr/lib/x86_64-linux-gnu/libtxc_dxtn_s2tc.so.0.0.0
7fab2a4b0000-7fab2a4b1000 r--p 00036000 08:01 1582951                    /usr/lib/x86_64-linux-gnu/libtxc_dxtn_s2tc.so.0.0.0
7fab2a4b1000-7fab2a4b2000 rw-p 00037000 08:01 1582951                    /usr/lib/x86_64-linux-gnu/libtxc_dxtn_s2tc.so.0.0.0
7fab2a4b2000-7fab2a4b3000 ---p 00000000 00:00 0 
7fab2a4b3000-7fab2acb3000 rw-p 00000000 00:00 0                          [stack:8417]
7fab2acb3000-7fab2acb4000 ---p 00000000 00:00 0 
7fab2acb4000-7fab2b4b4000 rw-p 00000000 00:00 0                          [stack:8416]
7fab2b4b4000-7fab2b4b5000 ---p 00000000 00:00 0 
7fab2b4b5000-7fab2bcb5000 rw-p 00000000 00:00 0                          [stack:8415]
7fab2bcb5000-7fab2bcb6000 ---p 00000000 00:00 0 
7fab2bcb6000-7fab2c4b6000 rw-p 00000000 00:00 0                          [stack:8414]
7fab2c4b6000-7fab2c4db000 r-xp 00000000 08:01 528492                     /lib/x86_64-linux-gnu/libtinfo.so.5.9
7fab2c4db000-7fab2c6da000 ---p 00025000 08:01 528492                     /lib/x86_64-linux-gnu/libtinfo.so.5.9
7fab2c6da000-7fab2c6de000 r--p 00024000 08:01 528492                     /lib/x86_64-linux-gnu/libtinfo.so.5.9
7fab2c6de000-7fab2c6df000 rw-p 00028000 08:01 528492                     /lib/x86_64-linux-gnu/libtinfo.so.5.9
7fab2c6df000-7fab2dedd000 r-xp 00000000 08:01 1581875                    /usr/lib/x86_64-linux-gnu/libLLVM-3.4.so.1
7fab2dedd000-7fab2e06b000 r--p 017fd000 08:01 1581875                    /usr/lib/x86_64-linux-gnu/libLLVM-3.4.so.1
7fab2e06b000-7fab2e06d000 rw-p 0198b000 08:01 1581875                    /usr/lib/x86_64-linux-gnu/libLLVM-3.4.so.1
7fab2e06d000-7fab2e080000 rw-p 00000000 00:00 0 
7fab2e080000-7fab2e26a000 r-xp 00000000 08:01 1575126                    /usr/lib/x86_64-linux-gnu/libgallium.so.0.0.0
7fab2e26a000-7fab2e46a000 ---p 001ea000 08:01 1575126                    /usr/lib/x86_64-linux-gnu/libgallium.so.0.0.0
7fab2e46a000-7fab2e47a000 r--p 001ea000 08:01 1575126                    /usr/lib/x86_64-linux-gnu/libgallium.so.0.0.0
7fab2e47a000-7fab2e47c000 rw-p 001fa000 08:01 1575126                    /usr/lib/x86_64-linux-gnu/libgallium.so.0.0.0
7fab2e47c000-7fab2e644000 rw-p 00000000 00:00 0 
7fab2e644000-7fab2e971000 r-xp 00000000 08:01 1969550                    /usr/lib/x86_64-linux-gnu/dri/swrast_dri.so
7fab2e971000-7fab2eb71000 ---p 0032d000 08:01 1969550                    /usr/lib/x86_64-linux-gnu/dri/swrast_dri.so
7fab2eb71000-7fab2eb80000 r--p 0032d000 08:01 1969550                    /usr/lib/x86_64-linux-gnu/dri/swrast_dri.so
7fab2eb80000-7fab2eb88000 rw-p 0033c000 08:01 1969550                    /usr/lib/x86_64-linux-gnu/dri/swrast_dri.so
7fab2eb88000-7fab2eba8000 rw-p 00000000 00:00 0 
7fab2eba8000-7fab2ebae000 r-xp 00000000 08:01 1582206                    /usr/lib/x86_64-linux-gnu/libdatrie.so.1.3.1
7fab2ebae000-7fab2edad000 ---p 00006000 08:01 1582206                    /usr/lib/x86_64-linux-gnu/libdatrie.so.1.3.1
7fab2edad000-7fab2edae000 r--p 00005000 08:01 1582206                    /usr/lib/x86_64-linux-gnu/libdatrie.so.1.3.1
7fab2edae000-7fab2edaf000 rw-p 00006000 08:01 1582206                    /usr/lib/x86_64-linux-gnu/libdatrie.so.1.3.1
7fab2edaf000-7fab2edb4000 r-xp 00000000 08:01 1582014                    /usr/lib/x86_64-linux-gnu/libXdmcp.so.6.0.0
7fab2edb4000-7fab2efb3000 ---p 00005000 08:01 1582014                    /usr/lib/x86_64-linux-gnu/libXdmcp.so.6.0.0
7fab2efb3000-7fab2efb4000 r--p 00004000 08:01 1582014                    /usr/lib/x86_64-linux-gnu/libXdmcp.so.6.0.0
7fab2efb4000-7fab2efb5000 rw-p 00005000 08:01 1582014                    /usr/lib/x86_64-linux-gnu/libXdmcp.so.6.0.0
7fab2efb5000-7fab2efb7000 r-xp 00000000 08:01 1582003                    /usr/lib/x86_64-linux-gnu/libXau.so.6.0.0
7fab2efb7000-7fab2f1b7000 ---p 00002000 08:01 1582003                    /usr/lib/x86_64-linux-gnu/libXau.so.6.0.0
7fab2f1b7000-7fab2f1b8000 r--p 00002000 08:01 1582003                    /usr/lib/x86_64-linux-gnu/libXau.so.6.0.0
7fab2f1b8000-7fab2f1b9000 rw-p 00003000 08:01 1582003                    /usr/lib/x86_64-linux-gnu/libXau.so.6.0.0
7fab2f1b9000-7fab2f1dd000 r-xp 00000000 08:01 1574878                    /usr/lib/x86_64-linux-gnu/libgraphite2.so.3.0.1
7fab2f1dd000-7fab2f3dc000 ---p 00024000 08:01 1574878                    /usr/lib/x86_64-linux-gnu/libgraphite2.so.3.0.1
7fab2f3dc000-7fab2f3de000 r--p 00023000 08:01 1574878                    /usr/lib/x86_64-linux-gnu/libgraphite2.so.3.0.1
7fab2f3de000-7fab2f3df000 rw-p 00025000 08:01 1574878                    /usr/lib/x86_64-linux-gnu/libgraphite2.so.3.0.1
7fab2f3df000-7fab2f3ec000 r-xp 00000000 08:01 1573510                    /usr/lib/x86_64-linux-gnu/libdrm.so.2.4.0
7fab2f3ec000-7fab2f5eb000 ---p 0000d000 08:01 1573510                    /usr/lib/x86_64-linux-gnu/libdrm.so.2.4.0
7fab2f5eb000-7fab2f5ec000 r--p 0000c000 08:01 1573510                    /usr/lib/x86_64-linux-gnu/libdrm.so.2.4.0
7fab2f5ec000-7fab2f5ed000 rw-p 0000d000 08:01 1573510                    /usr/lib/x86_64-linux-gnu/libdrm.so.2.4.0
7fab2f5ed000-7fab2f5ee000 r-xp 00000000 08:01 1583079                    /usr/lib/x86_64-linux-gnu/libxshmfence.so.1.0.0
7fab2f5ee000-7fab2f7ed000 ---p 00001000 08:01 1583079                    /usr/lib/x86_64-linux-gnu/libxshmfence.so.1.0.0
7fab2f7ed000-7fab2f7ee000 r--p 00000000 08:01 1583079                    /usr/lib/x86_64-linux-gnu/libxshmfence.so.1.0.0
7fab2f7ee000-7fab2f7ef000 rw-p 00001000 08:01 1583079                    /usr/lib/x86_64-linux-gnu/libxshmfence.so.1.0.0
7fab2f7ef000-7fab2f7f4000 r-xp 00000000 08:01 1583063                    /usr/lib/x86_64-linux-gnu/libxcb-sync.so.1.0.0
7fab2f7f4000-7fab2f9f3000 ---p 00005000 08:01 1583063                    /usr/lib/x86_64-linux-gnu/libxcb-sync.so.1.0.0
7fab2f9f3000-7fab2f9f4000 r--p 00004000 08:01 1583063                    /usr/lib/x86_64-linux-gnu/libxcb-sync.so.1.0.0
7fab2f9f4000-7fab2f9f5000 rw-p 00005000 08:01 1583063                    /usr/lib/x86_64-linux-gnu/libxcb-sync.so.1.0.0
7fab2f9f5000-7fab2f9f7000 r-xp 00000000 08:01 1583051                    /usr/lib/x86_64-linux-gnu/libxcb-present.so.0.0.0
7fab2f9f7000-7fab2fbf6000 ---p 00002000 08:01 1583051                    /usr/lib/x86_64-linux-gnu/libxcb-present.so.0.0.0
7fab2fbf6000-7fab2fbf7000 r--p 00001000 08:01 1583051                    /usr/lib/x86_64-linux-gnu/libxcb-present.so.0.0.0
7fab2fbf7000-7fab2fbf8000 rw-p 00002000 08:01 1583051                    /usr/lib/x86_64-linux-gnu/libxcb-present.so.0.0.0
7fab2fbf8000-7fab2fbfa000 r-xp 00000000 08:01 1583043                    /usr/lib/x86_64-linux-gnu/libxcb-dri3.so.0.0.0
7fab2fbfa000-7fab2fdf9000 ---p 00002000 08:01 1583043                    /usr/lib/x86_64-linux-gnu/libxcb-dri3.so.0.0.0
7fab2fdf9000-7fab2fdfa000 r--p 00001000 08:01 1583043                    /usr/lib/x86_64-linux-gnu/libxcb-dri3.so.0.0.0
7fab2fdfa000-7fab2fdfb000 rw-p 00002000 08:01 1583043                    /usr/lib/x86_64-linux-gnu/libxcb-dri3.so.0.0.0
7fab2fdfb000-7fab2fdfe000 r-xp 00000000 08:01 1583041                    /usr/lib/x86_64-linux-gnu/libxcb-dri2.so.0.0.0
7fab2fdfe000-7fab2fffe000 ---p 00003000 08:01 1583041                    /usr/lib/x86_64-linux-gnu/libxcb-dri2.so.0.0.0
7fab2fffe000-7fab2ffff000 r--p 00003000 08:01 1583041                    /usr/lib/x86_64-linux-gnu/libxcb-dri2.so.0.0.0
7fab2ffff000-7fab30000000 rw-p 00004000 08:01 1583041                    /usr/lib/x86_64-linux-gnu/libxcb-dri2.so.0.0.0
7fab30000000-7fab3046b000 rw-p 00000000 00:00 0 
7fab3046b000-7fab34000000 ---p 00000000 00:00 0 
7fab34000000-7fab34001000 r--s 00000000 08:01 1740802                    /var/cache/fontconfig/087e1975ba9a574b140bb1df193bf770-le64.cache-4
7fab34001000-7fab34002000 r--s 00000000 08:01 1736588                    /var/cache/fontconfig/c05880de57d1f5e948fdfacc138775d9-le64.cache-4
7fab34002000-7fab34008000 r--s 00000000 08:01 1736586                    /var/cache/fontconfig/2cd17615ca594fa2959ae173292e504c-le64.cache-4
7fab34008000-7fab34009000 r--s 00000000 08:01 1736585                    /var/cache/fontconfig/e7071f4a29fa870f4323321c154eba04-le64.cache-4
7fab34009000-7fab3400a000 r--s 00000000 08:01 1736584                    /var/cache/fontconfig/0d8c3b2ac0904cb8a57a757ad11a4a08-le64.cache-4
7fab3400a000-7fab34011000 r--s 00000000 08:01 1736583                    /var/cache/fontconfig/a755afe4a08bf5b97852ceb7400b47bc-le64.cache-4
7fab34011000-7fab34015000 r--s 00000000 08:01 1736582                    /var/cache/fontconfig/de156ccd2eddbdc19d37a45b8b2aac9c-le64.cache-4
7fab34015000-7fab34029000 r--s 00000000 08:01 1736581                    /var/cache/fontconfig/04aabc0a78ac019cf9454389977116d2-le64.cache-4
7fab34029000-7fab3402a000 r--s 00000000 08:01 1736580                    /var/cache/fontconfig/1ac9eb803944fde146138c791f5cc56a-le64.cache-4
7fab3402a000-7fab3402e000 r--s 00000000 08:01 1736579                    /var/cache/fontconfig/385c0604a188198f04d133e54aba7fe7-le64.cache-4
7fab3402e000-7fab3402f000 r--s 00000000 08:01 1740801                    /var/cache/fontconfig/9c956a7723ca69a44b382d9179c9802f-le64.cache-4
7fab3402f000-7fab34030000 r--s 00000000 08:01 1736578                    /var/cache/fontconfig/dc05db6664285cc2f12bf69c139ae4c3-le64.cache-4
7fab34030000-7fab34032000 r--s 00000000 08:01 1736577                    /var/cache/fontconfig/767a8244fc0220cfb567a839d0392e0b-le64.cache-4
7fab34032000-7fab34033000 r--s 00000000 08:01 1736576                    /var/cache/fontconfig/4794a0821666d79190d59a36cb4f44b5-le64.cache-4
7fab34033000-7fab34034000 r--s 00000000 08:01 1740800                    /var/cache/fontconfig/9eae20f1ff8cc0a7d125749e875856bd-le64.cache-4
7fab34034000-7fab34036000 r--s 00000000 08:01 1740799                    /var/cache/fontconfig/bf2c1853a9e9b00bb02fe2e9bcf1e201-le64.cache-4
7fab34036000-7fab3403b000 r--s 00000000 08:01 1736575                    /var/cache/fontconfig/8801497958630a81b71ace7c5f9b32a8-le64.cache-4
7fab3403b000-7fab3403f000 r--s 00000000 08:01 1740798                    /var/cache/fontconfig/c57959a16110560c8d0fcea73374aeeb-le64.cache-4
7fab3403f000-7fab34046000 r--s 00000000 08:01 1736574                    /var/cache/fontconfig/3047814df9a2f067bd2d96a2b9c36e5a-le64.cache-4
7fab34046000-7fab3404a000 r--s 00000000 08:01 1740797                    /var/cache/fontconfig/bf3b770c553c462765856025a94f1ce6-le64.cache-4
7fab3404a000-7fab3404b000 r--s 00000000 08:01 1736573                    /var/cache/fontconfig/56cf4f4769d0f4abc89a4895d7bd3ae1-le64.cache-4
7fab3404b000-7fab3404c000 r--s 00000000 08:01 1736572                    /var/cache/fontconfig/b9d506c9ac06c20b433354fa67a72993-le64.cache-4
7fab3404c000-7fab34052000 r--s 00000000 08:01 1736571                    /var/cache/fontconfig/b47c4e1ecd0709278f4910c18777a504-le64.cache-4
7fab34052000-7fab34055000 r--s 00000000 08:01 1740796                    /var/cache/fontconfig/14d493b97896515cad3840ba4896e372-le64.cache-4
7fab34055000-7fab34056000 r--s 00000000 08:01 1740795                    /var/cache/fontconfig/89034621ae2a8922916bb6bfa5799546-le64.cache-4
7fab34056000-7fab34059000 r--s 00000000 08:01 1740794                    /var/cache/fontconfig/e49e89034d371f0f9de17aab02136486-le64.cache-4
7fab34059000-7fab3406c000 r--s 00000000 08:01 1736570                    /var/cache/fontconfig/d52a8644073d54c13679302ca1180695-le64.cache-4
7fab3406c000-7fab34075000 r--s 00000000 08:01 1736569                    /var/cache/fontconfig/3f7329c5293ffd510edef78f73874cfd-le64.cache-4
7fab34075000-7fab34080000 r--s 00000000 08:01 1733943                    /var/cache/fontconfig/d589a48862398ed80a3d6066f4f56f4c-le64.cache-4
7fab34080000-7fab3408a000 r--s 00000000 08:01 1740786                    /var/cache/fontconfig/198d8fcf01c96d0cf813f74fd759bdb7-le64.cache-4
7fab3408a000-7fab34095000 r--s 00000000 08:01 1740784                    /var/cache/fontconfig/83bf95040141907cd45bb53cf7c1c148-le64.cache-4
7fab34095000-7fab3409e000 r--s 00000000 08:01 1740783                    /var/cache/fontconfig/d0972c3d32f097851eb916381fc38920-le64.cache-4
7fab3409e000-7fab340b3000 r-xp 00000000 08:01 1583045                    /usr/lib/x86_64-linux-gnu/libxcb-glx.so.0.0.0
7fab340b3000-7fab342b2000 ---p 00015000 08:01 1583045                    /usr/lib/x86_64-linux-gnu/libxcb-glx.so.0.0.0
7fab342b2000-7fab342b4000 r--p 00014000 08:01 1583045                    /usr/lib/x86_64-linux-gnu/libxcb-glx.so.0.0.0
7fab342b4000-7fab342b5000 rw-p 00016000 08:01 1583045                    /usr/lib/x86_64-linux-gnu/libxcb-glx.so.0.0.0
7fab342b5000-7fab342b6000 r-xp 00000000 08:01 1581997                    /usr/lib/x86_64-linux-gnu/libX11-xcb.so.1.0.0
7fab342b6000-7fab344b5000 ---p 00001000 08:01 1581997                    /usr/lib/x86_64-linux-gnu/libX11-xcb.so.1.0.0
7fab344b5000-7fab344b6000 r--p 00000000 08:01 1581997                    /usr/lib/x86_64-linux-gnu/libX11-xcb.so.1.0.0
7fab344b6000-7fab344b7000 rw-p 00001000 08:01 1581997                    /usr/lib/x86_64-linux-gnu/libX11-xcb.so.1.0.0
7fab344b7000-7fab344d9000 r-xp 00000000 08:01 1573050                    /usr/lib/x86_64-linux-gnu/libglapi.so.0.0.0
7fab344d9000-7fab346d9000 ---p 00022000 08:01 1573050                    /usr/lib/x86_64-linux-gnu/libglapi.so.0.0.0
7fab346d9000-7fab346dc000 r--p 00022000 08:01 1573050                    /usr/lib/x86_64-linux-gnu/libglapi.so.0.0.0
7fab346dc000-7fab346dd000 rw-p 00025000 08:01 1573050                    /usr/lib/x86_64-linux-gnu/libglapi.so.0.0.0
7fab346dd000-7fab346de000 rw-p 00000000 00:00 0 
7fab346de000-7fab3471b000 r-xp 00000000 08:01 524377                     /lib/x86_64-linux-gnu/libpcre.so.3.13.1
7fab3471b000-7fab3491a000 ---p 0003d000 08:01 524377                     /lib/x86_64-linux-gnu/libpcre.so.3.13.1
7fab3491a000-7fab3491b000 r--p 0003c000 08:01 524377                     /lib/x86_64-linux-gnu/libpcre.so.3.13.1
7fab3491b000-7fab3491c000 rw-p 0003d000 08:01 524377                     /lib/x86_64-linux-gnu/libpcre.so.3.13.1
7fab3491c000-7fab34923000 r-xp 00000000 08:01 1574322                    /usr/lib/x86_64-linux-gnu/libffi.so.6.0.1
7fab34923000-7fab34b22000 ---p 00007000 08:01 1574322                    /usr/lib/x86_64-linux-gnu/libffi.so.6.0.1
7fab34b22000-7fab34b23000 r--p 00006000 08:01 1574322                    /usr/lib/x86_64-linux-gnu/libffi.so.6.0.1
7fab34b23000-7fab34b24000 rw-p 00007000 08:01 1574322                    /usr/lib/x86_64-linux-gnu/libffi.so.6.0.1
7fab34b24000-7fab34b4b000 r-xp 00000000 08:01 528455                     /lib/x86_64-linux-gnu/libexpat.so.1.6.0
7fab34b4b000-7fab34d4b000 ---p 00027000 08:01 528455                     /lib/x86_64-linux-gnu/libexpat.so.1.6.0
7fab34d4b000-7fab34d4d000 r--p 00027000 08:01 528455                     /lib/x86_64-linux-gnu/libexpat.so.1.6.0
7fab34d4d000-7fab34d4e000 rw-p 00029000 08:01 528455                     /lib/x86_64-linux-gnu/libexpat.so.1.6.0
7fab34d4e000-7fab34d56000 r-xp 00000000 08:01 1582931                    /usr/lib/x86_64-linux-gnu/libthai.so.0.2.0
7fab34d56000-7fab34f55000 ---p 00008000 08:01 1582931                    /usr/lib/x86_64-linux-gnu/libthai.so.0.2.0
7fab34f55000-7fab34f56000 r--p 00007000 08:01 1582931                    /usr/lib/x86_64-linux-gnu/libthai.so.0.2.0
7fab34f56000-7fab34f57000 rw-p 00008000 08:01 1582931                    /usr/lib/x86_64-linux-gnu/libthai.so.0.2.0
7fab34f57000-7fab34f74000 r-xp 00000000 08:01 1583071                    /usr/lib/x86_64-linux-gnu/libxcb.so.1.1.0
7fab34f74000-7fab35174000 ---p 0001d000 08:01 1583071                    /usr/lib/x86_64-linux-gnu/libxcb.so.1.1.0
7fab35174000-7fab35175000 r--p 0001d000 08:01 1583071                    /usr/lib/x86_64-linux-gnu/libxcb.so.1.1.0
7fab35175000-7fab35176000 rw-p 0001e000 08:01 1583071                    /usr/lib/x86_64-linux-gnu/libxcb.so.1.1.0
7fab35176000-7fab3517e000 r-xp 00000000 08:01 1583057                    /usr/lib/x86_64-linux-gnu/libxcb-render.so.0.0.0
7fab3517e000-7fab3537d000 ---p 00008000 08:01 1583057                    /usr/lib/x86_64-linux-gnu/libxcb-render.so.0.0.0
7fab3537d000-7fab3537e000 r--p 00007000 08:01 1583057                    /usr/lib/x86_64-linux-gnu/libxcb-render.so.0.0.0
7fab3537e000-7fab3537f000 rw-p 00008000 08:01 1583057                    /usr/lib/x86_64-linux-gnu/libxcb-render.so.0.0.0
7fab3537f000-7fab35381000 r-xp 00000000 08:01 1583061                    /usr/lib/x86_64-linux-gnu/libxcb-shm.so.0.0.0
7fab35381000-7fab35580000 ---p 00002000 08:01 1583061                    /usr/lib/x86_64-linux-gnu/libxcb-shm.so.0.0.0
7fab35580000-7fab35581000 r--p 00001000 08:01 1583061                    /usr/lib/x86_64-linux-gnu/libxcb-shm.so.0.0.0
7fab35581000-7fab35582000 rw-p 00002000 08:01 1583061                    /usr/lib/x86_64-linux-gnu/libxcb-shm.so.0.0.0
7fab35582000-7fab355a7000 r-xp 00000000 08:01 525470                     /lib/x86_64-linux-gnu/libpng12.so.0.50.0
7fab355a7000-7fab357a6000 ---p 00025000 08:01 525470                     /lib/x86_64-linux-gnu/libpng12.so.0.50.0
7fab357a6000-7fab357a7000 r--p 00024000 08:01 525470                     /lib/x86_64-linux-gnu/libpng12.so.0.50.0
7fab357a7000-7fab357a8000 rw-p 00025000 08:01 525470                     /lib/x86_64-linux-gnu/libpng12.so.0.50.0
7fab357a8000-7fab35848000 r-xp 00000000 08:01 1573742                    /usr/lib/x86_64-linux-gnu/libpixman-1.so.0.30.2
7fab35848000-7fab35a48000 ---p 000a0000 08:01 1573742                    /usr/lib/x86_64-linux-gnu/libpixman-1.so.0.30.2
7fab35a48000-7fab35a4f000 r--p 000a0000 08:01 1573742                    /usr/lib/x86_64-linux-gnu/libpixman-1.so.0.30.2
7fab35a4f000-7fab35a50000 rw-p 000a7000 08:01 1573742                    /usr/lib/x86_64-linux-gnu/libpixman-1.so.0.30.2
7fab35a50000-7fab35aa3000 r-xp 00000000 08:01 1581971                    /usr/lib/x86_64-linux-gnu/libharfbuzz.so.0.927.0
7fab35aa3000-7fab35ca3000 ---p 00053000 08:01 1581971                    /usr/lib/x86_64-linux-gnu/libharfbuzz.so.0.927.0
7fab35ca3000-7fab35ca4000 r--p 00053000 08:01 1581971                    /usr/lib/x86_64-linux-gnu/libharfbuzz.so.0.927.0
7fab35ca4000-7fab35ca5000 rw-p 00054000 08:01 1581971                    /usr/lib/x86_64-linux-gnu/libharfbuzz.so.0.927.0
7fab35ca5000-7fab35cbc000 r-xp 00000000 08:01 526651                     /lib/x86_64-linux-gnu/libresolv-2.19.so
7fab35cbc000-7fab35ebc000 ---p 00017000 08:01 526651                     /lib/x86_64-linux-gnu/libresolv-2.19.so
7fab35ebc000-7fab35ebd000 r--p 00017000 08:01 526651                     /lib/x86_64-linux-gnu/libresolv-2.19.so
7fab35ebd000-7fab35ebe000 rw-p 00018000 08:01 526651                     /lib/x86_64-linux-gnu/libresolv-2.19.so
7fab35ebe000-7fab35ec0000 rw-p 00000000 00:00 0 
7fab35ec0000-7fab35ee0000 r-xp 00000000 08:01 525266                     /lib/x86_64-linux-gnu/libselinux.so.1
7fab35ee0000-7fab360df000 ---p 00020000 08:01 525266                     /lib/x86_64-linux-gnu/libselinux.so.1
7fab360df000-7fab360e0000 r--p 0001f000 08:01 525266                     /lib/x86_64-linux-gnu/libselinux.so.1
7fab360e0000-7fab360e1000 rw-p 00020000 08:01 525266                     /lib/x86_64-linux-gnu/libselinux.so.1
7fab360e1000-7fab360e3000 rw-p 00000000 00:00 0 
7fab360e3000-7fab360fb000 r-xp 00000000 08:01 528509                     /lib/x86_64-linux-gnu/libz.so.1.2.8
7fab360fb000-7fab362fa000 ---p 00018000 08:01 528509                     /lib/x86_64-linux-gnu/libz.so.1.2.8
7fab362fa000-7fab362fb000 r--p 00017000 08:01 528509                     /lib/x86_64-linux-gnu/libz.so.1.2.8
7fab362fb000-7fab362fc000 rw-p 00018000 08:01 528509                     /lib/x86_64-linux-gnu/libz.so.1.2.8
7fab362fc000-7fab3630d000 r-xp 00000000 08:01 1579568                    /usr/lib/x86_64-linux-gnu/libXext.so.6.4.0
7fab3630d000-7fab3650c000 ---p 00011000 08:01 1579568                    /usr/lib/x86_64-linux-gnu/libXext.so.6.4.0
7fab3650c000-7fab3650d000 r--p 00010000 08:01 1579568                    /usr/lib/x86_64-linux-gnu/libXext.so.6.4.0
7fab3650d000-7fab3650e000 rw-p 00011000 08:01 1579568                    /usr/lib/x86_64-linux-gnu/libXext.so.6.4.0
7fab3650e000-7fab36510000 r-xp 00000000 08:01 1582012                    /usr/lib/x86_64-linux-gnu/libXdamage.so.1.1.0
7fab36510000-7fab3670f000 ---p 00002000 08:01 1582012                    /usr/lib/x86_64-linux-gnu/libXdamage.so.1.1.0
7fab3670f000-7fab36710000 r--p 00001000 08:01 1582012                    /usr/lib/x86_64-linux-gnu/libXdamage.so.1.1.0
7fab36710000-7fab36711000 rw-p 00002000 08:01 1582012                    /usr/lib/x86_64-linux-gnu/libXdamage.so.1.1.0
7fab36711000-7fab36713000 r-xp 00000000 08:01 1582008                    /usr/lib/x86_64-linux-gnu/libXcomposite.so.1.0.0
7fab36713000-7fab36912000 ---p 00002000 08:01 1582008                    /usr/lib/x86_64-linux-gnu/libXcomposite.so.1.0.0
7fab36912000-7fab36913000 r--p 00001000 08:01 1582008                    /usr/lib/x86_64-linux-gnu/libXcomposite.so.1.0.0
7fab36913000-7fab36914000 rw-p 00002000 08:01 1582008                    /usr/lib/x86_64-linux-gnu/libXcomposite.so.1.0.0
7fab36914000-7fab3691d000 r-xp 00000000 08:01 1582010                    /usr/lib/x86_64-linux-gnu/libXcursor.so.1.0.2
7fab3691d000-7fab36b1c000 ---p 00009000 08:01 1582010                    /usr/lib/x86_64-linux-gnu/libXcursor.so.1.0.2
7fab36b1c000-7fab36b1d000 r--p 00008000 08:01 1582010                    /usr/lib/x86_64-linux-gnu/libXcursor.so.1.0.2
7fab36b1d000-7fab36b1e000 rw-p 00009000 08:01 1582010                    /usr/lib/x86_64-linux-gnu/libXcursor.so.1.0.2
7fab36b1e000-7fab36b27000 r-xp 00000000 08:01 1572915                    /usr/lib/x86_64-linux-gnu/libXrandr.so.2.2.0
7fab36b27000-7fab36d26000 ---p 00009000 08:01 1572915                    /usr/lib/x86_64-linux-gnu/libXrandr.so.2.2.0
7fab36d26000-7fab36d27000 r--p 00008000 08:01 1572915                    /usr/lib/x86_64-linux-gnu/libXrandr.so.2.2.0
7fab36d27000-7fab36d28000 rw-p 00009000 08:01 1572915                    /usr/lib/x86_64-linux-gnu/libXrandr.so.2.2.0
7fab36d28000-7fab36d37000 r-xp 00000000 08:01 1574235                    /usr/lib/x86_64-linux-gnu/libXi.so.6.1.0
7fab36d37000-7fab36f36000 ---p 0000f000 08:01 1574235                    /usr/lib/x86_64-linux-gnu/libXi.so.6.1.0
7fab36f36000-7fab36f37000 r--p 0000e000 08:01 1574235                    /usr/lib/x86_64-linux-gnu/libXi.so.6.1.0
7fab36f37000-7fab36f38000 rw-p 0000f000 08:01 1574235                    /usr/lib/x86_64-linux-gnu/libXi.so.6.1.0
7fab36f38000-7fab36f3a000 r-xp 00000000 08:01 1582026                    /usr/lib/x86_64-linux-gnu/libXinerama.so.1.0.0
7fab36f3a000-7fab37139000 ---p 00002000 08:01 1582026                    /usr/lib/x86_64-linux-gnu/libXinerama.so.1.0.0
7fab37139000-7fab3713a000 r--p 00001000 08:01 1582026                    /usr/lib/x86_64-linux-gnu/libXinerama.so.1.0.0
7fab3713a000-7fab3713b000 rw-p 00002000 08:01 1582026                    /usr/lib/x86_64-linux-gnu/libXinerama.so.1.0.0
7fab3713b000-7fab37144000 r-xp 00000000 08:01 1575136                    /usr/lib/x86_64-linux-gnu/libXrender.so.1.3.0
7fab37144000-7fab37343000 ---p 00009000 08:01 1575136                    /usr/lib/x86_64-linux-gnu/libXrender.so.1.3.0
7fab37343000-7fab37344000 r--p 00008000 08:01 1575136                    /usr/lib/x86_64-linux-gnu/libXrender.so.1.3.0
7fab37344000-7fab37345000 rw-p 00009000 08:01 1575136                    /usr/lib/x86_64-linux-gnu/libXrender.so.1.3.0
7fab37345000-7fab3734a000 r-xp 00000000 08:01 1575139                    /usr/lib/x86_64-linux-gnu/libXfixes.so.3.1.0
7fab3734a000-7fab37549000 ---p 00005000 08:01 1575139                    /usr/lib/x86_64-linux-gnu/libXfixes.so.3.1.0
7fab37549000-7fab3754a000 r--p 00004000 08:01 1575139                    /usr/lib/x86_64-linux-gnu/libXfixes.so.3.1.0
7fab3754a000-7fab3754b000 rw-p 00005000 08:01 1575139                    /usr/lib/x86_64-linux-gnu/libXfixes.so.3.1.0
7fab3754b000-7fab37561000 r-xp 00000000 08:01 525271                     /lib/x86_64-linux-gnu/libgcc_s.so.1
7fab37561000-7fab37760000 ---p 00016000 08:01 525271                     /lib/x86_64-linux-gnu/libgcc_s.so.1
7fab37760000-7fab37761000 rw-p 00015000 08:01 525271                     /lib/x86_64-linux-gnu/libgcc_s.so.1
7fab37761000-7fab37847000 r-xp 00000000 08:01 1577116                    /usr/lib/x86_64-linux-gnu/libstdc++.so.6.0.19
7fab37847000-7fab37a46000 ---p 000e6000 08:01 1577116                    /usr/lib/x86_64-linux-gnu/libstdc++.so.6.0.19
7fab37a46000-7fab37a4e000 r--p 000e5000 08:01 1577116                    /usr/lib/x86_64-linux-gnu/libstdc++.so.6.0.19
7fab37a4e000-7fab37a50000 rw-p 000ed000 08:01 1577116                    /usr/lib/x86_64-linux-gnu/libstdc++.so.6.0.19
7fab37a50000-7fab37a65000 rw-p 00000000 00:00 0 
7fab37a65000-7fab37ac7000 r-xp 00000000 08:01 1970555                    /usr/lib/x86_64-linux-gnu/mesa/libGL.so.1.2.0
7fab37ac7000-7fab37cc6000 ---p 00062000 08:01 1970555                    /usr/lib/x86_64-linux-gnu/mesa/libGL.so.1.2.0
7fab37cc6000-7fab37cc9000 r--p 00061000 08:01 1970555                    /usr/lib/x86_64-linux-gnu/mesa/libGL.so.1.2.0
7fab37cc9000-7fab37cca000 rw-p 00064000 08:01 1970555                    /usr/lib/x86_64-linux-gnu/mesa/libGL.so.1.2.0
7fab37cca000-7fab37ccb000 rw-p 00000000 00:00 0 
7fab37ccb000-7fab37dfb000 r-xp 00000000 08:01 1581999                    /usr/lib/x86_64-linux-gnu/libX11.so.6.3.0
7fab37dfb000-7fab37ffb000 ---p 00130000 08:01 1581999                    /usr/lib/x86_64-linux-gnu/libX11.so.6.3.0
7fab37ffb000-7fab37ffc000 r--p 00130000 08:01 1581999                    /usr/lib/x86_64-linux-gnu/libX11.so.6.3.0
7fab37ffc000-7fab38000000 rw-p 00131000 08:01 1581999                    /usr/lib/x86_64-linux-gnu/libX11.so.6.3.0
7fab38000000-7fab38021000 rw-p 00000000 00:00 0 
7fab38021000-7fab3c000000 ---p 00000000 00:00 0 
7fab3c000000-7fab3c021000 rw-p 00000000 00:00 0 
7fab3c021000-7fab40000000 ---p 00000000 00:00 0 
7fab40000000-7fab402e6000 rw-p 00000000 00:00 0 
7fab402e6000-7fab44000000 ---p 00000000 00:00 0 
7fab44000000-7fab44285000 rw-p 00000000 00:00 0 
7fab44285000-7fab48000000 ---p 00000000 00:00 0 
7fab48000000-7fab48021000 rw-p 00000000 00:00 0 
7fab48021000-7fab4c000000 ---p 00000000 00:00 0 
7fab4c000000-7fab4c289000 rw-p 00000000 00:00 0 
7fab4c289000-7fab50000000 ---p 00000000 00:00 0 
7fab50000000-7fab50021000 rw-p 00000000 00:00 0 
7fab50021000-7fab54000000 ---p 00000000 00:00 0 
7fab54000000-7fab54021000 rw-p 00000000 00:00 0 
7fab54021000-7fab58000000 ---p 00000000 00:00 0 
7fab58000000-7fab58021000 rw-p 00000000 00:00 0 
7fab58021000-7fab5c000000 ---p 00000000 00:00 0 
7fab5c000000-7fab5c002000 r--s 00000000 08:01 1740793                    /var/cache/fontconfig/4b14b093aebc79c320de5e86ae1d3314-le64.cache-4
7fab5c002000-7fab5c003000 r--s 00000000 08:01 1740792                    /var/cache/fontconfig/8a687c406b77f27d99abfeeba937fcce-le64.cache-4
7fab5c003000-7fab5c005000 r--s 00000000 08:01 1740791                    /var/cache/fontconfig/65f976e5259cbe6dc7697b8648396239-le64.cache-4
7fab5c005000-7fab5c006000 r--s 00000000 08:01 1740790                    /var/cache/fontconfig/94f7fe9bd33aadfac165873bd010d595-le64.cache-4
7fab5c006000-7fab5c008000 r--s 00000000 08:01 1740789                    /var/cache/fontconfig/423767150eb258c59035de29db6fca84-le64.cache-4
7fab5c008000-7fab5c00c000 r-xp 00000000 08:01 1582054                    /usr/lib/x86_64-linux-gnu/libXxf86vm.so.1.0.0
7fab5c00c000-7fab5c20c000 ---p 00004000 08:01 1582054                    /usr/lib/x86_64-linux-gnu/libXxf86vm.so.1.0.0
7fab5c20c000-7fab5c20d000 r--p 00004000 08:01 1582054                    /usr/lib/x86_64-linux-gnu/libXxf86vm.so.1.0.0
7fab5c20d000-7fab5c20e000 rw-p 00005000 08:01 1582054                    /usr/lib/x86_64-linux-gnu/libXxf86vm.so.1.0.0
7fab5c20e000-7fab5c213000 r-xp 00000000 08:01 1582044                    /usr/lib/x86_64-linux-gnu/libXtst.so.6.1.0
7fab5c213000-7fab5c412000 ---p 00005000 08:01 1582044                    /usr/lib/x86_64-linux-gnu/libXtst.so.6.1.0
7fab5c412000-7fab5c413000 r--p 00004000 08:01 1582044                    /usr/lib/x86_64-linux-gnu/libXtst.so.6.1.0
7fab5c413000-7fab5c414000 rw-p 00005000 08:01 1582044                    /usr/lib/x86_64-linux-gnu/libXtst.so.6.1.0
7fab5c414000-7fab5c51a000 r-xp 00000000 08:01 528311                     /lib/x86_64-linux-gnu/libglib-2.0.so.0.4002.0
7fab5c51a000-7fab5c719000 ---p 00106000 08:01 528311                     /lib/x86_64-linux-gnu/libglib-2.0.so.0.4002.0
7fab5c719000-7fab5c71a000 r--p 00105000 08:01 528311                     /lib/x86_64-linux-gnu/libglib-2.0.so.0.4002.0
7fab5c71a000-7fab5c71b000 rw-p 00106000 08:01 528311                     /lib/x86_64-linux-gnu/libglib-2.0.so.0.4002.0
7fab5c71b000-7fab5c71c000 rw-p 00000000 00:00 0 
7fab5c71c000-7fab5c71d000 r-xp 00000000 08:01 1573249                    /usr/lib/x86_64-linux-gnu/libgthread-2.0.so.0.4002.0
7fab5c71d000-7fab5c91c000 ---p 00001000 08:01 1573249                    /usr/lib/x86_64-linux-gnu/libgthread-2.0.so.0.4002.0
7fab5c91c000-7fab5c91d000 r--p 00000000 08:01 1573249                    /usr/lib/x86_64-linux-gnu/libgthread-2.0.so.0.4002.0
7fab5c91d000-7fab5c91e000 rw-p 00001000 08:01 1573249                    /usr/lib/x86_64-linux-gnu/libgthread-2.0.so.0.4002.0
7fab5c91e000-7fab5c921000 r-xp 00000000 08:01 1573228                    /usr/lib/x86_64-linux-gnu/libgmodule-2.0.so.0.4002.0
7fab5c921000-7fab5cb20000 ---p 00003000 08:01 1573228                    /usr/lib/x86_64-linux-gnu/libgmodule-2.0.so.0.4002.0
7fab5cb20000-7fab5cb21000 r--p 00002000 08:01 1573228                    /usr/lib/x86_64-linux-gnu/libgmodule-2.0.so.0.4002.0
7fab5cb21000-7fab5cb22000 rw-p 00003000 08:01 1573228                    /usr/lib/x86_64-linux-gnu/libgmodule-2.0.so.0.4002.0
7fab5cb22000-7fab5cb71000 r-xp 00000000 08:01 1573246                    /usr/lib/x86_64-linux-gnu/libgobject-2.0.so.0.4002.0
7fab5cb71000-7fab5cd71000 ---p 0004f000 08:01 1573246                    /usr/lib/x86_64-linux-gnu/libgobject-2.0.so.0.4002.0
7fab5cd71000-7fab5cd72000 r--p 0004f000 08:01 1573246                    /usr/lib/x86_64-linux-gnu/libgobject-2.0.so.0.4002.0
7fab5cd72000-7fab5cd73000 rw-p 00050000 08:01 1573246                    /usr/lib/x86_64-linux-gnu/libgobject-2.0.so.0.4002.0
7fab5cd73000-7fab5cdad000 r-xp 00000000 08:01 1575111                    /usr/lib/x86_64-linux-gnu/libfontconfig.so.1.8.0
7fab5cdad000-7fab5cfac000 ---p 0003a000 08:01 1575111                    /usr/lib/x86_64-linux-gnu/libfontconfig.so.1.8.0
7fab5cfac000-7fab5cfae000 r--p 00039000 08:01 1575111                    /usr/lib/x86_64-linux-gnu/libfontconfig.so.1.8.0
7fab5cfae000-7fab5cfaf000 rw-p 0003b000 08:01 1575111                    /usr/lib/x86_64-linux-gnu/libfontconfig.so.1.8.0
7fab5cfaf000-7fab5d04c000 r-xp 00000000 08:01 1573111                    /usr/lib/x86_64-linux-gnu/libfreetype.so.6.11.1
7fab5d04c000-7fab5d24b000 ---p 0009d000 08:01 1573111                    /usr/lib/x86_64-linux-gnu/libfreetype.so.6.11.1
7fab5d24b000-7fab5d251000 r--p 0009c000 08:01 1573111                    /usr/lib/x86_64-linux-gnu/libfreetype.so.6.11.1
7fab5d251000-7fab5d252000 rw-p 000a2000 08:01 1573111                    /usr/lib/x86_64-linux-gnu/libfreetype.so.6.11.1
7fab5d252000-7fab5d29c000 r-xp 00000000 08:01 1574394                    /usr/lib/x86_64-linux-gnu/libpango-1.0.so.0.3600.3
7fab5d29c000-7fab5d49c000 ---p 0004a000 08:01 1574394                    /usr/lib/x86_64-linux-gnu/libpango-1.0.so.0.3600.3
7fab5d49c000-7fab5d49e000 r--p 0004a000 08:01 1574394                    /usr/lib/x86_64-linux-gnu/libpango-1.0.so.0.3600.3
7fab5d49e000-7fab5d49f000 rw-p 0004c000 08:01 1574394                    /usr/lib/x86_64-linux-gnu/libpango-1.0.so.0.3600.3
7fab5d49f000-7fab5d5a5000 r-xp 00000000 08:01 1573006                    /usr/lib/x86_64-linux-gnu/libcairo.so.2.11301.0
7fab5d5a5000-7fab5d7a4000 ---p 00106000 08:01 1573006                    /usr/lib/x86_64-linux-gnu/libcairo.so.2.11301.0
7fab5d7a4000-7fab5d7a7000 r--p 00105000 08:01 1573006                    /usr/lib/x86_64-linux-gnu/libcairo.so.2.11301.0
7fab5d7a7000-7fab5d7a8000 rw-p 00108000 08:01 1573006                    /usr/lib/x86_64-linux-gnu/libcairo.so.2.11301.0
7fab5d7a8000-7fab5d7aa000 rw-p 00000000 00:00 0 
7fab5d7aa000-7fab5d7b5000 r-xp 00000000 08:01 1574392                    /usr/lib/x86_64-linux-gnu/libpangocairo-1.0.so.0.3600.3
7fab5d7b5000-7fab5d9b5000 ---p 0000b000 08:01 1574392                    /usr/lib/x86_64-linux-gnu/libpangocairo-1.0.so.0.3600.3
7fab5d9b5000-7fab5d9b6000 r--p 0000b000 08:01 1574392                    /usr/lib/x86_64-linux-gnu/libpangocairo-1.0.so.0.3600.3
7fab5d9b6000-7fab5d9b7000 rw-p 0000c000 08:01 1574392                    /usr/lib/x86_64-linux-gnu/libpangocairo-1.0.so.0.3600.3
7fab5d9b7000-7fab5d9d7000 r-xp 00000000 08:01 1573638                    /usr/lib/x86_64-linux-gnu/libgdk_pixbuf-2.0.so.0.3000.7
7fab5d9d7000-7fab5dbd6000 ---p 00020000 08:01 1573638                    /usr/lib/x86_64-linux-gnu/libgdk_pixbuf-2.0.so.0.3000.7
7fab5dbd6000-7fab5dbd7000 r--p 0001f000 08:01 1573638                    /usr/lib/x86_64-linux-gnu/libgdk_pixbuf-2.0.so.0.3000.7
7fab5dbd7000-7fab5dbd8000 rw-p 00020000 08:01 1573638                    /usr/lib/x86_64-linux-gnu/libgdk_pixbuf-2.0.so.0.3000.7
7fab5dbd8000-7fab5dbec000 r-xp 00000000 08:01 1582737                    /usr/lib/x86_64-linux-gnu/libpangoft2-1.0.so.0.3600.3
7fab5dbec000-7fab5ddeb000 ---p 00014000 08:01 1582737                    /usr/lib/x86_64-linux-gnu/libpangoft2-1.0.so.0.3600.3
7fab5ddeb000-7fab5ddec000 r--p 00013000 08:01 1582737                    /usr/lib/x86_64-linux-gnu/libpangoft2-1.0.so.0.3600.3
7fab5ddec000-7fab5dded000 rw-p 00014000 08:01 1582737                    /usr/lib/x86_64-linux-gnu/libpangoft2-1.0.so.0.3600.3
7fab5dded000-7fab5df59000 r-xp 00000000 08:01 1573250                    /usr/lib/x86_64-linux-gnu/libgio-2.0.so.0.4002.0
7fab5df59000-7fab5e158000 ---p 0016c000 08:01 1573250                    /usr/lib/x86_64-linux-gnu/libgio-2.0.so.0.4002.0
7fab5e158000-7fab5e15c000 r--p 0016b000 08:01 1573250                    /usr/lib/x86_64-linux-gnu/libgio-2.0.so.0.4002.0
7fab5e15c000-7fab5e15e000 rw-p 0016f000 08:01 1573250                    /usr/lib/x86_64-linux-gnu/libgio-2.0.so.0.4002.0
7fab5e15e000-7fab5e160000 rw-p 00000000 00:00 0 
7fab5e160000-7fab5e17f000 r-xp 00000000 08:01 1582095                    /usr/lib/x86_64-linux-gnu/libatk-1.0.so.0.21009.1
7fab5e17f000-7fab5e37f000 ---p 0001f000 08:01 1582095                    /usr/lib/x86_64-linux-gnu/libatk-1.0.so.0.21009.1
7fab5e37f000-7fab5e381000 r--p 0001f000 08:01 1582095                    /usr/lib/x86_64-linux-gnu/libatk-1.0.so.0.21009.1
7fab5e381000-7fab5e382000 rw-p 00021000 08:01 1582095                    /usr/lib/x86_64-linux-gnu/libatk-1.0.so.0.21009.1
7fab5e382000-7fab5e42f000 r-xp 00000000 08:01 1573117                    /usr/lib/x86_64-linux-gnu/libgdk-x11-2.0.so.0.2400.23
7fab5e42f000-7fab5e62f000 ---p 000ad000 08:01 1573117                    /usr/lib/x86_64-linux-gnu/libgdk-x11-2.0.so.0.2400.23
7fab5e62f000-7fab5e633000 r--p 000ad000 08:01 1573117                    /usr/lib/x86_64-linux-gnu/libgdk-x11-2.0.so.0.2400.23
7fab5e633000-7fab5e635000 rw-p 000b1000 08:01 1573117                    /usr/lib/x86_64-linux-gnu/libgdk-x11-2.0.so.0.2400.23
7fab5e635000-7fab5ea65000 r-xp 00000000 08:01 1578015                    /usr/lib/x86_64-linux-gnu/libgtk-x11-2.0.so.0.2400.23
7fab5ea65000-7fab5ec64000 ---p 00430000 08:01 1578015                    /usr/lib/x86_64-linux-gnu/libgtk-x11-2.0.so.0.2400.23
7fab5ec64000-7fab5ec6b000 r--p 0042f000 08:01 1578015                    /usr/lib/x86_64-linux-gnu/libgtk-x11-2.0.so.0.2400.23
7fab5ec6b000-7fab5ec6f000 rw-p 00436000 08:01 1578015                    /usr/lib/x86_64-linux-gnu/libgtk-x11-2.0.so.0.2400.23
7fab5ec6f000-7fab5ec72000 rw-p 00000000 00:00 0 
7fab5ec72000-7fab5ec7e000 r-xp 00000000 08:01 935360                     /home/emilvanamerongen/jdk1.8.0_60/jre/lib/amd64/libprism_es2.so
7fab5ec7e000-7fab5ee7d000 ---p 0000c000 08:01 935360                     /home/emilvanamerongen/jdk1.8.0_60/jre/lib/amd64/libprism_es2.so
7fab5ee7d000-7fab5ee7e000 rw-p 0000b000 08:01 935360                     /home/emilvanamerongen/jdk1.8.0_60/jre/lib/amd64/libprism_es2.so
7fab5ee7e000-7fab5ee81000 ---p 00000000 00:00 0 
7fab5ee81000-7fab5ef7f000 rw-p 00000000 00:00 0                          [stack:8413]
7fab5ef7f000-7fab5f015000 r--s 01107000 08:01 935497                     /home/emilvanamerongen/jdk1.8.0_60/jre/lib/ext/jfxrt.jar
7fab5f015000-7fab5f016000 ---p 00000000 00:00 0 
7fab5f016000-7fab5f116000 rw-p 00000000 00:00 0                          [stack:8412]
7fab5f116000-7fab5f119000 ---p 00000000 00:00 0 
7fab5f119000-7fab5f217000 rw-p 00000000 00:00 0                          [stack:8411]
7fab5f217000-7fab5f21a000 ---p 00000000 00:00 0 
7fab5f21a000-7fab5f318000 rw-p 00000000 00:00 0                          [stack:8410]
7fab5f318000-7fab5f31b000 ---p 00000000 00:00 0 
7fab5f31b000-7fab5f419000 rw-p 00000000 00:00 0                          [stack:8409]
7fab5f419000-7fab5f41c000 ---p 00000000 00:00 0 
7fab5f41c000-7fab5f51a000 rw-p 00000000 00:00 0                          [stack:8408]
7fab5f51a000-7fab5f51d000 ---p 00000000 00:00 0 
7fab5f51d000-7fab5f61b000 rw-p 00000000 00:00 0                          [stack:8407]
7fab5f61b000-7fab5fcfd000 r--p 00000000 08:01 1580864                    /usr/lib/locale/locale-archive
7fab5fcfd000-7fab5fd00000 ---p 00000000 00:00 0 
7fab5fd00000-7fab5fdfe000 rw-p 00000000 00:00 0                          [stack:8406]
7fab5fdfe000-7fab5fe01000 ---p 00000000 00:00 0 
7fab5fe01000-7fab5feff000 rw-p 00000000 00:00 0                          [stack:8405]
7fab5feff000-7fab5ff00000 ---p 00000000 00:00 0 
7fab5ff00000-7fab60000000 rw-p 00000000 00:00 0                          [stack:8404]
7fab60000000-7fab60021000 rw-p 00000000 00:00 0 
7fab60021000-7fab64000000 ---p 00000000 00:00 0 
7fab64000000-7fab64021000 rw-p 00000000 00:00 0 
7fab64021000-7fab68000000 ---p 00000000 00:00 0 
7fab68000000-7fab68021000 rw-p 00000000 00:00 0 
7fab68021000-7fab6c000000 ---p 00000000 00:00 0 
7fab6c000000-7fab6c021000 rw-p 00000000 00:00 0 
7fab6c021000-7fab70000000 ---p 00000000 00:00 0 
7fab70000000-7fab70001000 r--s 00000000 08:01 1740788                    /var/cache/fontconfig/406a1d2d2bf3ed7664fbadefac0b2f66-le64.cache-4
7fab70001000-7fab70003000 r--s 00000000 08:01 1740787                    /var/cache/fontconfig/67709b7835c0f764c1135060c9575660-le64.cache-4
7fab70003000-7fab70004000 r--s 00000000 08:01 1733677                    /var/cache/fontconfig/0c9eb80ebd1c36541ebe2852d3bb0c49-le64.cache-4
7fab70004000-7fab70006000 r--s 00000000 08:01 1740782                    /var/cache/fontconfig/6e6b34ae150a7ad95e82fb4a522f0bda-le64.cache-4
7fab70006000-7fab70007000 r--s 00000000 08:01 1740781                    /var/cache/fontconfig/3334a778d104e76d188e9df399bc24d2-le64.cache-4
7fab70007000-7fab7001a000 r--s 00000000 08:01 1740779                    /var/cache/fontconfig/4ac51e5cfbc76fc3f983e470323a16d3-le64.cache-4
7fab7001a000-7fab70e28000 rw-p 00000000 00:00 0 
7fab70e28000-7fab71000000 r--s 03d17000 08:01 816312                     /home/emilvanamerongen/jdk1.8.0_60/jre/lib/rt.jar
7fab71000000-7fab714b0000 rwxp 00000000 00:00 0 
7fab714b0000-7fab80000000 ---p 00000000 00:00 0 
7fab80000000-7fab804b4000 rw-p 00000000 00:00 0 
7fab804b4000-7fab84000000 ---p 00000000 00:00 0 
7fab84000000-7fab84007000 r--s 00000000 08:01 1740780                    /var/cache/fontconfig/53d14c92082a93e67d5078324eb314ca-le64.cache-4
7fab84007000-7fab8400a000 r--s 00000000 08:01 1740777                    /var/cache/fontconfig/de83a0a961185c8bd1f159015d56c039-le64.cache-4
7fab8400a000-7fab84022000 r--s 00000000 08:01 1740775                    /var/cache/fontconfig/e13b20fdb08344e0e664864cc2ede53d-le64.cache-4
7fab84022000-7fab84040000 r--s 00000000 08:01 1705994                    /var/cache/fontconfig/467c019e582ee353435ea5c21d137ef6-le64.cache-4
7fab84040000-7fab84080000 r--p 00000000 08:01 2490426                    /usr/share/glib-2.0/schemas/gschemas.compiled
7fab84080000-7fab86240000 rw-p 00000000 00:00 0 
7fab86240000-7fab86241000 ---p 00000000 00:00 0 
7fab86241000-7fab86341000 rw-p 00000000 00:00 0                          [stack:8403]
7fab86341000-7fab86342000 ---p 00000000 00:00 0 
7fab86342000-7fab86442000 rw-p 00000000 00:00 0                          [stack:8402]
7fab86442000-7fab86443000 ---p 00000000 00:00 0 
7fab86443000-7fab86543000 rw-p 00000000 00:00 0                          [stack:8401]
7fab86543000-7fab86544000 ---p 00000000 00:00 0 
7fab86544000-7fab86654000 rw-p 00000000 00:00 0                          [stack:8400]
7fab86654000-7fab8673a000 ---p 00000000 00:00 0 
7fab8673a000-7fab8674a000 rw-p 00000000 00:00 0 
7fab8674a000-7fab8682f000 ---p 00000000 00:00 0 
7fab8682f000-7fab8683d000 rw-p 00000000 00:00 0 
7fab8683d000-7fab868aa000 ---p 00000000 00:00 0 
7fab868aa000-7fab868be000 rw-p 00000000 00:00 0 
7fab868be000-7fab86c6b000 ---p 00000000 00:00 0 
7fab86c6b000-7fab86c85000 r-xp 00000000 08:01 935468                     /home/emilvanamerongen/jdk1.8.0_60/jre/lib/amd64/libzip.so
7fab86c85000-7fab86e85000 ---p 0001a000 08:01 935468                     /home/emilvanamerongen/jdk1.8.0_60/jre/lib/amd64/libzip.so
7fab86e85000-7fab86e86000 rw-p 0001a000 08:01 935468                     /home/emilvanamerongen/jdk1.8.0_60/jre/lib/amd64/libzip.so
7fab86e86000-7fab86e90000 r-xp 00000000 08:01 552208                     /lib/x86_64-linux-gnu/libnss_files-2.19.so
7fab86e90000-7fab8708f000 ---p 0000a000 08:01 552208                     /lib/x86_64-linux-gnu/libnss_files-2.19.so
7fab8708f000-7fab87090000 r--p 00009000 08:01 552208                     /lib/x86_64-linux-gnu/libnss_files-2.19.so
7fab87090000-7fab87091000 rw-p 0000a000 08:01 552208                     /lib/x86_64-linux-gnu/libnss_files-2.19.so
7fab87091000-7fab8709c000 r-xp 00000000 08:01 552200                     /lib/x86_64-linux-gnu/libnss_nis-2.19.so
7fab8709c000-7fab8729b000 ---p 0000b000 08:01 552200                     /lib/x86_64-linux-gnu/libnss_nis-2.19.so
7fab8729b000-7fab8729c000 r--p 0000a000 08:01 552200                     /lib/x86_64-linux-gnu/libnss_nis-2.19.so
7fab8729c000-7fab8729d000 rw-p 0000b000 08:01 552200                     /lib/x86_64-linux-gnu/libnss_nis-2.19.so
7fab8729d000-7fab872b4000 r-xp 00000000 08:01 552196                     /lib/x86_64-linux-gnu/libnsl-2.19.so
7fab872b4000-7fab874b3000 ---p 00017000 08:01 552196                     /lib/x86_64-linux-gnu/libnsl-2.19.so
7fab874b3000-7fab874b4000 r--p 00016000 08:01 552196                     /lib/x86_64-linux-gnu/libnsl-2.19.so
7fab874b4000-7fab874b5000 rw-p 00017000 08:01 552196                     /lib/x86_64-linux-gnu/libnsl-2.19.so
7fab874b5000-7fab874b7000 rw-p 00000000 00:00 0 
7fab874b7000-7fab874c0000 r-xp 00000000 08:01 552195                     /lib/x86_64-linux-gnu/libnss_compat-2.19.so
7fab874c0000-7fab876bf000 ---p 00009000 08:01 552195                     /lib/x86_64-linux-gnu/libnss_compat-2.19.so
7fab876bf000-7fab876c0000 r--p 00008000 08:01 552195                     /lib/x86_64-linux-gnu/libnss_compat-2.19.so
7fab876c0000-7fab876c1000 rw-p 00009000 08:01 552195                     /lib/x86_64-linux-gnu/libnss_compat-2.19.so
7fab876c1000-7fab876eb000 r-xp 00000000 08:01 935445                     /home/emilvanamerongen/jdk1.8.0_60/jre/lib/amd64/libjava.so
7fab876eb000-7fab878eb000 ---p 0002a000 08:01 935445                     /home/emilvanamerongen/jdk1.8.0_60/jre/lib/amd64/libjava.so
7fab878eb000-7fab878ed000 rw-p 0002a000 08:01 935445                     /home/emilvanamerongen/jdk1.8.0_60/jre/lib/amd64/libjava.so
7fab878ed000-7fab878fa000 r-xp 00000000 08:01 935415                     /home/emilvanamerongen/jdk1.8.0_60/jre/lib/amd64/libverify.so
7fab878fa000-7fab87afa000 ---p 0000d000 08:01 935415                     /home/emilvanamerongen/jdk1.8.0_60/jre/lib/amd64/libverify.so
7fab87afa000-7fab87afc000 rw-p 0000d000 08:01 935415                     /home/emilvanamerongen/jdk1.8.0_60/jre/lib/amd64/libverify.so
7fab87afc000-7fab87b03000 r-xp 00000000 08:01 552204                     /lib/x86_64-linux-gnu/librt-2.19.so
7fab87b03000-7fab87d02000 ---p 00007000 08:01 552204                     /lib/x86_64-linux-gnu/librt-2.19.so
7fab87d02000-7fab87d03000 r--p 00006000 08:01 552204                     /lib/x86_64-linux-gnu/librt-2.19.so
7fab87d03000-7fab87d04000 rw-p 00007000 08:01 552204                     /lib/x86_64-linux-gnu/librt-2.19.so
7fab87d04000-7fab87e09000 r-xp 00000000 08:01 552182                     /lib/x86_64-linux-gnu/libm-2.19.so
7fab87e09000-7fab88008000 ---p 00105000 08:01 552182                     /lib/x86_64-linux-gnu/libm-2.19.so
7fab88008000-7fab88009000 r--p 00104000 08:01 552182                     /lib/x86_64-linux-gnu/libm-2.19.so
7fab88009000-7fab8800a000 rw-p 00105000 08:01 552182                     /lib/x86_64-linux-gnu/libm-2.19.so
7fab8800a000-7fab88cc8000 r-xp 00000000 08:01 935345                     /home/emilvanamerongen/jdk1.8.0_60/jre/lib/amd64/server/libjvm.so
7fab88cc8000-7fab88ec7000 ---p 00cbe000 08:01 935345                     /home/emilvanamerongen/jdk1.8.0_60/jre/lib/amd64/server/libjvm.so
7fab88ec7000-7fab88f9f000 rw-p 00cbd000 08:01 935345                     /home/emilvanamerongen/jdk1.8.0_60/jre/lib/amd64/server/libjvm.so
7fab88f9f000-7fab88fe4000 rw-p 00000000 00:00 0 
7fab88fe4000-7fab8919e000 r-xp 00000000 08:01 552205                     /lib/x86_64-linux-gnu/libc-2.19.so
7fab8919e000-7fab8939e000 ---p 001ba000 08:01 552205                     /lib/x86_64-linux-gnu/libc-2.19.so
7fab8939e000-7fab893a2000 r--p 001ba000 08:01 552205                     /lib/x86_64-linux-gnu/libc-2.19.so
7fab893a2000-7fab893a4000 rw-p 001be000 08:01 552205                     /lib/x86_64-linux-gnu/libc-2.19.so
7fab893a4000-7fab893a9000 rw-p 00000000 00:00 0 
7fab893a9000-7fab893ac000 r-xp 00000000 08:01 552192                     /lib/x86_64-linux-gnu/libdl-2.19.so
7fab893ac000-7fab895ab000 ---p 00003000 08:01 552192                     /lib/x86_64-linux-gnu/libdl-2.19.so
7fab895ab000-7fab895ac000 r--p 00002000 08:01 552192                     /lib/x86_64-linux-gnu/libdl-2.19.so
7fab895ac000-7fab895ad000 rw-p 00003000 08:01 552192                     /lib/x86_64-linux-gnu/libdl-2.19.so
7fab895ad000-7fab895c2000 r-xp 00000000 08:01 935398                     /home/emilvanamerongen/jdk1.8.0_60/jre/lib/amd64/jli/libjli.so
7fab895c2000-7fab897c2000 ---p 00015000 08:01 935398                     /home/emilvanamerongen/jdk1.8.0_60/jre/lib/amd64/jli/libjli.so
7fab897c2000-7fab897c3000 rw-p 00015000 08:01 935398                     /home/emilvanamerongen/jdk1.8.0_60/jre/lib/amd64/jli/libjli.so
7fab897c3000-7fab897dc000 r-xp 00000000 08:01 552197                     /lib/x86_64-linux-gnu/libpthread-2.19.so
7fab897dc000-7fab899db000 ---p 00019000 08:01 552197                     /lib/x86_64-linux-gnu/libpthread-2.19.so
7fab899db000-7fab899dc000 r--p 00018000 08:01 552197                     /lib/x86_64-linux-gnu/libpthread-2.19.so
7fab899dc000-7fab899dd000 rw-p 00019000 08:01 552197                     /lib/x86_64-linux-gnu/libpthread-2.19.so
7fab899dd000-7fab899e1000 rw-p 00000000 00:00 0 
7fab899e1000-7fab89a04000 r-xp 00000000 08:01 552198                     /lib/x86_64-linux-gnu/ld-2.19.so
7fab89a04000-7fab89a05000 r--s 00000000 08:01 1740778                    /var/cache/fontconfig/c277e94e32b20404286a1ddafa5a80f0-le64.cache-4
7fab89a05000-7fab89a09000 r--s 00000000 08:01 1740774                    /var/cache/fontconfig/7ef2298fde41cc6eeb7af42e48b7d293-le64.cache-4
7fab89a09000-7fab89a0f000 r--p 00000000 08:01 821671                     /home/emilvanamerongen/.config/dconf/user
7fab89a0f000-7fab89ae0000 rw-p 00000000 00:00 0 
7fab89ae0000-7fab89ae3000 ---p 00000000 00:00 0 
7fab89ae3000-7fab89be5000 rw-p 00000000 00:00 0                          [stack:8399]
7fab89be5000-7fab89be6000 r--s 00000000 08:01 1739652                    /var/cache/fontconfig/e0aa53bcfa504e64f87823c16bc01eb6-le64.cache-4
7fab89be6000-7fab89be7000 r--s 00000000 00:15 20023                      /run/user/1000/dconf/user
7fab89be7000-7fab89be8000 r--s 00000000 08:01 1332669                    /home/emilvanamerongen/NetBeansProjects/concordia/dist/run2082662001/concordia.jar
7fab89be8000-7fab89bf7000 rw-p 00000000 00:00 0 
7fab89bf7000-7fab89bff000 rw-s 00000000 08:01 2379278                    /tmp/hsperfdata_emilvanamerongen/8395
7fab89bff000-7fab89c00000 rw-p 00000000 00:00 0 
7fab89c00000-7fab89c01000 r--p 00000000 00:00 0 
7fab89c01000-7fab89c03000 rw-p 00000000 00:00 0 
7fab89c03000-7fab89c04000 r--p 00022000 08:01 552198                     /lib/x86_64-linux-gnu/ld-2.19.so
7fab89c04000-7fab89c05000 rw-p 00023000 08:01 552198                     /lib/x86_64-linux-gnu/ld-2.19.so
7fab89c05000-7fab89c06000 rw-p 00000000 00:00 0 
7ffe04933000-7ffe04954000 rw-p 00000000 00:00 0                          [stack]
7ffe049a6000-7ffe049a8000 r-xp 00000000 00:00 0                          [vdso]
ffffffffff600000-ffffffffff601000 r-xp 00000000 00:00 0                  [vsyscall]

VM Arguments:
jvm_args: -Dfile.encoding=UTF-8 
java_command: /home/emilvanamerongen/NetBeansProjects/concordia/dist/run2082662001/concordia.jar
java_class_path (initial): /home/emilvanamerongen/NetBeansProjects/concordia/dist/run2082662001/concordia.jar
Launcher Type: SUN_STANDARD

Environment Variables:
JAVA_HOME=/usr/lib/jvm/java-8-oracle
PATH=/usr/local/sbin:/usr/local/bin:/usr/sbin:/usr/bin:/sbin:/bin:/usr/games:/usr/local/games:/usr/lib/jvm/java-8-oracle/bin:/usr/lib/jvm/java-8-oracle/db/bin:/usr/lib/jvm/java-8-oracle/jre/bin
LD_LIBRARY_PATH=/home/emilvanamerongen/jdk1.8.0_60/jre/lib/amd64:/home/emilvanamerongen/jdk1.8.0_60/jre/lib/i386:
SHELL=/bin/bash
DISPLAY=:0

Signal Handlers:
SIGSEGV: [libjvm.so+0xaba070], sa_mask[0]=11111111011111111101111111111110, sa_flags=SA_RESTART|SA_SIGINFO
SIGBUS: [libjvm.so+0xaba070], sa_mask[0]=11111111011111111101111111111110, sa_flags=SA_RESTART|SA_SIGINFO
SIGFPE: [libjvm.so+0x917630], sa_mask[0]=11111111011111111101111111111110, sa_flags=SA_RESTART|SA_SIGINFO
SIGPIPE: SIG_IGN, sa_mask[0]=00000000000010000000000000000000, sa_flags=SA_RESTART
SIGXFSZ: [libjvm.so+0x917630], sa_mask[0]=11111111011111111101111111111110, sa_flags=SA_RESTART|SA_SIGINFO
SIGILL: [libjvm.so+0x917630], sa_mask[0]=11111111011111111101111111111110, sa_flags=SA_RESTART|SA_SIGINFO
SIGUSR1: SIG_DFL, sa_mask[0]=00000000000000000000000000000000, sa_flags=none
SIGUSR2: [libjvm.so+0x918c60], sa_mask[0]=00100000000000000000000000000000, sa_flags=SA_RESTART|SA_SIGINFO
SIGHUP: [libjvm.so+0x91a060], sa_mask[0]=11111111011111111101111111111110, sa_flags=SA_RESTART|SA_SIGINFO
SIGINT: SIG_IGN, sa_mask[0]=00000000000000000000000000000000, sa_flags=none
SIGTERM: [libjvm.so+0x91a060], sa_mask[0]=11111111011111111101111111111110, sa_flags=SA_RESTART|SA_SIGINFO
SIGQUIT: [libjvm.so+0x91a060], sa_mask[0]=11111111011111111101111111111110, sa_flags=SA_RESTART|SA_SIGINFO


---------------  S Y S T E M  ---------------

OS:DISTRIB_ID=Ubuntu
DISTRIB_RELEASE=14.04
DISTRIB_CODENAME=trusty
DISTRIB_DESCRIPTION="Ubuntu 14.04.5 LTS"

uname:Linux 3.13.0-100-generic #147-Ubuntu SMP Tue Oct 18 16:48:51 UTC 2016 x86_64
libc:glibc 2.19 NPTL 2.19 
rlimit: STACK 8192k, CORE 0k, NPROC 23365, NOFILE 4096, AS infinity
load average:1.22 0.99 0.95

/proc/meminfo:
MemTotal:        3012748 kB
MemFree:           80000 kB
Buffers:             288 kB
Cached:            53452 kB
SwapCached:         4172 kB
Active:          2179124 kB
Inactive:         610984 kB
Active(anon):    2173456 kB
Inactive(anon):   605768 kB
Active(file):       5668 kB
Inactive(file):     5216 kB
Unevictable:          56 kB
Mlocked:              56 kB
SwapTotal:       1046524 kB
SwapFree:              0 kB
Dirty:                 0 kB
Writeback:           228 kB
AnonPages:       2732420 kB
Mapped:             9516 kB
Shmem:             42328 kB
Slab:              57948 kB
SReclaimable:      24420 kB
SUnreclaim:        33528 kB
KernelStack:        6080 kB
PageTables:        40344 kB
NFS_Unstable:          0 kB
Bounce:                0 kB
WritebackTmp:          0 kB
CommitLimit:     2552896 kB
Committed_AS:    7761820 kB
VmallocTotal:   34359738367 kB
VmallocUsed:       31192 kB
VmallocChunk:   34359633652 kB
HardwareCorrupted:     0 kB
AnonHugePages:   1411072 kB
HugePages_Total:       0
HugePages_Free:        0
HugePages_Rsvd:        0
HugePages_Surp:        0
Hugepagesize:       2048 kB
DirectMap4k:       65472 kB
DirectMap2M:     3080192 kB


CPU:total 4 (4 cores per cpu, 1 threads per core) family 6 model 42 stepping 7, cmov, cx8, fxsr, mmx, sse, sse2, sse3, ssse3, sse4.1, sse4.2, popcnt, avx, aes, clmul, tsc, tscinvbit

/proc/cpuinfo:
processor	: 0
vendor_id	: GenuineIntel
cpu family	: 6
model		: 42
model name	: Intel(R) Core(TM) i7-2620M CPU @ 2.70GHz
stepping	: 7
cpu MHz		: 2700.000
cache size	: 4096 KB
physical id	: 0
siblings	: 4
core id		: 0
cpu cores	: 4
apicid		: 0
initial apicid	: 0
fpu		: yes
fpu_exception	: yes
cpuid level	: 13
wp		: yes
flags		: fpu vme de pse tsc msr pae mce cx8 apic sep mtrr pge mca cmov pat pse36 clflush mmx fxsr sse sse2 ss ht syscall nx rdtscp lm constant_tsc nopl xtopology nonstop_tsc pni pclmulqdq ssse3 cx16 pcid sse4_1 sse4_2 x2apic popcnt aes xsave avx hypervisor lahf_lm ida arat
bogomips	: 5400.00
clflush size	: 64
cache_alignment	: 64
address sizes	: 36 bits physical, 48 bits virtual
power management:

processor	: 1
vendor_id	: GenuineIntel
cpu family	: 6
model		: 42
model name	: Intel(R) Core(TM) i7-2620M CPU @ 2.70GHz
stepping	: 7
cpu MHz		: 2700.000
cache size	: 4096 KB
physical id	: 0
siblings	: 4
core id		: 1
cpu cores	: 4
apicid		: 1
initial apicid	: 1
fpu		: yes
fpu_exception	: yes
cpuid level	: 13
wp		: yes
flags		: fpu vme de pse tsc msr pae mce cx8 apic sep mtrr pge mca cmov pat pse36 clflush mmx fxsr sse sse2 ss ht syscall nx rdtscp lm constant_tsc nopl xtopology nonstop_tsc pni pclmulqdq ssse3 cx16 pcid sse4_1 sse4_2 x2apic popcnt aes xsave avx hypervisor lahf_lm ida arat
bogomips	: 5400.00
clflush size	: 64
cache_alignment	: 64
address sizes	: 36 bits physical, 48 bits virtual
power management:

processor	: 2
vendor_id	: GenuineIntel
cpu family	: 6
model		: 42
model name	: Intel(R) Core(TM) i7-2620M CPU @ 2.70GHz
stepping	: 7
cpu MHz		: 2700.000
cache size	: 4096 KB
physical id	: 0
siblings	: 4
core id		: 2
cpu cores	: 4
apicid		: 2
initial apicid	: 2
fpu		: yes
fpu_exception	: yes
cpuid level	: 13
wp		: yes
flags		: fpu vme de pse tsc msr pae mce cx8 apic sep mtrr pge mca cmov pat pse36 clflush mmx fxsr sse sse2 ss ht syscall nx rdtscp lm constant_tsc nopl xtopology nonstop_tsc pni pclmulqdq ssse3 cx16 pcid sse4_1 sse4_2 x2apic popcnt aes xsave avx hypervisor lahf_lm ida arat
bogomips	: 5400.00
clflush size	: 64
cache_alignment	: 64
address sizes	: 36 bits physical, 48 bits virtual
power management:

processor	: 3
vendor_id	: GenuineIntel
cpu family	: 6
model		: 42
model name	: Intel(R) Core(TM) i7-2620M CPU @ 2.70GHz
stepping	: 7
cpu MHz		: 2700.000
cache size	: 4096 KB
physical id	: 0
siblings	: 4
core id		: 3
cpu cores	: 4
apicid		: 3
initial apicid	: 3
fpu		: yes
fpu_exception	: yes
cpuid level	: 13
wp		: yes
flags		: fpu vme de pse tsc msr pae mce cx8 apic sep mtrr pge mca cmov pat pse36 clflush mmx fxsr sse sse2 ss ht syscall nx rdtscp lm constant_tsc nopl xtopology nonstop_tsc pni pclmulqdq ssse3 cx16 pcid sse4_1 sse4_2 x2apic popcnt aes xsave avx hypervisor lahf_lm ida arat
bogomips	: 5400.00
clflush size	: 64
cache_alignment	: 64
address sizes	: 36 bits physical, 48 bits virtual
power management:



Memory: 4k page, physical 3012748k(80000k free), swap 1046524k(0k free)

vm_info: Java HotSpot(TM) 64-Bit Server VM (25.60-b23) for linux-amd64 JRE (1.8.0_60-b27), built on Aug  4 2015 12:19:40 by "java_re" with gcc 4.3.0 20080428 (Red Hat 4.3.0-8)

time: Thu Nov 17 13:15:20 2016
elapsed time: 7 seconds (0d 0h 0m 7s)

