#
# There is insufficient memory for the Java Runtime Environment to continue.
# Native memory allocation (mmap) failed to map 65536 bytes for committing reserved memory.
# Possible reasons:
#   The system is out of physical RAM or swap space
#   In 32 bit mode, the process size limit was hit
# Possible solutions:
#   Reduce memory load on the system
#   Increase physical memory or swap space
#   Check if swap backing store is full
#   Use 64 bit Java on a 64 bit OS
#   Decrease Java heap size (-Xmx/-Xms)
#   Decrease number of Java threads
#   Decrease Java thread stack sizes (-Xss)
#   Set larger code cache with -XX:ReservedCodeCacheSize=
# This output file may be truncated or incomplete.
#
#  Out of Memory Error (os_linux.cpp:2627), pid=8149, tid=140284056868608
#
# JRE version: Java(TM) SE Runtime Environment (8.0_60-b27) (build 1.8.0_60-b27)
# Java VM: Java HotSpot(TM) 64-Bit Server VM (25.60-b23 mixed mode linux-amd64 compressed oops)
# Failed to write core dump. Core dumps have been disabled. To enable core dumping, try "ulimit -c unlimited" before starting Java again
#

---------------  T H R E A D  ---------------

Current thread (0x00007f9680184800):  JavaThread "C1 CompilerThread2" daemon [_thread_in_vm, id=8164, stack(0x00007f966d509000,0x00007f966d60a000)]

Stack: [0x00007f966d509000,0x00007f966d60a000],  sp=0x00007f966d607ad0,  free space=1018k
Native frames: (J=compiled Java code, j=interpreted, Vv=VM code, C=native code)
V  [libjvm.so+0xab97ea]  VMError::report_and_die()+0x2ba
V  [libjvm.so+0x4f9dab]  report_vm_out_of_memory(char const*, int, unsigned long, VMErrorType, char const*)+0x8b
V  [libjvm.so+0x91a7c3]  os::Linux::commit_memory_impl(char*, unsigned long, bool)+0x103
V  [libjvm.so+0x91ad19]  os::pd_commit_memory(char*, unsigned long, unsigned long, bool)+0x29
V  [libjvm.so+0x91502a]  os::commit_memory(char*, unsigned long, unsigned long, bool)+0x2a
V  [libjvm.so+0xab5549]  VirtualSpace::expand_by(unsigned long, bool)+0x199
V  [libjvm.so+0x6168dc]  CodeHeap::expand_by(unsigned long)+0x8c
V  [libjvm.so+0x47e160]  CodeCache::allocate(int, bool)+0x60
V  [libjvm.so+0x8e2d0c]  nmethod::new_nmethod(methodHandle, int, int, CodeOffsets*, int, DebugInformationRecorder*, Dependencies*, CodeBuffer*, int, OopMapSet*, ExceptionHandlerTable*, ImplicitExceptionTable*, AbstractCompiler*, int)+0x1fc
V  [libjvm.so+0x413efb]  ciEnv::register_method(ciMethod*, int, CodeOffsets*, int, CodeBuffer*, int, OopMapSet*, ExceptionHandlerTable*, ImplicitExceptionTable*, AbstractCompiler*, int, bool, bool, RTMState)+0x42b
V  [libjvm.so+0x357b79]  Compilation::install_code(int)+0xc9
V  [libjvm.so+0x35906c]  Compilation::compile_method()+0xec
V  [libjvm.so+0x35933e]  Compilation::Compilation(AbstractCompiler*, ciEnv*, ciMethod*, int, BufferBlob*)+0x25e
V  [libjvm.so+0x35a0e9]  Compiler::compile_method(ciEnv*, ciMethod*, int)+0xa9
V  [libjvm.so+0x4ad34a]  CompileBroker::invoke_compiler_on_method(CompileTask*)+0xc9a
V  [libjvm.so+0x4ae2f6]  CompileBroker::compiler_thread_loop()+0x5d6
V  [libjvm.so+0xa68f3f]  JavaThread::thread_main_inner()+0xdf
V  [libjvm.so+0xa6906c]  JavaThread::run()+0x11c
V  [libjvm.so+0x91cb88]  java_start(Thread*)+0x108
C  [libpthread.so.0+0x8184]  start_thread+0xc4


Current CompileTask:
C1:  30482 1564       3       com.sun.javafx.geom.transform.Affine2D::setTransform (544 bytes)


---------------  P R O C E S S  ---------------

Java Threads: ( => current thread )
  0x00007f96101f8000 JavaThread "Prism Font Disposer" daemon [_thread_blocked, id=8177, stack(0x00007f9624569000,0x00007f962466a000)]
  0x00007f968032d000 JavaThread "JavaFX-Launcher" [_thread_blocked, id=8176, stack(0x00007f9625304000,0x00007f9625405000)]
  0x00007f9680329000 JavaThread "JavaFX Application Thread" [_thread_blocked, id=8175, stack(0x00007f9625405000,0x00007f9625506000)]
  0x00007f9680325800 JavaThread "Thread-1" daemon [_thread_blocked, id=8174, stack(0x00007f966c018000,0x00007f966c119000)]
  0x00007f9680278800 JavaThread "QuantumRenderer-0" daemon [_thread_blocked, id=8167, stack(0x00007f966d206000,0x00007f966d307000)]
  0x00007f9680191000 JavaThread "Service Thread" daemon [_thread_blocked, id=8165, stack(0x00007f966d408000,0x00007f966d509000)]
=>0x00007f9680184800 JavaThread "C1 CompilerThread2" daemon [_thread_in_vm, id=8164, stack(0x00007f966d509000,0x00007f966d60a000)]
  0x00007f9680182800 JavaThread "C2 CompilerThread1" daemon [_thread_blocked, id=8163, stack(0x00007f966d60a000,0x00007f966d70b000)]
  0x00007f968017f800 JavaThread "C2 CompilerThread0" daemon [_thread_blocked, id=8162, stack(0x00007f966d70b000,0x00007f966d80c000)]
  0x00007f968017e000 JavaThread "Signal Dispatcher" daemon [_thread_blocked, id=8161, stack(0x00007f966d80c000,0x00007f966d90d000)]
  0x00007f9680146000 JavaThread "Finalizer" daemon [_thread_blocked, id=8160, stack(0x00007f966dfef000,0x00007f966e0f0000)]
  0x00007f9680144000 JavaThread "Reference Handler" daemon [_thread_blocked, id=8159, stack(0x00007f966e0f0000,0x00007f966e1f1000)]
  0x00007f968000a000 JavaThread "main" [_thread_blocked, id=8152, stack(0x00007f9687ddf000,0x00007f9687ee0000)]

Other Threads:
  0x00007f968013f000 VMThread [stack: 0x00007f966e1f1000,0x00007f966e2f2000] [id=8158]
  0x00007f9680194000 WatcherThread [stack: 0x00007f966d307000,0x00007f966d408000] [id=8166]

VM state:not at safepoint (normal execution)

VM Mutex/Monitor currently owned by a thread:  ([mutex/lock_event])
[0x00007f9680005590] CodeCache_lock - owner thread: 0x00007f9680184800
[0x00007f9680006c10] Compile_lock - owner thread: 0x00007f9680184800
[0x00007f9680006d10] MethodCompileQueue_lock - owner thread: 0x00007f9680184800

Heap:
 PSYoungGen      total 13824K, used 7756K [0x00000000f0b00000, 0x00000000f2600000, 0x0000000100000000)
  eden space 12288K, 50% used [0x00000000f0b00000,0x00000000f111b078,0x00000000f1700000)
  from space 1536K, 97% used [0x00000000f1700000,0x00000000f1878018,0x00000000f1880000)
  to   space 1536K, 0% used [0x00000000f2480000,0x00000000f2480000,0x00000000f2600000)
 ParOldGen       total 31744K, used 14782K [0x00000000d2000000, 0x00000000d3f00000, 0x00000000f0b00000)
  object space 31744K, 46% used [0x00000000d2000000,0x00000000d2e6f980,0x00000000d3f00000)
 Metaspace       used 14763K, capacity 15514K, committed 15616K, reserved 1062912K
  class space    used 2089K, capacity 2237K, committed 2304K, reserved 1048576K

Card table byte_map: [0x00007f9684a39000,0x00007f9684baa000] byte_map_base: 0x00007f96843a9000

Marking Bits: (ParMarkBitMap*) 0x00007f96872b7de0
 Begin Bits: [0x00007f966f900000, 0x00007f9670480000)
 End Bits:   [0x00007f9670480000, 0x00007f9671000000)

Polling page: 0x00007f9687eff000

CodeCache: size=245760Kb used=4968Kb max_used=4968Kb free=240791Kb
 bounds [0x00007f9671000000, 0x00007f96714e0000, 0x00007f9680000000]
 total_blobs=2130 nmethods=1563 adapters=479
 compilation: enabled

Compilation events (10 events):
Event: 30.230 Thread 0x00007f9680184800 nmethod 1561 0x00007f96714da710 code [0x00007f96714da860, 0x00007f96714da9b0]
Event: 30.230 Thread 0x00007f9680184800 1560       3       javafx.scene.Node::sceneProperty (8 bytes)
Event: 30.231 Thread 0x00007f9680184800 nmethod 1560 0x00007f96714daa50 code [0x00007f96714dabe0, 0x00007f96714db0b0]
Event: 30.231 Thread 0x00007f9680184800 1556       3       javafx.scene.Scene::addToDirtyList (98 bytes)
Event: 30.253 Thread 0x00007f9680184800 nmethod 1556 0x00007f96714db350 code [0x00007f96714db500, 0x00007f96714dbb48]
Event: 30.253 Thread 0x00007f9680184800 1562       3       javafx.scene.Node::impl_syncPeer (43 bytes)
Event: 30.253 Thread 0x00007f9680184800 nmethod 1562 0x00007f96714dbd50 code [0x00007f96714dbf00, 0x00007f96714dc808]
Event: 30.253 Thread 0x00007f9680184800 1563       3       javafx.scene.layout.CornerRadii::getTopLeftHorizontalRadius (5 bytes)
Event: 30.254 Thread 0x00007f9680184800 nmethod 1563 0x00007f96714dca50 code [0x00007f96714dcba0, 0x00007f96714dccf0]
Event: 30.262 Thread 0x00007f9680184800 1564       3       com.sun.javafx.geom.transform.Affine2D::setTransform (544 bytes)

GC Heap History (6 events):
Event: 2.074 GC heap before
{Heap before GC invocations=1 (full 0):
 PSYoungGen      total 13824K, used 12288K [0x00000000f0b00000, 0x00000000f1a00000, 0x0000000100000000)
  eden space 12288K, 100% used [0x00000000f0b00000,0x00000000f1700000,0x00000000f1700000)
  from space 1536K, 0% used [0x00000000f1880000,0x00000000f1880000,0x00000000f1a00000)
  to   space 1536K, 0% used [0x00000000f1700000,0x00000000f1700000,0x00000000f1880000)
 ParOldGen       total 31744K, used 0K [0x00000000d2000000, 0x00000000d3f00000, 0x00000000f0b00000)
  object space 31744K, 0% used [0x00000000d2000000,0x00000000d2000000,0x00000000d3f00000)
 Metaspace       used 8578K, capacity 8908K, committed 9216K, reserved 1056768K
  class space    used 1064K, capacity 1174K, committed 1280K, reserved 1048576K
Event: 2.091 GC heap after
Heap after GC invocations=1 (full 0):
 PSYoungGen      total 13824K, used 1528K [0x00000000f0b00000, 0x00000000f1a00000, 0x0000000100000000)
  eden space 12288K, 0% used [0x00000000f0b00000,0x00000000f0b00000,0x00000000f1700000)
  from space 1536K, 99% used [0x00000000f1700000,0x00000000f187e030,0x00000000f1880000)
  to   space 1536K, 0% used [0x00000000f1880000,0x00000000f1880000,0x00000000f1a00000)
 ParOldGen       total 31744K, used 56K [0x00000000d2000000, 0x00000000d3f00000, 0x00000000f0b00000)
  object space 31744K, 0% used [0x00000000d2000000,0x00000000d200e000,0x00000000d3f00000)
 Metaspace       used 8578K, capacity 8908K, committed 9216K, reserved 1056768K
  class space    used 1064K, capacity 1174K, committed 1280K, reserved 1048576K
}
Event: 3.209 GC heap before
{Heap before GC invocations=2 (full 0):
 PSYoungGen      total 13824K, used 13816K [0x00000000f0b00000, 0x00000000f1a00000, 0x0000000100000000)
  eden space 12288K, 100% used [0x00000000f0b00000,0x00000000f1700000,0x00000000f1700000)
  from space 1536K, 99% used [0x00000000f1700000,0x00000000f187e030,0x00000000f1880000)
  to   space 1536K, 0% used [0x00000000f1880000,0x00000000f1880000,0x00000000f1a00000)
 ParOldGen       total 31744K, used 56K [0x00000000d2000000, 0x00000000d3f00000, 0x00000000f0b00000)
  object space 31744K, 0% used [0x00000000d2000000,0x00000000d200e000,0x00000000d3f00000)
 Metaspace       used 12267K, capacity 12712K, committed 12928K, reserved 1060864K
  class space    used 1724K, capacity 1860K, committed 1920K, reserved 1048576K
Event: 3.240 GC heap after
Heap after GC invocations=2 (full 0):
 PSYoungGen      total 13824K, used 1520K [0x00000000f0b00000, 0x00000000f2600000, 0x0000000100000000)
  eden space 12288K, 0% used [0x00000000f0b00000,0x00000000f0b00000,0x00000000f1700000)
  from space 1536K, 98% used [0x00000000f1880000,0x00000000f19fc010,0x00000000f1a00000)
  to   space 1536K, 0% used [0x00000000f1700000,0x00000000f1700000,0x00000000f1880000)
 ParOldGen       total 31744K, used 1776K [0x00000000d2000000, 0x00000000d3f00000, 0x00000000f0b00000)
  object space 31744K, 5% used [0x00000000d2000000,0x00000000d21bc020,0x00000000d3f00000)
 Metaspace       used 12267K, capacity 12712K, committed 12928K, reserved 1060864K
  class space    used 1724K, capacity 1860K, committed 1920K, reserved 1048576K
}
Event: 29.939 GC heap before
{Heap before GC invocations=3 (full 0):
 PSYoungGen      total 13824K, used 13147K [0x00000000f0b00000, 0x00000000f2600000, 0x0000000100000000)
  eden space 12288K, 94% used [0x00000000f0b00000,0x00000000f165ac48,0x00000000f1700000)
  from space 1536K, 98% used [0x00000000f1880000,0x00000000f19fc010,0x00000000f1a00000)
  to   space 1536K, 0% used [0x00000000f1700000,0x00000000f1700000,0x00000000f1880000)
 ParOldGen       total 31744K, used 9968K [0x00000000d2000000, 0x00000000d3f00000, 0x00000000f0b00000)
  object space 31744K, 31% used [0x00000000d2000000,0x00000000d29bc030,0x00000000d3f00000)
 Metaspace       used 14704K, capacity 15450K, committed 15616K, reserved 1062912K
  class space    used 2089K, capacity 2237K, committed 2304K, reserved 1048576K
Event: 29.976 GC heap after
Heap after GC invocations=3 (full 0):
 PSYoungGen      total 13824K, used 1504K [0x00000000f0b00000, 0x00000000f2600000, 0x0000000100000000)
  eden space 12288K, 0% used [0x00000000f0b00000,0x00000000f0b00000,0x00000000f1700000)
  from space 1536K, 97% used [0x00000000f1700000,0x00000000f1878018,0x00000000f1880000)
  to   space 1536K, 0% used [0x00000000f2480000,0x00000000f2480000,0x00000000f2600000)
 ParOldGen       total 31744K, used 14782K [0x00000000d2000000, 0x00000000d3f00000, 0x00000000f0b00000)
  object space 31744K, 46% used [0x00000000d2000000,0x00000000d2e6f980,0x00000000d3f00000)
 Metaspace       used 14704K, capacity 15450K, committed 15616K, reserved 1062912K
  class space    used 2089K, capacity 2237K, committed 2304K, reserved 1048576K
}

Deoptimization events (10 events):
Event: 3.058 Thread 0x00007f9680329000 Uncommon trap: reason=class_check action=maybe_recompile pc=0x00007f9671113938 method=java.lang.String.equals(Ljava/lang/Object;)Z @ 8
Event: 3.058 Thread 0x00007f9680329000 Uncommon trap: reason=class_check action=maybe_recompile pc=0x00007f9671113938 method=java.lang.String.equals(Ljava/lang/Object;)Z @ 8
Event: 3.065 Thread 0x00007f9680329000 Uncommon trap: reason=class_check action=maybe_recompile pc=0x00007f9671113938 method=java.lang.String.equals(Ljava/lang/Object;)Z @ 8
Event: 3.730 Thread 0x00007f9680329000 Uncommon trap: reason=unstable_if action=reinterpret pc=0x00007f967131c880 method=javafx.beans.property.ObjectPropertyBase.get()Ljava/lang/Object; @ 9
Event: 4.160 Thread 0x00007f9680329000 Uncommon trap: reason=array_check action=maybe_recompile pc=0x00007f96713a2fb8 method=com.sun.javafx.css.SimpleSelector.applies(Ljavafx/css/Styleable;[Ljava/util/Set;I)Z @ 37
Event: 4.160 Thread 0x00007f9680329000 Uncommon trap: reason=array_check action=maybe_recompile pc=0x00007f96713a2fb8 method=com.sun.javafx.css.SimpleSelector.applies(Ljavafx/css/Styleable;[Ljava/util/Set;I)Z @ 37
Event: 4.160 Thread 0x00007f9680329000 Uncommon trap: reason=array_check action=maybe_recompile pc=0x00007f96713a2fb8 method=com.sun.javafx.css.SimpleSelector.applies(Ljavafx/css/Styleable;[Ljava/util/Set;I)Z @ 37
Event: 4.160 Thread 0x00007f9680329000 Uncommon trap: reason=array_check action=maybe_recompile pc=0x00007f96713a2fb8 method=com.sun.javafx.css.SimpleSelector.applies(Ljavafx/css/Styleable;[Ljava/util/Set;I)Z @ 37
Event: 4.539 Thread 0x00007f9680329000 Uncommon trap: reason=unstable_if action=reinterpret pc=0x00007f96712d89b8 method=sun.net.www.ParseUtil.encodePath(Ljava/lang/String;Z)Ljava/lang/String; @ 109
Event: 4.614 Thread 0x00007f9680329000 Uncommon trap: reason=array_check action=maybe_recompile pc=0x00007f96713f2e20 method=com.sun.javafx.css.SimpleSelector.applies(Ljavafx/css/Styleable;[Ljava/util/Set;I)Z @ 37

Internal exceptions (10 events):
Event: 0.570 Thread 0x00007f968000a000 Exception <a 'java/lang/NullPointerException'> (0x00000000f0d88398) thrown at [/HUDSON/workspace/8-2-build-linux-amd64/jdk8u60/4407/hotspot/src/share/vm/interpreter/linkResolver.cpp, line 1178]
Event: 1.927 Thread 0x00007f9680329000 Exception <a 'java/lang/NullPointerException'> (0x00000000f1522e10) thrown at [/HUDSON/workspace/8-2-build-linux-amd64/jdk8u60/4407/hotspot/src/share/vm/interpreter/linkResolver.cpp, line 1178]
Event: 1.927 Thread 0x00007f9680329000 Exception <a 'java/lang/NullPointerException'> (0x00000000f1522e10) thrown at [/HUDSON/workspace/8-2-build-linux-amd64/jdk8u60/4407/hotspot/src/share/vm/prims/jvm.cpp, line 1390]
Event: 2.507 Thread 0x00007f9680329000 Exception <a 'java/lang/ArrayIndexOutOfBoundsException': 58> (0x00000000f0eccf20) thrown at [/HUDSON/workspace/8-2-build-linux-amd64/jdk8u60/4407/hotspot/src/share/vm/interpreter/interpreterRuntime.cpp, line 366]
Event: 2.509 Thread 0x00007f9680329000 Exception <a 'java/lang/ArrayIndexOutOfBoundsException': 18> (0x00000000f0ecdda8) thrown at [/HUDSON/workspace/8-2-build-linux-amd64/jdk8u60/4407/hotspot/src/share/vm/interpreter/interpreterRuntime.cpp, line 366]
Event: 2.510 Thread 0x00007f9680329000 Exception <a 'java/lang/ArrayIndexOutOfBoundsException': 86> (0x00000000f0ecf150) thrown at [/HUDSON/workspace/8-2-build-linux-amd64/jdk8u60/4407/hotspot/src/share/vm/interpreter/interpreterRuntime.cpp, line 366]
Event: 2.627 Thread 0x00007f9680329000 Exception <a 'java/lang/ArrayIndexOutOfBoundsException'> (0x00000000f1107a88) thrown at [/HUDSON/workspace/8-2-build-linux-amd64/jdk8u60/4407/hotspot/src/share/vm/runtime/sharedRuntime.cpp, line 605]
Event: 2.641 Thread 0x00007f9680329000 Exception <a 'java/lang/ArrayIndexOutOfBoundsException'> (0x00000000f1156ab0) thrown at [/HUDSON/workspace/8-2-build-linux-amd64/jdk8u60/4407/hotspot/src/share/vm/runtime/sharedRuntime.cpp, line 605]
Event: 2.663 Thread 0x00007f9680329000 Exception <a 'java/lang/ArrayIndexOutOfBoundsException'> (0x00000000f11e3420) thrown at [/HUDSON/workspace/8-2-build-linux-amd64/jdk8u60/4407/hotspot/src/share/vm/runtime/sharedRuntime.cpp, line 605]
Event: 2.753 Thread 0x00007f9680329000 Implicit null exception at 0x00007f96712d2935 to 0x00007f96712d2b5d

Events (10 events):
Event: 29.669 loading class com/sun/javafx/geom/transform/Affine3D$1
Event: 29.669 loading class com/sun/javafx/geom/transform/Affine3D$1 done
Event: 29.671 loading class com/sun/javafx/geom/transform/TransformHelper
Event: 29.671 loading class com/sun/javafx/geom/transform/TransformHelper done
Event: 29.673 loading class com/sun/javafx/geom/DirtyRegionPool$PoolItem
Event: 29.673 loading class com/sun/javafx/geom/DirtyRegionPool$PoolItem done
Event: 29.674 loading class com/sun/javafx/sg/prism/NGNode$RenderRootResult
Event: 29.674 loading class com/sun/javafx/sg/prism/NGNode$RenderRootResult done
Event: 29.931 Executing VM operation: ParallelGCFailedAllocation
Event: 29.977 Executing VM operation: ParallelGCFailedAllocation done


Dynamic libraries:
00400000-00401000 r-xp 00000000 08:01 935610                             /home/emilvanamerongen/jdk1.8.0_60/jre/bin/java
00600000-00601000 rw-p 00000000 08:01 935610                             /home/emilvanamerongen/jdk1.8.0_60/jre/bin/java
00f55000-00f76000 rw-p 00000000 00:00 0                                  [heap]
d2000000-d3f00000 rw-p 00000000 00:00 0 
d3f00000-f0b00000 ---p 00000000 00:00 0 
f0b00000-f2600000 rw-p 00000000 00:00 0 
f2600000-100000000 ---p 00000000 00:00 0 
100000000-100240000 rw-p 00000000 00:00 0 
100240000-140000000 ---p 00000000 00:00 0 
7f9608000000-7f9608021000 rw-p 00000000 00:00 0 
7f9608021000-7f960c000000 ---p 00000000 00:00 0 
7f960f460000-7f960f800000 rw-p 00000000 00:00 0 
7f960fe00000-7f9610000000 rw-s 00000000 00:04 632717326                  /SYSV00000000 (deleted)
7f9610000000-7f9610387000 rw-p 00000000 00:00 0 
7f9610387000-7f9614000000 ---p 00000000 00:00 0 
7f9614000000-7f9614021000 rw-p 00000000 00:00 0 
7f9614021000-7f9618000000 ---p 00000000 00:00 0 
7f9618000000-7f9618022000 rw-p 00000000 00:00 0 
7f9618022000-7f961c000000 ---p 00000000 00:00 0 
7f961c000000-7f961c021000 rw-p 00000000 00:00 0 
7f961c021000-7f9620000000 ---p 00000000 00:00 0 
7f9620000000-7f9620021000 rw-p 00000000 00:00 0 
7f9620021000-7f9624000000 ---p 00000000 00:00 0 
7f9624008000-7f9624356000 rw-p 00000000 00:00 0 
7f9624356000-7f9624369000 r--s 00344000 08:01 816278                     /home/emilvanamerongen/jdk1.8.0_60/jre/lib/resources.jar
7f9624369000-7f9624469000 rw-p 00000000 00:00 0 
7f9624469000-7f9624569000 ---p 00000000 00:00 0 
7f9624569000-7f962456c000 ---p 00000000 00:00 0 
7f962456c000-7f962466a000 rw-p 00000000 00:00 0                          [stack:8177]
7f962466a000-7f9624720000 r--p 00000000 08:01 2491936                    /usr/share/fonts/truetype/dejavu/DejaVuSans.ttf
7f9624720000-7f9624734000 r--p 00000000 08:01 935282                     /home/emilvanamerongen/jdk1.8.0_60/jre/lib/fonts/LucidaBrightItalic.ttf
7f9624734000-7f9624782000 r--p 00000000 08:01 935283                     /home/emilvanamerongen/jdk1.8.0_60/jre/lib/fonts/LucidaSansDemiBold.ttf
7f9624782000-7f96247bc000 r--p 00000000 08:01 935260                     /home/emilvanamerongen/jdk1.8.0_60/jre/lib/fonts/LucidaTypewriterBold.ttf
7f96247bc000-7f9624867000 r--p 00000000 08:01 935298                     /home/emilvanamerongen/jdk1.8.0_60/jre/lib/fonts/LucidaSansRegular.ttf
7f9624867000-7f96248a3000 r--p 00000000 08:01 935096                     /home/emilvanamerongen/jdk1.8.0_60/jre/lib/fonts/LucidaTypewriterRegular.ttf
7f96248a3000-7f96248f8000 r--p 00000000 08:01 935267                     /home/emilvanamerongen/jdk1.8.0_60/jre/lib/fonts/LucidaBrightRegular.ttf
7f96248f8000-7f96248fc000 r-xp 00000000 08:01 935266                     /home/emilvanamerongen/jdk1.8.0_60/jre/lib/amd64/libjavafx_font_pango.so
7f96248fc000-7f9624afb000 ---p 00004000 08:01 935266                     /home/emilvanamerongen/jdk1.8.0_60/jre/lib/amd64/libjavafx_font_pango.so
7f9624afb000-7f9624afc000 rw-p 00003000 08:01 935266                     /home/emilvanamerongen/jdk1.8.0_60/jre/lib/amd64/libjavafx_font_pango.so
7f9624afc000-7f9624cfc000 rw-p 00000000 00:00 0 
7f9624cfc000-7f9624d01000 r-xp 00000000 08:01 935099                     /home/emilvanamerongen/jdk1.8.0_60/jre/lib/amd64/libjavafx_font_freetype.so
7f9624d01000-7f9624f00000 ---p 00005000 08:01 935099                     /home/emilvanamerongen/jdk1.8.0_60/jre/lib/amd64/libjavafx_font_freetype.so
7f9624f00000-7f9624f01000 rw-p 00004000 08:01 935099                     /home/emilvanamerongen/jdk1.8.0_60/jre/lib/amd64/libjavafx_font_freetype.so
7f9624f01000-7f9624f04000 r-xp 00000000 08:01 935335                     /home/emilvanamerongen/jdk1.8.0_60/jre/lib/amd64/libjavafx_font.so
7f9624f04000-7f9625103000 ---p 00003000 08:01 935335                     /home/emilvanamerongen/jdk1.8.0_60/jre/lib/amd64/libjavafx_font.so
7f9625103000-7f9625104000 rw-p 00002000 08:01 935335                     /home/emilvanamerongen/jdk1.8.0_60/jre/lib/amd64/libjavafx_font.so
7f9625104000-7f9625304000 rw-p 00000000 00:00 0 
7f9625304000-7f9625307000 ---p 00000000 00:00 0 
7f9625307000-7f9625405000 rw-p 00000000 00:00 0                          [stack:8176]
7f9625405000-7f9625408000 ---p 00000000 00:00 0 
7f9625408000-7f9625506000 rw-p 00000000 00:00 0                          [stack:8175]
7f9625506000-7f9625507000 ---p 00000000 00:00 0 
7f9625507000-7f9625d07000 rw-p 00000000 00:00 0                          [stack:8173]
7f9625d07000-7f9625d08000 ---p 00000000 00:00 0 
7f9625d08000-7f9626508000 rw-p 00000000 00:00 0                          [stack:8172]
7f9626508000-7f9626513000 r-xp 00000000 08:01 1967355                    /usr/lib/x86_64-linux-gnu/gio/modules/libdconfsettings.so
7f9626513000-7f9626713000 ---p 0000b000 08:01 1967355                    /usr/lib/x86_64-linux-gnu/gio/modules/libdconfsettings.so
7f9626713000-7f9626714000 r--p 0000b000 08:01 1967355                    /usr/lib/x86_64-linux-gnu/gio/modules/libdconfsettings.so
7f9626714000-7f9626715000 rw-p 0000c000 08:01 1967355                    /usr/lib/x86_64-linux-gnu/gio/modules/libdconfsettings.so
7f9626715000-7f962671c000 r-xp 00000000 08:01 1582722                    /usr/lib/x86_64-linux-gnu/libogg.so.0.8.1
7f962671c000-7f962691c000 ---p 00007000 08:01 1582722                    /usr/lib/x86_64-linux-gnu/libogg.so.0.8.1
7f962691c000-7f962691d000 r--p 00007000 08:01 1582722                    /usr/lib/x86_64-linux-gnu/libogg.so.0.8.1
7f962691d000-7f962691e000 rw-p 00008000 08:01 1582722                    /usr/lib/x86_64-linux-gnu/libogg.so.0.8.1
7f962691e000-7f962694a000 r-xp 00000000 08:01 1583000                    /usr/lib/x86_64-linux-gnu/libvorbis.so.0.4.5
7f962694a000-7f9626b49000 ---p 0002c000 08:01 1583000                    /usr/lib/x86_64-linux-gnu/libvorbis.so.0.4.5
7f9626b49000-7f9626b4a000 r--p 0002b000 08:01 1583000                    /usr/lib/x86_64-linux-gnu/libvorbis.so.0.4.5
7f9626b4a000-7f9626b4b000 rw-p 0002c000 08:01 1583000                    /usr/lib/x86_64-linux-gnu/libvorbis.so.0.4.5
7f9626b4b000-7f9626b54000 r-xp 00000000 08:01 1582628                    /usr/lib/x86_64-linux-gnu/libltdl.so.7.3.0
7f9626b54000-7f9626d53000 ---p 00009000 08:01 1582628                    /usr/lib/x86_64-linux-gnu/libltdl.so.7.3.0
7f9626d53000-7f9626d54000 r--p 00008000 08:01 1582628                    /usr/lib/x86_64-linux-gnu/libltdl.so.7.3.0
7f9626d54000-7f9626d55000 rw-p 00009000 08:01 1582628                    /usr/lib/x86_64-linux-gnu/libltdl.so.7.3.0
7f9626d55000-7f9626d69000 r-xp 00000000 08:01 1574376                    /usr/lib/x86_64-linux-gnu/libtdb.so.1.3.8
7f9626d69000-7f9626f68000 ---p 00014000 08:01 1574376                    /usr/lib/x86_64-linux-gnu/libtdb.so.1.3.8
7f9626f68000-7f9626f69000 r--p 00013000 08:01 1574376                    /usr/lib/x86_64-linux-gnu/libtdb.so.1.3.8
7f9626f69000-7f9626f6a000 rw-p 00014000 08:01 1574376                    /usr/lib/x86_64-linux-gnu/libtdb.so.1.3.8
7f9626f6a000-7f9626f71000 r-xp 00000000 08:01 1583004                    /usr/lib/x86_64-linux-gnu/libvorbisfile.so.3.3.4
7f9626f71000-7f9627170000 ---p 00007000 08:01 1583004                    /usr/lib/x86_64-linux-gnu/libvorbisfile.so.3.3.4
7f9627170000-7f9627171000 r--p 00006000 08:01 1583004                    /usr/lib/x86_64-linux-gnu/libvorbisfile.so.3.3.4
7f9627171000-7f9627172000 rw-p 00007000 08:01 1583004                    /usr/lib/x86_64-linux-gnu/libvorbisfile.so.3.3.4
7f9627172000-7f9627181000 r-xp 00000000 08:01 1582142                    /usr/lib/x86_64-linux-gnu/libcanberra.so.0.2.5
7f9627181000-7f9627380000 ---p 0000f000 08:01 1582142                    /usr/lib/x86_64-linux-gnu/libcanberra.so.0.2.5
7f9627380000-7f9627381000 r--p 0000e000 08:01 1582142                    /usr/lib/x86_64-linux-gnu/libcanberra.so.0.2.5
7f9627381000-7f9627382000 rw-p 0000f000 08:01 1582142                    /usr/lib/x86_64-linux-gnu/libcanberra.so.0.2.5
7f9627382000-7f9627386000 r-xp 00000000 08:01 1582138                    /usr/lib/x86_64-linux-gnu/libcanberra-gtk.so.0.1.9
7f9627386000-7f9627585000 ---p 00004000 08:01 1582138                    /usr/lib/x86_64-linux-gnu/libcanberra-gtk.so.0.1.9
7f9627585000-7f9627586000 r--p 00003000 08:01 1582138                    /usr/lib/x86_64-linux-gnu/libcanberra-gtk.so.0.1.9
7f9627586000-7f9627587000 rw-p 00004000 08:01 1582138                    /usr/lib/x86_64-linux-gnu/libcanberra-gtk.so.0.1.9
7f9627587000-7f962758c000 r-xp 00000000 08:01 1967610                    /usr/lib/x86_64-linux-gnu/gtk-2.0/modules/libcanberra-gtk-module.so
7f962758c000-7f962778b000 ---p 00005000 08:01 1967610                    /usr/lib/x86_64-linux-gnu/gtk-2.0/modules/libcanberra-gtk-module.so
7f962778b000-7f962778c000 r--p 00004000 08:01 1967610                    /usr/lib/x86_64-linux-gnu/gtk-2.0/modules/libcanberra-gtk-module.so
7f962778c000-7f962778d000 rw-p 00005000 08:01 1967610                    /usr/lib/x86_64-linux-gnu/gtk-2.0/modules/libcanberra-gtk-module.so
7f962778d000-7f96277bc000 r-xp 00000000 08:01 1967592                    /usr/lib/x86_64-linux-gnu/gtk-2.0/2.10.0/engines/libmurrine.so
7f96277bc000-7f96279bc000 ---p 0002f000 08:01 1967592                    /usr/lib/x86_64-linux-gnu/gtk-2.0/2.10.0/engines/libmurrine.so
7f96279bc000-7f96279bd000 r--p 0002f000 08:01 1967592                    /usr/lib/x86_64-linux-gnu/gtk-2.0/2.10.0/engines/libmurrine.so
7f96279bd000-7f96279be000 rw-p 00030000 08:01 1967592                    /usr/lib/x86_64-linux-gnu/gtk-2.0/2.10.0/engines/libmurrine.so
7f96279be000-7f96279ce000 r-xp 00000000 08:01 1579577                    /usr/lib/x86_64-linux-gnu/libunity-gtk2-parser.so.0.0.0
7f96279ce000-7f9627bcd000 ---p 00010000 08:01 1579577                    /usr/lib/x86_64-linux-gnu/libunity-gtk2-parser.so.0.0.0
7f9627bcd000-7f9627bce000 r--p 0000f000 08:01 1579577                    /usr/lib/x86_64-linux-gnu/libunity-gtk2-parser.so.0.0.0
7f9627bce000-7f9627bcf000 rw-p 00010000 08:01 1579577                    /usr/lib/x86_64-linux-gnu/libunity-gtk2-parser.so.0.0.0
7f9627bcf000-7f9627bd4000 r-xp 00000000 08:01 1974959                    /usr/lib/x86_64-linux-gnu/gtk-2.0/modules/libunity-gtk-module.so
7f9627bd4000-7f9627dd3000 ---p 00005000 08:01 1974959                    /usr/lib/x86_64-linux-gnu/gtk-2.0/modules/libunity-gtk-module.so
7f9627dd3000-7f9627dd4000 r--p 00004000 08:01 1974959                    /usr/lib/x86_64-linux-gnu/gtk-2.0/modules/libunity-gtk-module.so
7f9627dd4000-7f9627dd5000 rw-p 00005000 08:01 1974959                    /usr/lib/x86_64-linux-gnu/gtk-2.0/modules/libunity-gtk-module.so
7f9627dd5000-7f9627dfe000 r-xp 00000000 08:01 935429                     /home/emilvanamerongen/jdk1.8.0_60/jre/lib/amd64/libglass.so
7f9627dfe000-7f9627ffd000 ---p 00029000 08:01 935429                     /home/emilvanamerongen/jdk1.8.0_60/jre/lib/amd64/libglass.so
7f9627ffd000-7f9628000000 rw-p 00028000 08:01 935429                     /home/emilvanamerongen/jdk1.8.0_60/jre/lib/amd64/libglass.so
7f9628000000-7f96284cd000 rw-p 00000000 00:00 0 
7f96284cd000-7f962c000000 ---p 00000000 00:00 0 
7f962c001000-7f962c012000 r-xp 00000000 08:01 1967613                    /usr/lib/x86_64-linux-gnu/gtk-2.0/modules/liboverlay-scrollbar.so
7f962c012000-7f962c211000 ---p 00011000 08:01 1967613                    /usr/lib/x86_64-linux-gnu/gtk-2.0/modules/liboverlay-scrollbar.so
7f962c211000-7f962c212000 r--p 00010000 08:01 1967613                    /usr/lib/x86_64-linux-gnu/gtk-2.0/modules/liboverlay-scrollbar.so
7f962c212000-7f962c213000 rw-p 00011000 08:01 1967613                    /usr/lib/x86_64-linux-gnu/gtk-2.0/modules/liboverlay-scrollbar.so
7f962c213000-7f962c222000 r-xp 00000000 08:01 935384                     /home/emilvanamerongen/jdk1.8.0_60/jre/lib/amd64/libprism_sw.so
7f962c222000-7f962c422000 ---p 0000f000 08:01 935384                     /home/emilvanamerongen/jdk1.8.0_60/jre/lib/amd64/libprism_sw.so
7f962c422000-7f962c423000 rw-p 0000f000 08:01 935384                     /home/emilvanamerongen/jdk1.8.0_60/jre/lib/amd64/libprism_sw.so
7f962c423000-7f962c45a000 r-xp 00000000 08:01 1582951                    /usr/lib/x86_64-linux-gnu/libtxc_dxtn_s2tc.so.0.0.0
7f962c45a000-7f962c659000 ---p 00037000 08:01 1582951                    /usr/lib/x86_64-linux-gnu/libtxc_dxtn_s2tc.so.0.0.0
7f962c659000-7f962c65a000 r--p 00036000 08:01 1582951                    /usr/lib/x86_64-linux-gnu/libtxc_dxtn_s2tc.so.0.0.0
7f962c65a000-7f962c65b000 rw-p 00037000 08:01 1582951                    /usr/lib/x86_64-linux-gnu/libtxc_dxtn_s2tc.so.0.0.0
7f962c65b000-7f962c65c000 ---p 00000000 00:00 0 
7f962c65c000-7f962ce5c000 rw-p 00000000 00:00 0                          [stack:8171]
7f962ce5c000-7f962ce5d000 ---p 00000000 00:00 0 
7f962ce5d000-7f962d65d000 rw-p 00000000 00:00 0                          [stack:8170]
7f962d65d000-7f962d65e000 ---p 00000000 00:00 0 
7f962d65e000-7f962de5e000 rw-p 00000000 00:00 0                          [stack:8169]
7f962de5e000-7f962de5f000 ---p 00000000 00:00 0 
7f962de5f000-7f962e65f000 rw-p 00000000 00:00 0                          [stack:8168]
7f962e65f000-7f962fe5d000 r-xp 00000000 08:01 1581875                    /usr/lib/x86_64-linux-gnu/libLLVM-3.4.so.1
7f962fe5d000-7f962ffeb000 r--p 017fd000 08:01 1581875                    /usr/lib/x86_64-linux-gnu/libLLVM-3.4.so.1
7f962ffeb000-7f962ffed000 rw-p 0198b000 08:01 1581875                    /usr/lib/x86_64-linux-gnu/libLLVM-3.4.so.1
7f962ffed000-7f9630000000 rw-p 00000000 00:00 0 
7f9630000000-7f9630021000 rw-p 00000000 00:00 0 
7f9630021000-7f9634000000 ---p 00000000 00:00 0 
7f9634000000-7f9634021000 rw-p 00000000 00:00 0 
7f9634021000-7f9638000000 ---p 00000000 00:00 0 
7f9638000000-7f9638b61000 rw-p 00000000 00:00 0 
7f9638b61000-7f963c000000 ---p 00000000 00:00 0 
7f963c000000-7f963c79b000 rw-p 00000000 00:00 0 
7f963c79b000-7f9640000000 ---p 00000000 00:00 0 
7f9640000000-7f9640021000 rw-p 00000000 00:00 0 
7f9640021000-7f9644000000 ---p 00000000 00:00 0 
7f9644000000-7f9644458000 rw-p 00000000 00:00 0 
7f9644458000-7f9648000000 ---p 00000000 00:00 0 
7f9648000000-7f9648021000 rw-p 00000000 00:00 0 
7f9648021000-7f964c000000 ---p 00000000 00:00 0 
7f964c000000-7f964c021000 rw-p 00000000 00:00 0 
7f964c021000-7f9650000000 ---p 00000000 00:00 0 
7f9650000000-7f9650021000 rw-p 00000000 00:00 0 
7f9650021000-7f9654000000 ---p 00000000 00:00 0 
7f9654000000-7f9654021000 rw-p 00000000 00:00 0 
7f9654021000-7f9658000000 ---p 00000000 00:00 0 
7f9658000000-7f9658021000 rw-p 00000000 00:00 0 
7f9658021000-7f965c000000 ---p 00000000 00:00 0 
7f965c00f000-7f965c022000 r--p 00000000 08:01 935100                     /home/emilvanamerongen/jdk1.8.0_60/jre/lib/fonts/LucidaBrightDemiItalic.ttf
7f965c022000-7f965c035000 r--p 00000000 08:01 935261                     /home/emilvanamerongen/jdk1.8.0_60/jre/lib/fonts/LucidaBrightDemiBold.ttf
7f965c035000-7f965c05a000 r-xp 00000000 08:01 528492                     /lib/x86_64-linux-gnu/libtinfo.so.5.9
7f965c05a000-7f965c259000 ---p 00025000 08:01 528492                     /lib/x86_64-linux-gnu/libtinfo.so.5.9
7f965c259000-7f965c25d000 r--p 00024000 08:01 528492                     /lib/x86_64-linux-gnu/libtinfo.so.5.9
7f965c25d000-7f965c25e000 rw-p 00028000 08:01 528492                     /lib/x86_64-linux-gnu/libtinfo.so.5.9
7f965c25e000-7f965c448000 r-xp 00000000 08:01 1575126                    /usr/lib/x86_64-linux-gnu/libgallium.so.0.0.0
7f965c448000-7f965c648000 ---p 001ea000 08:01 1575126                    /usr/lib/x86_64-linux-gnu/libgallium.so.0.0.0
7f965c648000-7f965c658000 r--p 001ea000 08:01 1575126                    /usr/lib/x86_64-linux-gnu/libgallium.so.0.0.0
7f965c658000-7f965c65a000 rw-p 001fa000 08:01 1575126                    /usr/lib/x86_64-linux-gnu/libgallium.so.0.0.0
7f965c65a000-7f965c822000 rw-p 00000000 00:00 0 
7f965c822000-7f965cb4f000 r-xp 00000000 08:01 1969550                    /usr/lib/x86_64-linux-gnu/dri/swrast_dri.so
7f965cb4f000-7f965cd4f000 ---p 0032d000 08:01 1969550                    /usr/lib/x86_64-linux-gnu/dri/swrast_dri.so
7f965cd4f000-7f965cd5e000 r--p 0032d000 08:01 1969550                    /usr/lib/x86_64-linux-gnu/dri/swrast_dri.so
7f965cd5e000-7f965cd66000 rw-p 0033c000 08:01 1969550                    /usr/lib/x86_64-linux-gnu/dri/swrast_dri.so
7f965cd66000-7f965cd86000 rw-p 00000000 00:00 0 
7f965cd86000-7f965cd8c000 r-xp 00000000 08:01 1582206                    /usr/lib/x86_64-linux-gnu/libdatrie.so.1.3.1
7f965cd8c000-7f965cf8b000 ---p 00006000 08:01 1582206                    /usr/lib/x86_64-linux-gnu/libdatrie.so.1.3.1
7f965cf8b000-7f965cf8c000 r--p 00005000 08:01 1582206                    /usr/lib/x86_64-linux-gnu/libdatrie.so.1.3.1
7f965cf8c000-7f965cf8d000 rw-p 00006000 08:01 1582206                    /usr/lib/x86_64-linux-gnu/libdatrie.so.1.3.1
7f965cf8d000-7f965cf92000 r-xp 00000000 08:01 1582014                    /usr/lib/x86_64-linux-gnu/libXdmcp.so.6.0.0
7f965cf92000-7f965d191000 ---p 00005000 08:01 1582014                    /usr/lib/x86_64-linux-gnu/libXdmcp.so.6.0.0
7f965d191000-7f965d192000 r--p 00004000 08:01 1582014                    /usr/lib/x86_64-linux-gnu/libXdmcp.so.6.0.0
7f965d192000-7f965d193000 rw-p 00005000 08:01 1582014                    /usr/lib/x86_64-linux-gnu/libXdmcp.so.6.0.0
7f965d193000-7f965d195000 r-xp 00000000 08:01 1582003                    /usr/lib/x86_64-linux-gnu/libXau.so.6.0.0
7f965d195000-7f965d395000 ---p 00002000 08:01 1582003                    /usr/lib/x86_64-linux-gnu/libXau.so.6.0.0
7f965d395000-7f965d396000 r--p 00002000 08:01 1582003                    /usr/lib/x86_64-linux-gnu/libXau.so.6.0.0
7f965d396000-7f965d397000 rw-p 00003000 08:01 1582003                    /usr/lib/x86_64-linux-gnu/libXau.so.6.0.0
7f965d397000-7f965d3bb000 r-xp 00000000 08:01 1574878                    /usr/lib/x86_64-linux-gnu/libgraphite2.so.3.0.1
7f965d3bb000-7f965d5ba000 ---p 00024000 08:01 1574878                    /usr/lib/x86_64-linux-gnu/libgraphite2.so.3.0.1
7f965d5ba000-7f965d5bc000 r--p 00023000 08:01 1574878                    /usr/lib/x86_64-linux-gnu/libgraphite2.so.3.0.1
7f965d5bc000-7f965d5bd000 rw-p 00025000 08:01 1574878                    /usr/lib/x86_64-linux-gnu/libgraphite2.so.3.0.1
7f965d5bd000-7f965d5ca000 r-xp 00000000 08:01 1573510                    /usr/lib/x86_64-linux-gnu/libdrm.so.2.4.0
7f965d5ca000-7f965d7c9000 ---p 0000d000 08:01 1573510                    /usr/lib/x86_64-linux-gnu/libdrm.so.2.4.0
7f965d7c9000-7f965d7ca000 r--p 0000c000 08:01 1573510                    /usr/lib/x86_64-linux-gnu/libdrm.so.2.4.0
7f965d7ca000-7f965d7cb000 rw-p 0000d000 08:01 1573510                    /usr/lib/x86_64-linux-gnu/libdrm.so.2.4.0
7f965d7cb000-7f965d7cc000 r-xp 00000000 08:01 1583079                    /usr/lib/x86_64-linux-gnu/libxshmfence.so.1.0.0
7f965d7cc000-7f965d9cb000 ---p 00001000 08:01 1583079                    /usr/lib/x86_64-linux-gnu/libxshmfence.so.1.0.0
7f965d9cb000-7f965d9cc000 r--p 00000000 08:01 1583079                    /usr/lib/x86_64-linux-gnu/libxshmfence.so.1.0.0
7f965d9cc000-7f965d9cd000 rw-p 00001000 08:01 1583079                    /usr/lib/x86_64-linux-gnu/libxshmfence.so.1.0.0
7f965d9cd000-7f965d9d2000 r-xp 00000000 08:01 1583063                    /usr/lib/x86_64-linux-gnu/libxcb-sync.so.1.0.0
7f965d9d2000-7f965dbd1000 ---p 00005000 08:01 1583063                    /usr/lib/x86_64-linux-gnu/libxcb-sync.so.1.0.0
7f965dbd1000-7f965dbd2000 r--p 00004000 08:01 1583063                    /usr/lib/x86_64-linux-gnu/libxcb-sync.so.1.0.0
7f965dbd2000-7f965dbd3000 rw-p 00005000 08:01 1583063                    /usr/lib/x86_64-linux-gnu/libxcb-sync.so.1.0.0
7f965dbd3000-7f965dbd5000 r-xp 00000000 08:01 1583051                    /usr/lib/x86_64-linux-gnu/libxcb-present.so.0.0.0
7f965dbd5000-7f965ddd4000 ---p 00002000 08:01 1583051                    /usr/lib/x86_64-linux-gnu/libxcb-present.so.0.0.0
7f965ddd4000-7f965ddd5000 r--p 00001000 08:01 1583051                    /usr/lib/x86_64-linux-gnu/libxcb-present.so.0.0.0
7f965ddd5000-7f965ddd6000 rw-p 00002000 08:01 1583051                    /usr/lib/x86_64-linux-gnu/libxcb-present.so.0.0.0
7f965ddd6000-7f965ddd8000 r-xp 00000000 08:01 1583043                    /usr/lib/x86_64-linux-gnu/libxcb-dri3.so.0.0.0
7f965ddd8000-7f965dfd7000 ---p 00002000 08:01 1583043                    /usr/lib/x86_64-linux-gnu/libxcb-dri3.so.0.0.0
7f965dfd7000-7f965dfd8000 r--p 00001000 08:01 1583043                    /usr/lib/x86_64-linux-gnu/libxcb-dri3.so.0.0.0
7f965dfd8000-7f965dfd9000 rw-p 00002000 08:01 1583043                    /usr/lib/x86_64-linux-gnu/libxcb-dri3.so.0.0.0
7f965dfd9000-7f965dfdc000 r-xp 00000000 08:01 1583041                    /usr/lib/x86_64-linux-gnu/libxcb-dri2.so.0.0.0
7f965dfdc000-7f965e1dc000 ---p 00003000 08:01 1583041                    /usr/lib/x86_64-linux-gnu/libxcb-dri2.so.0.0.0
7f965e1dc000-7f965e1dd000 r--p 00003000 08:01 1583041                    /usr/lib/x86_64-linux-gnu/libxcb-dri2.so.0.0.0
7f965e1dd000-7f965e1de000 rw-p 00004000 08:01 1583041                    /usr/lib/x86_64-linux-gnu/libxcb-dri2.so.0.0.0
7f965e1de000-7f965e1f3000 r-xp 00000000 08:01 1583045                    /usr/lib/x86_64-linux-gnu/libxcb-glx.so.0.0.0
7f965e1f3000-7f965e3f2000 ---p 00015000 08:01 1583045                    /usr/lib/x86_64-linux-gnu/libxcb-glx.so.0.0.0
7f965e3f2000-7f965e3f4000 r--p 00014000 08:01 1583045                    /usr/lib/x86_64-linux-gnu/libxcb-glx.so.0.0.0
7f965e3f4000-7f965e3f5000 rw-p 00016000 08:01 1583045                    /usr/lib/x86_64-linux-gnu/libxcb-glx.so.0.0.0
7f965e3f5000-7f965e3f6000 r-xp 00000000 08:01 1581997                    /usr/lib/x86_64-linux-gnu/libX11-xcb.so.1.0.0
7f965e3f6000-7f965e5f5000 ---p 00001000 08:01 1581997                    /usr/lib/x86_64-linux-gnu/libX11-xcb.so.1.0.0
7f965e5f5000-7f965e5f6000 r--p 00000000 08:01 1581997                    /usr/lib/x86_64-linux-gnu/libX11-xcb.so.1.0.0
7f965e5f6000-7f965e5f7000 rw-p 00001000 08:01 1581997                    /usr/lib/x86_64-linux-gnu/libX11-xcb.so.1.0.0
7f965e5f7000-7f965e619000 r-xp 00000000 08:01 1573050                    /usr/lib/x86_64-linux-gnu/libglapi.so.0.0.0
7f965e619000-7f965e819000 ---p 00022000 08:01 1573050                    /usr/lib/x86_64-linux-gnu/libglapi.so.0.0.0
7f965e819000-7f965e81c000 r--p 00022000 08:01 1573050                    /usr/lib/x86_64-linux-gnu/libglapi.so.0.0.0
7f965e81c000-7f965e81d000 rw-p 00025000 08:01 1573050                    /usr/lib/x86_64-linux-gnu/libglapi.so.0.0.0
7f965e81d000-7f965e81e000 rw-p 00000000 00:00 0 
7f965e81e000-7f965e85b000 r-xp 00000000 08:01 524377                     /lib/x86_64-linux-gnu/libpcre.so.3.13.1
7f965e85b000-7f965ea5a000 ---p 0003d000 08:01 524377                     /lib/x86_64-linux-gnu/libpcre.so.3.13.1
7f965ea5a000-7f965ea5b000 r--p 0003c000 08:01 524377                     /lib/x86_64-linux-gnu/libpcre.so.3.13.1
7f965ea5b000-7f965ea5c000 rw-p 0003d000 08:01 524377                     /lib/x86_64-linux-gnu/libpcre.so.3.13.1
7f965ea5c000-7f965ea63000 r-xp 00000000 08:01 1574322                    /usr/lib/x86_64-linux-gnu/libffi.so.6.0.1
7f965ea63000-7f965ec62000 ---p 00007000 08:01 1574322                    /usr/lib/x86_64-linux-gnu/libffi.so.6.0.1
7f965ec62000-7f965ec63000 r--p 00006000 08:01 1574322                    /usr/lib/x86_64-linux-gnu/libffi.so.6.0.1
7f965ec63000-7f965ec64000 rw-p 00007000 08:01 1574322                    /usr/lib/x86_64-linux-gnu/libffi.so.6.0.1
7f965ec64000-7f965ec8b000 r-xp 00000000 08:01 528455                     /lib/x86_64-linux-gnu/libexpat.so.1.6.0
7f965ec8b000-7f965ee8b000 ---p 00027000 08:01 528455                     /lib/x86_64-linux-gnu/libexpat.so.1.6.0
7f965ee8b000-7f965ee8d000 r--p 00027000 08:01 528455                     /lib/x86_64-linux-gnu/libexpat.so.1.6.0
7f965ee8d000-7f965ee8e000 rw-p 00029000 08:01 528455                     /lib/x86_64-linux-gnu/libexpat.so.1.6.0
7f965ee8e000-7f965ee96000 r-xp 00000000 08:01 1582931                    /usr/lib/x86_64-linux-gnu/libthai.so.0.2.0
7f965ee96000-7f965f095000 ---p 00008000 08:01 1582931                    /usr/lib/x86_64-linux-gnu/libthai.so.0.2.0
7f965f095000-7f965f096000 r--p 00007000 08:01 1582931                    /usr/lib/x86_64-linux-gnu/libthai.so.0.2.0
7f965f096000-7f965f097000 rw-p 00008000 08:01 1582931                    /usr/lib/x86_64-linux-gnu/libthai.so.0.2.0
7f965f097000-7f965f0b4000 r-xp 00000000 08:01 1583071                    /usr/lib/x86_64-linux-gnu/libxcb.so.1.1.0
7f965f0b4000-7f965f2b4000 ---p 0001d000 08:01 1583071                    /usr/lib/x86_64-linux-gnu/libxcb.so.1.1.0
7f965f2b4000-7f965f2b5000 r--p 0001d000 08:01 1583071                    /usr/lib/x86_64-linux-gnu/libxcb.so.1.1.0
7f965f2b5000-7f965f2b6000 rw-p 0001e000 08:01 1583071                    /usr/lib/x86_64-linux-gnu/libxcb.so.1.1.0
7f965f2b6000-7f965f2be000 r-xp 00000000 08:01 1583057                    /usr/lib/x86_64-linux-gnu/libxcb-render.so.0.0.0
7f965f2be000-7f965f4bd000 ---p 00008000 08:01 1583057                    /usr/lib/x86_64-linux-gnu/libxcb-render.so.0.0.0
7f965f4bd000-7f965f4be000 r--p 00007000 08:01 1583057                    /usr/lib/x86_64-linux-gnu/libxcb-render.so.0.0.0
7f965f4be000-7f965f4bf000 rw-p 00008000 08:01 1583057                    /usr/lib/x86_64-linux-gnu/libxcb-render.so.0.0.0
7f965f4bf000-7f965f4c1000 r-xp 00000000 08:01 1583061                    /usr/lib/x86_64-linux-gnu/libxcb-shm.so.0.0.0
7f965f4c1000-7f965f6c0000 ---p 00002000 08:01 1583061                    /usr/lib/x86_64-linux-gnu/libxcb-shm.so.0.0.0
7f965f6c0000-7f965f6c1000 r--p 00001000 08:01 1583061                    /usr/lib/x86_64-linux-gnu/libxcb-shm.so.0.0.0
7f965f6c1000-7f965f6c2000 rw-p 00002000 08:01 1583061                    /usr/lib/x86_64-linux-gnu/libxcb-shm.so.0.0.0
7f965f6c2000-7f965f6e7000 r-xp 00000000 08:01 525470                     /lib/x86_64-linux-gnu/libpng12.so.0.50.0
7f965f6e7000-7f965f8e6000 ---p 00025000 08:01 525470                     /lib/x86_64-linux-gnu/libpng12.so.0.50.0
7f965f8e6000-7f965f8e7000 r--p 00024000 08:01 525470                     /lib/x86_64-linux-gnu/libpng12.so.0.50.0
7f965f8e7000-7f965f8e8000 rw-p 00025000 08:01 525470                     /lib/x86_64-linux-gnu/libpng12.so.0.50.0
7f965f8e8000-7f965f988000 r-xp 00000000 08:01 1573742                    /usr/lib/x86_64-linux-gnu/libpixman-1.so.0.30.2
7f965f988000-7f965fb88000 ---p 000a0000 08:01 1573742                    /usr/lib/x86_64-linux-gnu/libpixman-1.so.0.30.2
7f965fb88000-7f965fb8f000 r--p 000a0000 08:01 1573742                    /usr/lib/x86_64-linux-gnu/libpixman-1.so.0.30.2
7f965fb8f000-7f965fb90000 rw-p 000a7000 08:01 1573742                    /usr/lib/x86_64-linux-gnu/libpixman-1.so.0.30.2
7f965fb90000-7f965fbe3000 r-xp 00000000 08:01 1581971                    /usr/lib/x86_64-linux-gnu/libharfbuzz.so.0.927.0
7f965fbe3000-7f965fde3000 ---p 00053000 08:01 1581971                    /usr/lib/x86_64-linux-gnu/libharfbuzz.so.0.927.0
7f965fde3000-7f965fde4000 r--p 00053000 08:01 1581971                    /usr/lib/x86_64-linux-gnu/libharfbuzz.so.0.927.0
7f965fde4000-7f965fde5000 rw-p 00054000 08:01 1581971                    /usr/lib/x86_64-linux-gnu/libharfbuzz.so.0.927.0
7f965fde5000-7f965fdfc000 r-xp 00000000 08:01 526651                     /lib/x86_64-linux-gnu/libresolv-2.19.so
7f965fdfc000-7f965fffc000 ---p 00017000 08:01 526651                     /lib/x86_64-linux-gnu/libresolv-2.19.so
7f965fffc000-7f965fffd000 r--p 00017000 08:01 526651                     /lib/x86_64-linux-gnu/libresolv-2.19.so
7f965fffd000-7f965fffe000 rw-p 00018000 08:01 526651                     /lib/x86_64-linux-gnu/libresolv-2.19.so
7f965fffe000-7f9660000000 rw-p 00000000 00:00 0 
7f9660000000-7f9660021000 rw-p 00000000 00:00 0 
7f9660021000-7f9664000000 ---p 00000000 00:00 0 
7f9664010000-7f9664015000 r--s 00083000 08:01 816310                     /home/emilvanamerongen/jdk1.8.0_60/jre/lib/jfr.jar
7f9664015000-7f9664016000 r--s 00000000 08:01 1740802                    /var/cache/fontconfig/087e1975ba9a574b140bb1df193bf770-le64.cache-4
7f9664016000-7f9664017000 r--s 00000000 08:01 1736588                    /var/cache/fontconfig/c05880de57d1f5e948fdfacc138775d9-le64.cache-4
7f9664017000-7f9664022000 r--s 00000000 08:01 1708572                    /var/cache/fontconfig/945677eb7aeaf62f1d50efc3fb3ec7d8-le64.cache-4
7f9664022000-7f9664028000 r--s 00000000 08:01 1736586                    /var/cache/fontconfig/2cd17615ca594fa2959ae173292e504c-le64.cache-4
7f9664028000-7f9664029000 r--s 00000000 08:01 1736585                    /var/cache/fontconfig/e7071f4a29fa870f4323321c154eba04-le64.cache-4
7f9664029000-7f966402a000 r--s 00000000 08:01 1736584                    /var/cache/fontconfig/0d8c3b2ac0904cb8a57a757ad11a4a08-le64.cache-4
7f966402a000-7f9664031000 r--s 00000000 08:01 1736583                    /var/cache/fontconfig/a755afe4a08bf5b97852ceb7400b47bc-le64.cache-4
7f9664031000-7f9664035000 r--s 00000000 08:01 1736582                    /var/cache/fontconfig/de156ccd2eddbdc19d37a45b8b2aac9c-le64.cache-4
7f9664035000-7f9664049000 r--s 00000000 08:01 1736581                    /var/cache/fontconfig/04aabc0a78ac019cf9454389977116d2-le64.cache-4
7f9664049000-7f966404a000 r--s 00000000 08:01 1736580                    /var/cache/fontconfig/1ac9eb803944fde146138c791f5cc56a-le64.cache-4
7f966404a000-7f966404e000 r--s 00000000 08:01 1736579                    /var/cache/fontconfig/385c0604a188198f04d133e54aba7fe7-le64.cache-4
7f966404e000-7f966404f000 r--s 00000000 08:01 1740801                    /var/cache/fontconfig/9c956a7723ca69a44b382d9179c9802f-le64.cache-4
7f966404f000-7f9664050000 r--s 00000000 08:01 1736578                    /var/cache/fontconfig/dc05db6664285cc2f12bf69c139ae4c3-le64.cache-4
7f9664050000-7f9664052000 r--s 00000000 08:01 1736577                    /var/cache/fontconfig/767a8244fc0220cfb567a839d0392e0b-le64.cache-4
7f9664052000-7f9664053000 r--s 00000000 08:01 1736576                    /var/cache/fontconfig/4794a0821666d79190d59a36cb4f44b5-le64.cache-4
7f9664053000-7f9664054000 r--s 00000000 08:01 1740800                    /var/cache/fontconfig/9eae20f1ff8cc0a7d125749e875856bd-le64.cache-4
7f9664054000-7f9664056000 r--s 00000000 08:01 1740799                    /var/cache/fontconfig/bf2c1853a9e9b00bb02fe2e9bcf1e201-le64.cache-4
7f9664056000-7f966405b000 r--s 00000000 08:01 1736575                    /var/cache/fontconfig/8801497958630a81b71ace7c5f9b32a8-le64.cache-4
7f966405b000-7f966405f000 r--s 00000000 08:01 1740798                    /var/cache/fontconfig/c57959a16110560c8d0fcea73374aeeb-le64.cache-4
7f966405f000-7f9664066000 r--s 00000000 08:01 1736574                    /var/cache/fontconfig/3047814df9a2f067bd2d96a2b9c36e5a-le64.cache-4
7f9664066000-7f966406a000 r--s 00000000 08:01 1740797                    /var/cache/fontconfig/bf3b770c553c462765856025a94f1ce6-le64.cache-4
7f966406a000-7f966406b000 r--s 00000000 08:01 1736573                    /var/cache/fontconfig/56cf4f4769d0f4abc89a4895d7bd3ae1-le64.cache-4
7f966406b000-7f966406c000 r--s 00000000 08:01 1736572                    /var/cache/fontconfig/b9d506c9ac06c20b433354fa67a72993-le64.cache-4
7f966406c000-7f9664072000 r--s 00000000 08:01 1736571                    /var/cache/fontconfig/b47c4e1ecd0709278f4910c18777a504-le64.cache-4
7f9664072000-7f9664075000 r--s 00000000 08:01 1740796                    /var/cache/fontconfig/14d493b97896515cad3840ba4896e372-le64.cache-4
7f9664075000-7f9664078000 r--s 00000000 08:01 1740794                    /var/cache/fontconfig/e49e89034d371f0f9de17aab02136486-le64.cache-4
7f9664078000-7f966408b000 r--s 00000000 08:01 1736570                    /var/cache/fontconfig/d52a8644073d54c13679302ca1180695-le64.cache-4
7f966408b000-7f9664094000 r--s 00000000 08:01 1736569                    /var/cache/fontconfig/3f7329c5293ffd510edef78f73874cfd-le64.cache-4
7f9664094000-7f966409f000 r--s 00000000 08:01 1733943                    /var/cache/fontconfig/d589a48862398ed80a3d6066f4f56f4c-le64.cache-4
7f966409f000-7f96640a9000 r--s 00000000 08:01 1740786                    /var/cache/fontconfig/198d8fcf01c96d0cf813f74fd759bdb7-le64.cache-4
7f96640a9000-7f96640b4000 r--s 00000000 08:01 1740784                    /var/cache/fontconfig/83bf95040141907cd45bb53cf7c1c148-le64.cache-4
7f96640b4000-7f96640bd000 r--s 00000000 08:01 1740783                    /var/cache/fontconfig/d0972c3d32f097851eb916381fc38920-le64.cache-4
7f96640bd000-7f96640db000 r--s 00000000 08:01 1705994                    /var/cache/fontconfig/467c019e582ee353435ea5c21d137ef6-le64.cache-4
7f96640db000-7f96640fb000 r-xp 00000000 08:01 525266                     /lib/x86_64-linux-gnu/libselinux.so.1
7f96640fb000-7f96642fa000 ---p 00020000 08:01 525266                     /lib/x86_64-linux-gnu/libselinux.so.1
7f96642fa000-7f96642fb000 r--p 0001f000 08:01 525266                     /lib/x86_64-linux-gnu/libselinux.so.1
7f96642fb000-7f96642fc000 rw-p 00020000 08:01 525266                     /lib/x86_64-linux-gnu/libselinux.so.1
7f96642fc000-7f96642fe000 rw-p 00000000 00:00 0 
7f96642fe000-7f9664316000 r-xp 00000000 08:01 528509                     /lib/x86_64-linux-gnu/libz.so.1.2.8
7f9664316000-7f9664515000 ---p 00018000 08:01 528509                     /lib/x86_64-linux-gnu/libz.so.1.2.8
7f9664515000-7f9664516000 r--p 00017000 08:01 528509                     /lib/x86_64-linux-gnu/libz.so.1.2.8
7f9664516000-7f9664517000 rw-p 00018000 08:01 528509                     /lib/x86_64-linux-gnu/libz.so.1.2.8
7f9664517000-7f9664528000 r-xp 00000000 08:01 1579568                    /usr/lib/x86_64-linux-gnu/libXext.so.6.4.0
7f9664528000-7f9664727000 ---p 00011000 08:01 1579568                    /usr/lib/x86_64-linux-gnu/libXext.so.6.4.0
7f9664727000-7f9664728000 r--p 00010000 08:01 1579568                    /usr/lib/x86_64-linux-gnu/libXext.so.6.4.0
7f9664728000-7f9664729000 rw-p 00011000 08:01 1579568                    /usr/lib/x86_64-linux-gnu/libXext.so.6.4.0
7f9664729000-7f966472b000 r-xp 00000000 08:01 1582012                    /usr/lib/x86_64-linux-gnu/libXdamage.so.1.1.0
7f966472b000-7f966492a000 ---p 00002000 08:01 1582012                    /usr/lib/x86_64-linux-gnu/libXdamage.so.1.1.0
7f966492a000-7f966492b000 r--p 00001000 08:01 1582012                    /usr/lib/x86_64-linux-gnu/libXdamage.so.1.1.0
7f966492b000-7f966492c000 rw-p 00002000 08:01 1582012                    /usr/lib/x86_64-linux-gnu/libXdamage.so.1.1.0
7f966492c000-7f966492e000 r-xp 00000000 08:01 1582008                    /usr/lib/x86_64-linux-gnu/libXcomposite.so.1.0.0
7f966492e000-7f9664b2d000 ---p 00002000 08:01 1582008                    /usr/lib/x86_64-linux-gnu/libXcomposite.so.1.0.0
7f9664b2d000-7f9664b2e000 r--p 00001000 08:01 1582008                    /usr/lib/x86_64-linux-gnu/libXcomposite.so.1.0.0
7f9664b2e000-7f9664b2f000 rw-p 00002000 08:01 1582008                    /usr/lib/x86_64-linux-gnu/libXcomposite.so.1.0.0
7f9664b2f000-7f9664b38000 r-xp 00000000 08:01 1582010                    /usr/lib/x86_64-linux-gnu/libXcursor.so.1.0.2
7f9664b38000-7f9664d37000 ---p 00009000 08:01 1582010                    /usr/lib/x86_64-linux-gnu/libXcursor.so.1.0.2
7f9664d37000-7f9664d38000 r--p 00008000 08:01 1582010                    /usr/lib/x86_64-linux-gnu/libXcursor.so.1.0.2
7f9664d38000-7f9664d39000 rw-p 00009000 08:01 1582010                    /usr/lib/x86_64-linux-gnu/libXcursor.so.1.0.2
7f9664d39000-7f9664d42000 r-xp 00000000 08:01 1572915                    /usr/lib/x86_64-linux-gnu/libXrandr.so.2.2.0
7f9664d42000-7f9664f41000 ---p 00009000 08:01 1572915                    /usr/lib/x86_64-linux-gnu/libXrandr.so.2.2.0
7f9664f41000-7f9664f42000 r--p 00008000 08:01 1572915                    /usr/lib/x86_64-linux-gnu/libXrandr.so.2.2.0
7f9664f42000-7f9664f43000 rw-p 00009000 08:01 1572915                    /usr/lib/x86_64-linux-gnu/libXrandr.so.2.2.0
7f9664f43000-7f9664f52000 r-xp 00000000 08:01 1574235                    /usr/lib/x86_64-linux-gnu/libXi.so.6.1.0
7f9664f52000-7f9665151000 ---p 0000f000 08:01 1574235                    /usr/lib/x86_64-linux-gnu/libXi.so.6.1.0
7f9665151000-7f9665152000 r--p 0000e000 08:01 1574235                    /usr/lib/x86_64-linux-gnu/libXi.so.6.1.0
7f9665152000-7f9665153000 rw-p 0000f000 08:01 1574235                    /usr/lib/x86_64-linux-gnu/libXi.so.6.1.0
7f9665153000-7f9665155000 r-xp 00000000 08:01 1582026                    /usr/lib/x86_64-linux-gnu/libXinerama.so.1.0.0
7f9665155000-7f9665354000 ---p 00002000 08:01 1582026                    /usr/lib/x86_64-linux-gnu/libXinerama.so.1.0.0
7f9665354000-7f9665355000 r--p 00001000 08:01 1582026                    /usr/lib/x86_64-linux-gnu/libXinerama.so.1.0.0
7f9665355000-7f9665356000 rw-p 00002000 08:01 1582026                    /usr/lib/x86_64-linux-gnu/libXinerama.so.1.0.0
7f9665356000-7f966535f000 r-xp 00000000 08:01 1575136                    /usr/lib/x86_64-linux-gnu/libXrender.so.1.3.0
7f966535f000-7f966555e000 ---p 00009000 08:01 1575136                    /usr/lib/x86_64-linux-gnu/libXrender.so.1.3.0
7f966555e000-7f966555f000 r--p 00008000 08:01 1575136                    /usr/lib/x86_64-linux-gnu/libXrender.so.1.3.0
7f966555f000-7f9665560000 rw-p 00009000 08:01 1575136                    /usr/lib/x86_64-linux-gnu/libXrender.so.1.3.0
7f9665560000-7f9665565000 r-xp 00000000 08:01 1575139                    /usr/lib/x86_64-linux-gnu/libXfixes.so.3.1.0
7f9665565000-7f9665764000 ---p 00005000 08:01 1575139                    /usr/lib/x86_64-linux-gnu/libXfixes.so.3.1.0
7f9665764000-7f9665765000 r--p 00004000 08:01 1575139                    /usr/lib/x86_64-linux-gnu/libXfixes.so.3.1.0
7f9665765000-7f9665766000 rw-p 00005000 08:01 1575139                    /usr/lib/x86_64-linux-gnu/libXfixes.so.3.1.0
7f9665766000-7f966577c000 r-xp 00000000 08:01 525271                     /lib/x86_64-linux-gnu/libgcc_s.so.1
7f966577c000-7f966597b000 ---p 00016000 08:01 525271                     /lib/x86_64-linux-gnu/libgcc_s.so.1
7f966597b000-7f966597c000 rw-p 00015000 08:01 525271                     /lib/x86_64-linux-gnu/libgcc_s.so.1
7f966597c000-7f9665a62000 r-xp 00000000 08:01 1577116                    /usr/lib/x86_64-linux-gnu/libstdc++.so.6.0.19
7f9665a62000-7f9665c61000 ---p 000e6000 08:01 1577116                    /usr/lib/x86_64-linux-gnu/libstdc++.so.6.0.19
7f9665c61000-7f9665c69000 r--p 000e5000 08:01 1577116                    /usr/lib/x86_64-linux-gnu/libstdc++.so.6.0.19
7f9665c69000-7f9665c6b000 rw-p 000ed000 08:01 1577116                    /usr/lib/x86_64-linux-gnu/libstdc++.so.6.0.19
7f9665c6b000-7f9665c80000 rw-p 00000000 00:00 0 
7f9665c80000-7f9665ce2000 r-xp 00000000 08:01 1970555                    /usr/lib/x86_64-linux-gnu/mesa/libGL.so.1.2.0
7f9665ce2000-7f9665ee1000 ---p 00062000 08:01 1970555                    /usr/lib/x86_64-linux-gnu/mesa/libGL.so.1.2.0
7f9665ee1000-7f9665ee4000 r--p 00061000 08:01 1970555                    /usr/lib/x86_64-linux-gnu/mesa/libGL.so.1.2.0
7f9665ee4000-7f9665ee5000 rw-p 00064000 08:01 1970555                    /usr/lib/x86_64-linux-gnu/mesa/libGL.so.1.2.0
7f9665ee5000-7f9665ee6000 rw-p 00000000 00:00 0 
7f9665ee6000-7f9665eea000 r-xp 00000000 08:01 1582054                    /usr/lib/x86_64-linux-gnu/libXxf86vm.so.1.0.0
7f9665eea000-7f96660ea000 ---p 00004000 08:01 1582054                    /usr/lib/x86_64-linux-gnu/libXxf86vm.so.1.0.0
7f96660ea000-7f96660eb000 r--p 00004000 08:01 1582054                    /usr/lib/x86_64-linux-gnu/libXxf86vm.so.1.0.0
7f96660eb000-7f96660ec000 rw-p 00005000 08:01 1582054                    /usr/lib/x86_64-linux-gnu/libXxf86vm.so.1.0.0
7f96660ec000-7f966621c000 r-xp 00000000 08:01 1581999                    /usr/lib/x86_64-linux-gnu/libX11.so.6.3.0
7f966621c000-7f966641c000 ---p 00130000 08:01 1581999                    /usr/lib/x86_64-linux-gnu/libX11.so.6.3.0
7f966641c000-7f966641d000 r--p 00130000 08:01 1581999                    /usr/lib/x86_64-linux-gnu/libX11.so.6.3.0
7f966641d000-7f9666421000 rw-p 00131000 08:01 1581999                    /usr/lib/x86_64-linux-gnu/libX11.so.6.3.0
7f9666421000-7f9666426000 r-xp 00000000 08:01 1582044                    /usr/lib/x86_64-linux-gnu/libXtst.so.6.1.0
7f9666426000-7f9666625000 ---p 00005000 08:01 1582044                    /usr/lib/x86_64-linux-gnu/libXtst.so.6.1.0
7f9666625000-7f9666626000 r--p 00004000 08:01 1582044                    /usr/lib/x86_64-linux-gnu/libXtst.so.6.1.0
7f9666626000-7f9666627000 rw-p 00005000 08:01 1582044                    /usr/lib/x86_64-linux-gnu/libXtst.so.6.1.0
7f9666627000-7f966672d000 r-xp 00000000 08:01 528311                     /lib/x86_64-linux-gnu/libglib-2.0.so.0.4002.0
7f966672d000-7f966692c000 ---p 00106000 08:01 528311                     /lib/x86_64-linux-gnu/libglib-2.0.so.0.4002.0
7f966692c000-7f966692d000 r--p 00105000 08:01 528311                     /lib/x86_64-linux-gnu/libglib-2.0.so.0.4002.0
7f966692d000-7f966692e000 rw-p 00106000 08:01 528311                     /lib/x86_64-linux-gnu/libglib-2.0.so.0.4002.0
7f966692e000-7f966692f000 rw-p 00000000 00:00 0 
7f966692f000-7f9666930000 r-xp 00000000 08:01 1573249                    /usr/lib/x86_64-linux-gnu/libgthread-2.0.so.0.4002.0
7f9666930000-7f9666b2f000 ---p 00001000 08:01 1573249                    /usr/lib/x86_64-linux-gnu/libgthread-2.0.so.0.4002.0
7f9666b2f000-7f9666b30000 r--p 00000000 08:01 1573249                    /usr/lib/x86_64-linux-gnu/libgthread-2.0.so.0.4002.0
7f9666b30000-7f9666b31000 rw-p 00001000 08:01 1573249                    /usr/lib/x86_64-linux-gnu/libgthread-2.0.so.0.4002.0
7f9666b31000-7f9666b34000 r-xp 00000000 08:01 1573228                    /usr/lib/x86_64-linux-gnu/libgmodule-2.0.so.0.4002.0
7f9666b34000-7f9666d33000 ---p 00003000 08:01 1573228                    /usr/lib/x86_64-linux-gnu/libgmodule-2.0.so.0.4002.0
7f9666d33000-7f9666d34000 r--p 00002000 08:01 1573228                    /usr/lib/x86_64-linux-gnu/libgmodule-2.0.so.0.4002.0
7f9666d34000-7f9666d35000 rw-p 00003000 08:01 1573228                    /usr/lib/x86_64-linux-gnu/libgmodule-2.0.so.0.4002.0
7f9666d35000-7f9666d84000 r-xp 00000000 08:01 1573246                    /usr/lib/x86_64-linux-gnu/libgobject-2.0.so.0.4002.0
7f9666d84000-7f9666f84000 ---p 0004f000 08:01 1573246                    /usr/lib/x86_64-linux-gnu/libgobject-2.0.so.0.4002.0
7f9666f84000-7f9666f85000 r--p 0004f000 08:01 1573246                    /usr/lib/x86_64-linux-gnu/libgobject-2.0.so.0.4002.0
7f9666f85000-7f9666f86000 rw-p 00050000 08:01 1573246                    /usr/lib/x86_64-linux-gnu/libgobject-2.0.so.0.4002.0
7f9666f86000-7f9666fc0000 r-xp 00000000 08:01 1575111                    /usr/lib/x86_64-linux-gnu/libfontconfig.so.1.8.0
7f9666fc0000-7f96671bf000 ---p 0003a000 08:01 1575111                    /usr/lib/x86_64-linux-gnu/libfontconfig.so.1.8.0
7f96671bf000-7f96671c1000 r--p 00039000 08:01 1575111                    /usr/lib/x86_64-linux-gnu/libfontconfig.so.1.8.0
7f96671c1000-7f96671c2000 rw-p 0003b000 08:01 1575111                    /usr/lib/x86_64-linux-gnu/libfontconfig.so.1.8.0
7f96671c2000-7f966725f000 r-xp 00000000 08:01 1573111                    /usr/lib/x86_64-linux-gnu/libfreetype.so.6.11.1
7f966725f000-7f966745e000 ---p 0009d000 08:01 1573111                    /usr/lib/x86_64-linux-gnu/libfreetype.so.6.11.1
7f966745e000-7f9667464000 r--p 0009c000 08:01 1573111                    /usr/lib/x86_64-linux-gnu/libfreetype.so.6.11.1
7f9667464000-7f9667465000 rw-p 000a2000 08:01 1573111                    /usr/lib/x86_64-linux-gnu/libfreetype.so.6.11.1
7f9667465000-7f96674af000 r-xp 00000000 08:01 1574394                    /usr/lib/x86_64-linux-gnu/libpango-1.0.so.0.3600.3
7f96674af000-7f96676af000 ---p 0004a000 08:01 1574394                    /usr/lib/x86_64-linux-gnu/libpango-1.0.so.0.3600.3
7f96676af000-7f96676b1000 r--p 0004a000 08:01 1574394                    /usr/lib/x86_64-linux-gnu/libpango-1.0.so.0.3600.3
7f96676b1000-7f96676b2000 rw-p 0004c000 08:01 1574394                    /usr/lib/x86_64-linux-gnu/libpango-1.0.so.0.3600.3
7f96676b2000-7f96677b8000 r-xp 00000000 08:01 1573006                    /usr/lib/x86_64-linux-gnu/libcairo.so.2.11301.0
7f96677b8000-7f96679b7000 ---p 00106000 08:01 1573006                    /usr/lib/x86_64-linux-gnu/libcairo.so.2.11301.0
7f96679b7000-7f96679ba000 r--p 00105000 08:01 1573006                    /usr/lib/x86_64-linux-gnu/libcairo.so.2.11301.0
7f96679ba000-7f96679bb000 rw-p 00108000 08:01 1573006                    /usr/lib/x86_64-linux-gnu/libcairo.so.2.11301.0
7f96679bb000-7f96679bd000 rw-p 00000000 00:00 0 
7f96679bd000-7f96679c8000 r-xp 00000000 08:01 1574392                    /usr/lib/x86_64-linux-gnu/libpangocairo-1.0.so.0.3600.3
7f96679c8000-7f9667bc8000 ---p 0000b000 08:01 1574392                    /usr/lib/x86_64-linux-gnu/libpangocairo-1.0.so.0.3600.3
7f9667bc8000-7f9667bc9000 r--p 0000b000 08:01 1574392                    /usr/lib/x86_64-linux-gnu/libpangocairo-1.0.so.0.3600.3
7f9667bc9000-7f9667bca000 rw-p 0000c000 08:01 1574392                    /usr/lib/x86_64-linux-gnu/libpangocairo-1.0.so.0.3600.3
7f9667bca000-7f9667bea000 r-xp 00000000 08:01 1573638                    /usr/lib/x86_64-linux-gnu/libgdk_pixbuf-2.0.so.0.3000.7
7f9667bea000-7f9667de9000 ---p 00020000 08:01 1573638                    /usr/lib/x86_64-linux-gnu/libgdk_pixbuf-2.0.so.0.3000.7
7f9667de9000-7f9667dea000 r--p 0001f000 08:01 1573638                    /usr/lib/x86_64-linux-gnu/libgdk_pixbuf-2.0.so.0.3000.7
7f9667dea000-7f9667deb000 rw-p 00020000 08:01 1573638                    /usr/lib/x86_64-linux-gnu/libgdk_pixbuf-2.0.so.0.3000.7
7f9667deb000-7f9667dff000 r-xp 00000000 08:01 1582737                    /usr/lib/x86_64-linux-gnu/libpangoft2-1.0.so.0.3600.3
7f9667dff000-7f9667ffe000 ---p 00014000 08:01 1582737                    /usr/lib/x86_64-linux-gnu/libpangoft2-1.0.so.0.3600.3
7f9667ffe000-7f9667fff000 r--p 00013000 08:01 1582737                    /usr/lib/x86_64-linux-gnu/libpangoft2-1.0.so.0.3600.3
7f9667fff000-7f9668000000 rw-p 00014000 08:01 1582737                    /usr/lib/x86_64-linux-gnu/libpangoft2-1.0.so.0.3600.3
7f9668000000-7f9668021000 rw-p 00000000 00:00 0 
7f9668021000-7f966c000000 ---p 00000000 00:00 0 
7f966c000000-7f966c001000 r--s 00000000 08:01 1740795                    /var/cache/fontconfig/89034621ae2a8922916bb6bfa5799546-le64.cache-4
7f966c001000-7f966c003000 r--s 00000000 08:01 1740793                    /var/cache/fontconfig/4b14b093aebc79c320de5e86ae1d3314-le64.cache-4
7f966c003000-7f966c005000 r--s 00000000 08:01 1740791                    /var/cache/fontconfig/65f976e5259cbe6dc7697b8648396239-le64.cache-4
7f966c005000-7f966c018000 r--s 00000000 08:01 1740779                    /var/cache/fontconfig/4ac51e5cfbc76fc3f983e470323a16d3-le64.cache-4
7f966c018000-7f966c01b000 ---p 00000000 00:00 0 
7f966c01b000-7f966c119000 rw-p 00000000 00:00 0                          [stack:8174]
7f966c119000-7f966c159000 r--p 00000000 08:01 2490426                    /usr/share/glib-2.0/schemas/gschemas.compiled
7f966c159000-7f966c2c5000 r-xp 00000000 08:01 1573250                    /usr/lib/x86_64-linux-gnu/libgio-2.0.so.0.4002.0
7f966c2c5000-7f966c4c4000 ---p 0016c000 08:01 1573250                    /usr/lib/x86_64-linux-gnu/libgio-2.0.so.0.4002.0
7f966c4c4000-7f966c4c8000 r--p 0016b000 08:01 1573250                    /usr/lib/x86_64-linux-gnu/libgio-2.0.so.0.4002.0
7f966c4c8000-7f966c4ca000 rw-p 0016f000 08:01 1573250                    /usr/lib/x86_64-linux-gnu/libgio-2.0.so.0.4002.0
7f966c4ca000-7f966c4cc000 rw-p 00000000 00:00 0 
7f966c4cc000-7f966c4eb000 r-xp 00000000 08:01 1582095                    /usr/lib/x86_64-linux-gnu/libatk-1.0.so.0.21009.1
7f966c4eb000-7f966c6eb000 ---p 0001f000 08:01 1582095                    /usr/lib/x86_64-linux-gnu/libatk-1.0.so.0.21009.1
7f966c6eb000-7f966c6ed000 r--p 0001f000 08:01 1582095                    /usr/lib/x86_64-linux-gnu/libatk-1.0.so.0.21009.1
7f966c6ed000-7f966c6ee000 rw-p 00021000 08:01 1582095                    /usr/lib/x86_64-linux-gnu/libatk-1.0.so.0.21009.1
7f966c6ee000-7f966c79b000 r-xp 00000000 08:01 1573117                    /usr/lib/x86_64-linux-gnu/libgdk-x11-2.0.so.0.2400.23
7f966c79b000-7f966c99b000 ---p 000ad000 08:01 1573117                    /usr/lib/x86_64-linux-gnu/libgdk-x11-2.0.so.0.2400.23
7f966c99b000-7f966c99f000 r--p 000ad000 08:01 1573117                    /usr/lib/x86_64-linux-gnu/libgdk-x11-2.0.so.0.2400.23
7f966c99f000-7f966c9a1000 rw-p 000b1000 08:01 1573117                    /usr/lib/x86_64-linux-gnu/libgdk-x11-2.0.so.0.2400.23
7f966c9a1000-7f966cdd1000 r-xp 00000000 08:01 1578015                    /usr/lib/x86_64-linux-gnu/libgtk-x11-2.0.so.0.2400.23
7f966cdd1000-7f966cfd0000 ---p 00430000 08:01 1578015                    /usr/lib/x86_64-linux-gnu/libgtk-x11-2.0.so.0.2400.23
7f966cfd0000-7f966cfd7000 r--p 0042f000 08:01 1578015                    /usr/lib/x86_64-linux-gnu/libgtk-x11-2.0.so.0.2400.23
7f966cfd7000-7f966cfdb000 rw-p 00436000 08:01 1578015                    /usr/lib/x86_64-linux-gnu/libgtk-x11-2.0.so.0.2400.23
7f966cfdb000-7f966cfde000 rw-p 00000000 00:00 0 
7f966cfde000-7f966cfdf000 r--s 00000000 08:01 1740792                    /var/cache/fontconfig/8a687c406b77f27d99abfeeba937fcce-le64.cache-4
7f966cfdf000-7f966cfe0000 r--s 00000000 08:01 1740790                    /var/cache/fontconfig/94f7fe9bd33aadfac165873bd010d595-le64.cache-4
7f966cfe0000-7f966cfe2000 r--s 00000000 08:01 1740789                    /var/cache/fontconfig/423767150eb258c59035de29db6fca84-le64.cache-4
7f966cfe2000-7f966cffa000 r--s 00000000 08:01 1740775                    /var/cache/fontconfig/e13b20fdb08344e0e664864cc2ede53d-le64.cache-4
7f966cffa000-7f966d006000 r-xp 00000000 08:01 935360                     /home/emilvanamerongen/jdk1.8.0_60/jre/lib/amd64/libprism_es2.so
7f966d006000-7f966d205000 ---p 0000c000 08:01 935360                     /home/emilvanamerongen/jdk1.8.0_60/jre/lib/amd64/libprism_es2.so
7f966d205000-7f966d206000 rw-p 0000b000 08:01 935360                     /home/emilvanamerongen/jdk1.8.0_60/jre/lib/amd64/libprism_es2.so
7f966d206000-7f966d209000 ---p 00000000 00:00 0 
7f966d209000-7f966d307000 rw-p 00000000 00:00 0                          [stack:8167]
7f966d307000-7f966d308000 ---p 00000000 00:00 0 
7f966d308000-7f966d408000 rw-p 00000000 00:00 0                          [stack:8166]
7f966d408000-7f966d40b000 ---p 00000000 00:00 0 
7f966d40b000-7f966d509000 rw-p 00000000 00:00 0                          [stack:8165]
7f966d509000-7f966d50c000 ---p 00000000 00:00 0 
7f966d50c000-7f966d60a000 rw-p 00000000 00:00 0                          [stack:8164]
7f966d60a000-7f966d60d000 ---p 00000000 00:00 0 
7f966d60d000-7f966d70b000 rw-p 00000000 00:00 0                          [stack:8163]
7f966d70b000-7f966d70e000 ---p 00000000 00:00 0 
7f966d70e000-7f966d80c000 rw-p 00000000 00:00 0                          [stack:8162]
7f966d80c000-7f966d80f000 ---p 00000000 00:00 0 
7f966d80f000-7f966d90d000 rw-p 00000000 00:00 0                          [stack:8161]
7f966d90d000-7f966dfef000 r--p 00000000 08:01 1580864                    /usr/lib/locale/locale-archive
7f966dfef000-7f966dff2000 ---p 00000000 00:00 0 
7f966dff2000-7f966e0f0000 rw-p 00000000 00:00 0                          [stack:8160]
7f966e0f0000-7f966e0f3000 ---p 00000000 00:00 0 
7f966e0f3000-7f966e1f1000 rw-p 00000000 00:00 0                          [stack:8159]
7f966e1f1000-7f966e1f2000 ---p 00000000 00:00 0 
7f966e1f2000-7f9671000000 rw-p 00000000 00:00 0                          [stack:8158]
7f9671000000-7f96714e0000 rwxp 00000000 00:00 0 
7f96714f0000-7f9680000000 ---p 00000000 00:00 0 
7f9680000000-7f96804e4000 rw-p 00000000 00:00 0 
7f96804e4000-7f9684000000 ---p 00000000 00:00 0 
7f9684000000-7f9684001000 r--s 00000000 08:01 1740788                    /var/cache/fontconfig/406a1d2d2bf3ed7664fbadefac0b2f66-le64.cache-4
7f9684001000-7f9684003000 r--s 00000000 08:01 1740787                    /var/cache/fontconfig/67709b7835c0f764c1135060c9575660-le64.cache-4
7f9684003000-7f9684004000 r--s 00000000 08:01 1733677                    /var/cache/fontconfig/0c9eb80ebd1c36541ebe2852d3bb0c49-le64.cache-4
7f9684004000-7f9684006000 r--s 00000000 08:01 1740782                    /var/cache/fontconfig/6e6b34ae150a7ad95e82fb4a522f0bda-le64.cache-4
7f9684006000-7f9684007000 r--s 00000000 08:01 1740781                    /var/cache/fontconfig/3334a778d104e76d188e9df399bc24d2-le64.cache-4
7f9684007000-7f968400e000 r--s 00000000 08:01 1740780                    /var/cache/fontconfig/53d14c92082a93e67d5078324eb314ca-le64.cache-4
7f968400e000-7f9684011000 r--s 00000000 08:01 1740777                    /var/cache/fontconfig/de83a0a961185c8bd1f159015d56c039-le64.cache-4
7f9684011000-7f96840a7000 r--s 01107000 08:01 935497                     /home/emilvanamerongen/jdk1.8.0_60/jre/lib/ext/jfxrt.jar
7f96840a7000-7f96841f7000 rw-p 00000000 00:00 0 
7f96841f7000-7f96843cf000 r--s 03d17000 08:01 816312                     /home/emilvanamerongen/jdk1.8.0_60/jre/lib/rt.jar
7f96843cf000-7f968453f000 rw-p 00000000 00:00 0 
7f968453f000-7f9684540000 ---p 00000000 00:00 0 
7f9684540000-7f9684640000 rw-p 00000000 00:00 0                          [stack:8157]
7f9684640000-7f9684641000 ---p 00000000 00:00 0 
7f9684641000-7f9684741000 rw-p 00000000 00:00 0                          [stack:8156]
7f9684741000-7f9684742000 ---p 00000000 00:00 0 
7f9684742000-7f9684842000 rw-p 00000000 00:00 0                          [stack:8155]
7f9684842000-7f9684843000 ---p 00000000 00:00 0 
7f9684843000-7f9684953000 rw-p 00000000 00:00 0                          [stack:8154]
7f9684953000-7f9684a39000 ---p 00000000 00:00 0 
7f9684a39000-7f9684a49000 rw-p 00000000 00:00 0 
7f9684a49000-7f9684b2e000 ---p 00000000 00:00 0 
7f9684b2e000-7f9684b3c000 rw-p 00000000 00:00 0 
7f9684b3c000-7f9684ba9000 ---p 00000000 00:00 0 
7f9684ba9000-7f9684bbe000 rw-p 00000000 00:00 0 
7f9684bbe000-7f9684f6a000 ---p 00000000 00:00 0 
7f9684f6a000-7f9684f84000 r-xp 00000000 08:01 935468                     /home/emilvanamerongen/jdk1.8.0_60/jre/lib/amd64/libzip.so
7f9684f84000-7f9685184000 ---p 0001a000 08:01 935468                     /home/emilvanamerongen/jdk1.8.0_60/jre/lib/amd64/libzip.so
7f9685184000-7f9685185000 rw-p 0001a000 08:01 935468                     /home/emilvanamerongen/jdk1.8.0_60/jre/lib/amd64/libzip.so
7f9685185000-7f968518f000 r-xp 00000000 08:01 552208                     /lib/x86_64-linux-gnu/libnss_files-2.19.so
7f968518f000-7f968538e000 ---p 0000a000 08:01 552208                     /lib/x86_64-linux-gnu/libnss_files-2.19.so
7f968538e000-7f968538f000 r--p 00009000 08:01 552208                     /lib/x86_64-linux-gnu/libnss_files-2.19.so
7f968538f000-7f9685390000 rw-p 0000a000 08:01 552208                     /lib/x86_64-linux-gnu/libnss_files-2.19.so
7f9685390000-7f968539b000 r-xp 00000000 08:01 552200                     /lib/x86_64-linux-gnu/libnss_nis-2.19.so
7f968539b000-7f968559a000 ---p 0000b000 08:01 552200                     /lib/x86_64-linux-gnu/libnss_nis-2.19.so
7f968559a000-7f968559b000 r--p 0000a000 08:01 552200                     /lib/x86_64-linux-gnu/libnss_nis-2.19.so
7f968559b000-7f968559c000 rw-p 0000b000 08:01 552200                     /lib/x86_64-linux-gnu/libnss_nis-2.19.so
7f968559c000-7f96855b3000 r-xp 00000000 08:01 552196                     /lib/x86_64-linux-gnu/libnsl-2.19.so
7f96855b3000-7f96857b2000 ---p 00017000 08:01 552196                     /lib/x86_64-linux-gnu/libnsl-2.19.so
7f96857b2000-7f96857b3000 r--p 00016000 08:01 552196                     /lib/x86_64-linux-gnu/libnsl-2.19.so
7f96857b3000-7f96857b4000 rw-p 00017000 08:01 552196                     /lib/x86_64-linux-gnu/libnsl-2.19.so
7f96857b4000-7f96857b6000 rw-p 00000000 00:00 0 
7f96857b6000-7f96857bf000 r-xp 00000000 08:01 552195                     /lib/x86_64-linux-gnu/libnss_compat-2.19.so
7f96857bf000-7f96859be000 ---p 00009000 08:01 552195                     /lib/x86_64-linux-gnu/libnss_compat-2.19.so
7f96859be000-7f96859bf000 r--p 00008000 08:01 552195                     /lib/x86_64-linux-gnu/libnss_compat-2.19.so
7f96859bf000-7f96859c0000 rw-p 00009000 08:01 552195                     /lib/x86_64-linux-gnu/libnss_compat-2.19.so
7f96859c0000-7f96859ea000 r-xp 00000000 08:01 935445                     /home/emilvanamerongen/jdk1.8.0_60/jre/lib/amd64/libjava.so
7f96859ea000-7f9685bea000 ---p 0002a000 08:01 935445                     /home/emilvanamerongen/jdk1.8.0_60/jre/lib/amd64/libjava.so
7f9685bea000-7f9685bec000 rw-p 0002a000 08:01 935445                     /home/emilvanamerongen/jdk1.8.0_60/jre/lib/amd64/libjava.so
7f9685bec000-7f9685bf9000 r-xp 00000000 08:01 935415                     /home/emilvanamerongen/jdk1.8.0_60/jre/lib/amd64/libverify.so
7f9685bf9000-7f9685df9000 ---p 0000d000 08:01 935415                     /home/emilvanamerongen/jdk1.8.0_60/jre/lib/amd64/libverify.so
7f9685df9000-7f9685dfb000 rw-p 0000d000 08:01 935415                     /home/emilvanamerongen/jdk1.8.0_60/jre/lib/amd64/libverify.so
7f9685dfb000-7f9685e02000 r-xp 00000000 08:01 552204                     /lib/x86_64-linux-gnu/librt-2.19.so
7f9685e02000-7f9686001000 ---p 00007000 08:01 552204                     /lib/x86_64-linux-gnu/librt-2.19.so
7f9686001000-7f9686002000 r--p 00006000 08:01 552204                     /lib/x86_64-linux-gnu/librt-2.19.so
7f9686002000-7f9686003000 rw-p 00007000 08:01 552204                     /lib/x86_64-linux-gnu/librt-2.19.so
7f9686003000-7f9686108000 r-xp 00000000 08:01 552182                     /lib/x86_64-linux-gnu/libm-2.19.so
7f9686108000-7f9686307000 ---p 00105000 08:01 552182                     /lib/x86_64-linux-gnu/libm-2.19.so
7f9686307000-7f9686308000 r--p 00104000 08:01 552182                     /lib/x86_64-linux-gnu/libm-2.19.so
7f9686308000-7f9686309000 rw-p 00105000 08:01 552182                     /lib/x86_64-linux-gnu/libm-2.19.so
7f9686309000-7f9686fc7000 r-xp 00000000 08:01 935345                     /home/emilvanamerongen/jdk1.8.0_60/jre/lib/amd64/server/libjvm.so
7f9686fc7000-7f96871c6000 ---p 00cbe000 08:01 935345                     /home/emilvanamerongen/jdk1.8.0_60/jre/lib/amd64/server/libjvm.so
7f96871c6000-7f968729e000 rw-p 00cbd000 08:01 935345                     /home/emilvanamerongen/jdk1.8.0_60/jre/lib/amd64/server/libjvm.so
7f968729e000-7f96872e3000 rw-p 00000000 00:00 0 
7f96872e3000-7f968749d000 r-xp 00000000 08:01 552205                     /lib/x86_64-linux-gnu/libc-2.19.so
7f968749d000-7f968769d000 ---p 001ba000 08:01 552205                     /lib/x86_64-linux-gnu/libc-2.19.so
7f968769d000-7f96876a1000 r--p 001ba000 08:01 552205                     /lib/x86_64-linux-gnu/libc-2.19.so
7f96876a1000-7f96876a3000 rw-p 001be000 08:01 552205                     /lib/x86_64-linux-gnu/libc-2.19.so
7f96876a3000-7f96876a8000 rw-p 00000000 00:00 0 
7f96876a8000-7f96876ab000 r-xp 00000000 08:01 552192                     /lib/x86_64-linux-gnu/libdl-2.19.so
7f96876ab000-7f96878aa000 ---p 00003000 08:01 552192                     /lib/x86_64-linux-gnu/libdl-2.19.so
7f96878aa000-7f96878ab000 r--p 00002000 08:01 552192                     /lib/x86_64-linux-gnu/libdl-2.19.so
7f96878ab000-7f96878ac000 rw-p 00003000 08:01 552192                     /lib/x86_64-linux-gnu/libdl-2.19.so
7f96878ac000-7f96878c1000 r-xp 00000000 08:01 935398                     /home/emilvanamerongen/jdk1.8.0_60/jre/lib/amd64/jli/libjli.so
7f96878c1000-7f9687ac1000 ---p 00015000 08:01 935398                     /home/emilvanamerongen/jdk1.8.0_60/jre/lib/amd64/jli/libjli.so
7f9687ac1000-7f9687ac2000 rw-p 00015000 08:01 935398                     /home/emilvanamerongen/jdk1.8.0_60/jre/lib/amd64/jli/libjli.so
7f9687ac2000-7f9687adb000 r-xp 00000000 08:01 552197                     /lib/x86_64-linux-gnu/libpthread-2.19.so
7f9687adb000-7f9687cda000 ---p 00019000 08:01 552197                     /lib/x86_64-linux-gnu/libpthread-2.19.so
7f9687cda000-7f9687cdb000 r--p 00018000 08:01 552197                     /lib/x86_64-linux-gnu/libpthread-2.19.so
7f9687cdb000-7f9687cdc000 rw-p 00019000 08:01 552197                     /lib/x86_64-linux-gnu/libpthread-2.19.so
7f9687cdc000-7f9687ce0000 rw-p 00000000 00:00 0 
7f9687ce0000-7f9687d03000 r-xp 00000000 08:01 552198                     /lib/x86_64-linux-gnu/ld-2.19.so
7f9687d03000-7f9687d04000 r--s 00000000 08:01 1740778                    /var/cache/fontconfig/c277e94e32b20404286a1ddafa5a80f0-le64.cache-4
7f9687d04000-7f9687d08000 r--s 00000000 08:01 1740774                    /var/cache/fontconfig/7ef2298fde41cc6eeb7af42e48b7d293-le64.cache-4
7f9687d08000-7f9687d0e000 r--p 00000000 08:01 821671                     /home/emilvanamerongen/.config/dconf/user
7f9687d0e000-7f9687ddf000 rw-p 00000000 00:00 0 
7f9687ddf000-7f9687de2000 ---p 00000000 00:00 0 
7f9687de2000-7f9687ee4000 rw-p 00000000 00:00 0                          [stack:8152]
7f9687ee4000-7f9687ee5000 r--s 00000000 08:01 1739652                    /var/cache/fontconfig/e0aa53bcfa504e64f87823c16bc01eb6-le64.cache-4
7f9687ee5000-7f9687ee6000 r--s 00000000 00:15 20023                      /run/user/1000/dconf/user
7f9687ee6000-7f9687ee7000 r--s 00000000 08:01 1332491                    /home/emilvanamerongen/NetBeansProjects/concordia/dist/run1631144684/concordia.jar
7f9687ee7000-7f9687ef6000 rw-p 00000000 00:00 0 
7f9687ef6000-7f9687efe000 rw-s 00000000 08:01 2379278                    /tmp/hsperfdata_emilvanamerongen/8149
7f9687efe000-7f9687eff000 rw-p 00000000 00:00 0 
7f9687eff000-7f9687f00000 r--p 00000000 00:00 0 
7f9687f00000-7f9687f02000 rw-p 00000000 00:00 0 
7f9687f02000-7f9687f03000 r--p 00022000 08:01 552198                     /lib/x86_64-linux-gnu/ld-2.19.so
7f9687f03000-7f9687f04000 rw-p 00023000 08:01 552198                     /lib/x86_64-linux-gnu/ld-2.19.so
7f9687f04000-7f9687f05000 rw-p 00000000 00:00 0 
7ffcde89e000-7ffcde8bf000 rw-p 00000000 00:00 0                          [stack]
7ffcde943000-7ffcde945000 r-xp 00000000 00:00 0                          [vdso]
ffffffffff600000-ffffffffff601000 r-xp 00000000 00:00 0                  [vsyscall]

VM Arguments:
jvm_args: -Dfile.encoding=UTF-8 
java_command: /home/emilvanamerongen/NetBeansProjects/concordia/dist/run1631144684/concordia.jar
java_class_path (initial): /home/emilvanamerongen/NetBeansProjects/concordia/dist/run1631144684/concordia.jar
Launcher Type: SUN_STANDARD

Environment Variables:
JAVA_HOME=/usr/lib/jvm/java-8-oracle
PATH=/usr/local/sbin:/usr/local/bin:/usr/sbin:/usr/bin:/sbin:/bin:/usr/games:/usr/local/games:/usr/lib/jvm/java-8-oracle/bin:/usr/lib/jvm/java-8-oracle/db/bin:/usr/lib/jvm/java-8-oracle/jre/bin
LD_LIBRARY_PATH=/home/emilvanamerongen/jdk1.8.0_60/jre/lib/amd64:/home/emilvanamerongen/jdk1.8.0_60/jre/lib/i386:
SHELL=/bin/bash
DISPLAY=:0

Signal Handlers:
SIGSEGV: [libjvm.so+0xaba070], sa_mask[0]=11111111011111111101111111111110, sa_flags=SA_RESTART|SA_SIGINFO
SIGBUS: [libjvm.so+0xaba070], sa_mask[0]=11111111011111111101111111111110, sa_flags=SA_RESTART|SA_SIGINFO
SIGFPE: [libjvm.so+0x917630], sa_mask[0]=11111111011111111101111111111110, sa_flags=SA_RESTART|SA_SIGINFO
SIGPIPE: SIG_IGN, sa_mask[0]=00000000000010000000000000000000, sa_flags=SA_RESTART
SIGXFSZ: [libjvm.so+0x917630], sa_mask[0]=11111111011111111101111111111110, sa_flags=SA_RESTART|SA_SIGINFO
SIGILL: [libjvm.so+0x917630], sa_mask[0]=11111111011111111101111111111110, sa_flags=SA_RESTART|SA_SIGINFO
SIGUSR1: SIG_DFL, sa_mask[0]=00000000000000000000000000000000, sa_flags=none
SIGUSR2: [libjvm.so+0x918c60], sa_mask[0]=00100000000000000000000000000000, sa_flags=SA_RESTART|SA_SIGINFO
SIGHUP: [libjvm.so+0x91a060], sa_mask[0]=11111111011111111101111111111110, sa_flags=SA_RESTART|SA_SIGINFO
SIGINT: SIG_IGN, sa_mask[0]=00000000000000000000000000000000, sa_flags=none
SIGTERM: [libjvm.so+0x91a060], sa_mask[0]=11111111011111111101111111111110, sa_flags=SA_RESTART|SA_SIGINFO
SIGQUIT: [libjvm.so+0x91a060], sa_mask[0]=11111111011111111101111111111110, sa_flags=SA_RESTART|SA_SIGINFO


---------------  S Y S T E M  ---------------

OS:DISTRIB_ID=Ubuntu
DISTRIB_RELEASE=14.04
DISTRIB_CODENAME=trusty
DISTRIB_DESCRIPTION="Ubuntu 14.04.5 LTS"

uname:Linux 3.13.0-100-generic #147-Ubuntu SMP Tue Oct 18 16:48:51 UTC 2016 x86_64
libc:glibc 2.19 NPTL 2.19 
rlimit: STACK 8192k, CORE 0k, NPROC 23365, NOFILE 4096, AS infinity
load average:2.04 1.20 0.78

/proc/meminfo:
MemTotal:        3012748 kB
MemFree:           81368 kB
Buffers:             140 kB
Cached:            50204 kB
SwapCached:         3696 kB
Active:          2175504 kB
Inactive:         611264 kB
Active(anon):    2172172 kB
Inactive(anon):   608560 kB
Active(file):       3332 kB
Inactive(file):     2704 kB
Unevictable:          56 kB
Mlocked:              56 kB
SwapTotal:       1046524 kB
SwapFree:              0 kB
Dirty:               124 kB
Writeback:             0 kB
AnonPages:       2732508 kB
Mapped:             8740 kB
Shmem:             44012 kB
Slab:              58812 kB
SReclaimable:      25544 kB
SUnreclaim:        33268 kB
KernelStack:        6064 kB
PageTables:        40224 kB
NFS_Unstable:          0 kB
Bounce:                0 kB
WritebackTmp:          0 kB
CommitLimit:     2552896 kB
Committed_AS:    7737376 kB
VmallocTotal:   34359738367 kB
VmallocUsed:       31192 kB
VmallocChunk:   34359618228 kB
HardwareCorrupted:     0 kB
AnonHugePages:   1392640 kB
HugePages_Total:       0
HugePages_Free:        0
HugePages_Rsvd:        0
HugePages_Surp:        0
Hugepagesize:       2048 kB
DirectMap4k:       65472 kB
DirectMap2M:     3080192 kB


CPU:total 4 (4 cores per cpu, 1 threads per core) family 6 model 42 stepping 7, cmov, cx8, fxsr, mmx, sse, sse2, sse3, ssse3, sse4.1, sse4.2, popcnt, avx, aes, clmul, tsc, tscinvbit

/proc/cpuinfo:
processor	: 0
vendor_id	: GenuineIntel
cpu family	: 6
model		: 42
model name	: Intel(R) Core(TM) i7-2620M CPU @ 2.70GHz
stepping	: 7
cpu MHz		: 2700.000
cache size	: 4096 KB
physical id	: 0
siblings	: 4
core id		: 0
cpu cores	: 4
apicid		: 0
initial apicid	: 0
fpu		: yes
fpu_exception	: yes
cpuid level	: 13
wp		: yes
flags		: fpu vme de pse tsc msr pae mce cx8 apic sep mtrr pge mca cmov pat pse36 clflush mmx fxsr sse sse2 ss ht syscall nx rdtscp lm constant_tsc nopl xtopology nonstop_tsc pni pclmulqdq ssse3 cx16 pcid sse4_1 sse4_2 x2apic popcnt aes xsave avx hypervisor lahf_lm ida arat
bogomips	: 5400.00
clflush size	: 64
cache_alignment	: 64
address sizes	: 36 bits physical, 48 bits virtual
power management:

processor	: 1
vendor_id	: GenuineIntel
cpu family	: 6
model		: 42
model name	: Intel(R) Core(TM) i7-2620M CPU @ 2.70GHz
stepping	: 7
cpu MHz		: 2700.000
cache size	: 4096 KB
physical id	: 0
siblings	: 4
core id		: 1
cpu cores	: 4
apicid		: 1
initial apicid	: 1
fpu		: yes
fpu_exception	: yes
cpuid level	: 13
wp		: yes
flags		: fpu vme de pse tsc msr pae mce cx8 apic sep mtrr pge mca cmov pat pse36 clflush mmx fxsr sse sse2 ss ht syscall nx rdtscp lm constant_tsc nopl xtopology nonstop_tsc pni pclmulqdq ssse3 cx16 pcid sse4_1 sse4_2 x2apic popcnt aes xsave avx hypervisor lahf_lm ida arat
bogomips	: 5400.00
clflush size	: 64
cache_alignment	: 64
address sizes	: 36 bits physical, 48 bits virtual
power management:

processor	: 2
vendor_id	: GenuineIntel
cpu family	: 6
model		: 42
model name	: Intel(R) Core(TM) i7-2620M CPU @ 2.70GHz
stepping	: 7
cpu MHz		: 2700.000
cache size	: 4096 KB
physical id	: 0
siblings	: 4
core id		: 2
cpu cores	: 4
apicid		: 2
initial apicid	: 2
fpu		: yes
fpu_exception	: yes
cpuid level	: 13
wp		: yes
flags		: fpu vme de pse tsc msr pae mce cx8 apic sep mtrr pge mca cmov pat pse36 clflush mmx fxsr sse sse2 ss ht syscall nx rdtscp lm constant_tsc nopl xtopology nonstop_tsc pni pclmulqdq ssse3 cx16 pcid sse4_1 sse4_2 x2apic popcnt aes xsave avx hypervisor lahf_lm ida arat
bogomips	: 5400.00
clflush size	: 64
cache_alignment	: 64
address sizes	: 36 bits physical, 48 bits virtual
power management:

processor	: 3
vendor_id	: GenuineIntel
cpu family	: 6
model		: 42
model name	: Intel(R) Core(TM) i7-2620M CPU @ 2.70GHz
stepping	: 7
cpu MHz		: 2700.000
cache size	: 4096 KB
physical id	: 0
siblings	: 4
core id		: 3
cpu cores	: 4
apicid		: 3
initial apicid	: 3
fpu		: yes
fpu_exception	: yes
cpuid level	: 13
wp		: yes
flags		: fpu vme de pse tsc msr pae mce cx8 apic sep mtrr pge mca cmov pat pse36 clflush mmx fxsr sse sse2 ss ht syscall nx rdtscp lm constant_tsc nopl xtopology nonstop_tsc pni pclmulqdq ssse3 cx16 pcid sse4_1 sse4_2 x2apic popcnt aes xsave avx hypervisor lahf_lm ida arat
bogomips	: 5400.00
clflush size	: 64
cache_alignment	: 64
address sizes	: 36 bits physical, 48 bits virtual
power management:



Memory: 4k page, physical 3012748k(81540k free), swap 1046524k(0k free)

vm_info: Java HotSpot(TM) 64-Bit Server VM (25.60-b23) for linux-amd64 JRE (1.8.0_60-b27), built on Aug  4 2015 12:19:40 by "java_re" with gcc 4.3.0 20080428 (Red Hat 4.3.0-8)

time: Thu Nov 17 13:03:17 2016
elapsed time: 30 seconds (0d 0h 0m 30s)

